<?xml version="1.0" encoding="UTF-8"?>
<robot generator="Robot 6.1.1 (Python 3.12.4 on win32)" generated="20240901 00:24:28.942" rpa="false" schemaversion="4">
<suite id="s1" name="Tests" source="C:\Users\Jacqueline\Documents\projects\RobotFramework\example-todo-mvc\Tests">
<suite id="s1-s1" name="Todo" source="C:\Users\Jacqueline\Documents\projects\RobotFramework\example-todo-mvc\Tests\todo.robot">
<kw name="New Browser" library="Browser" type="SETUP">
<arg>browser=${BROWSER}</arg>
<arg>headless=${HEADLESS}</arg>
<tag>BrowserControl</tag>
<tag>Setter</tag>
<doc>Create a new playwright Browser with specified options.</doc>
<msg timestamp="20240901 00:24:29.676" level="TRACE">Arguments: [ browser=&lt;SupportedBrowsers.chromium: 1&gt; | headless=False ]</msg>
<msg timestamp="20240901 00:24:29.676" level="INFO">{"browser": "chromium", "headless": false, "chromiumSandbox": false, "devtools": false, "handleSIGHUP": true, "handleSIGINT": true, "handleSIGTERM": true, "slowMo": 0.0, "timeout": 30000.0, "tracesDir": "C:\\Users\\Jacqueline\\Documents\\projects\\RobotFramework\\example-todo-mvc\\Output\\browser\\traces\\edec9e6c-da4b-4e50-aa59-ea00ba31b732"}</msg>
<msg timestamp="20240901 00:24:29.843" level="INFO">Successfully created browser with options: {"browser":"chromium","headless":false,"chromiumSandbox":false,"devtools":false,"handleSIGHUP":true,"handleSIGINT":true,"handleSIGTERM":true,"slowMo":0,"timeout":30000,"tracesDir":"C:\\Users\\Jacqueline\\Documents\\projects\\RobotFramework\\example-todo-mvc\\Output\\browser\\traces\\edec9e6c-da4b-4e50-aa59-ea00ba31b732"}</msg>
<msg timestamp="20240901 00:24:29.843" level="TRACE">Return: 'browser=d80d990f-bf59-4db1-b445-899a1f835854'</msg>
<status status="PASS" starttime="20240901 00:24:29.676" endtime="20240901 00:24:29.843"/>
</kw>
<test id="s1-s1-t1" name="Add Two ToDos And Check Items" line="16">
<kw name="New Context" library="Browser" type="SETUP">
<arg>viewport={'width': 1920, 'height': 1080}</arg>
<tag>BrowserControl</tag>
<tag>Setter</tag>
<doc>Create a new BrowserContext with specified options.</doc>
<msg timestamp="20240901 00:24:29.851" level="TRACE">Arguments: [ viewport={'height': 1080, 'width': 1920} ]</msg>
<msg timestamp="20240901 00:24:29.851" level="INFO">{
  "acceptDownloads": true,
  "bypassCSP": false,
  "forcedColors": "none",
  "ignoreHTTPSErrors": false,
  "javaScriptEnabled": true,
  "offline": false,
  "reducedMotion": "no-preference",
  "serviceWorkers": "allow",
  "viewport": {
    "width": 1920,
    "height": 1080
  }
}</msg>
<msg timestamp="20240901 00:24:29.867" level="INFO">Successfully created context. </msg>
<msg timestamp="20240901 00:24:29.867" level="INFO">{'acceptDownloads': True, 'bypassCSP': False, 'forcedColors': 'none', 'ignoreHTTPSErrors': False, 'javaScriptEnabled': True, 'offline': False, 'reducedMotion': 'no-preference', 'serviceWorkers': 'allow', 'viewport': {'width': 1920, 'height': 1080}}</msg>
<msg timestamp="20240901 00:24:29.867" level="TRACE">Return: 'context=d3a2304e-d649-40a7-ac5e-3e0063553d63'</msg>
<status status="PASS" starttime="20240901 00:24:29.851" endtime="20240901 00:24:29.867"/>
</kw>
<kw name="Given ToDo App is open">
<msg timestamp="20240901 00:24:29.867" level="TRACE">Arguments: [  ]</msg>
<kw name="New Page" library="Browser">
<arg>https://todomvc.com/examples/react/dist/</arg>
<tag>BrowserControl</tag>
<tag>Setter</tag>
<doc>Open a new Page.</doc>
<msg timestamp="20240901 00:24:29.867" level="TRACE">Arguments: [ 'https://todomvc.com/examples/react/dist/' ]</msg>
<msg timestamp="20240901 00:24:30.638" level="INFO">Successfully initialized new page object and opened url: https://todomvc.com/examples/react/dist/</msg>
<msg timestamp="20240901 00:24:30.638" level="DEBUG">Video is not enabled.</msg>
<msg timestamp="20240901 00:24:30.638" level="TRACE">Return: {'page_id': 'page=63912799-4a3f-4287-a9fc-3127b7a149f2', 'video_path': ''}</msg>
<status status="PASS" starttime="20240901 00:24:29.867" endtime="20240901 00:24:30.638"/>
</kw>
<msg timestamp="20240901 00:24:30.638" level="TRACE">Return: None</msg>
<status status="PASS" starttime="20240901 00:24:29.867" endtime="20240901 00:24:30.638"/>
</kw>
<kw name="When I Add A New ToDo &quot;Learn Robot Framework&quot;" sourcename="I Add A New ToDo &quot;${todo}&quot;">
<msg timestamp="20240901 00:24:30.638" level="TRACE">Arguments: [ ${todo}='Learn Robot Framework' ]</msg>
<msg timestamp="20240901 00:24:30.638" level="TRACE">Arguments: [ ${todo}='Learn Robot Framework' ]</msg>
<kw name="Fill Text" library="Browser">
<arg>.new-todo</arg>
<arg>${todo}</arg>
<tag>PageContent</tag>
<tag>Setter</tag>
<doc>Clears and fills the given ``txt`` into the text field found by ``selector``.</doc>
<msg timestamp="20240901 00:24:30.638" level="TRACE">Arguments: [ '.new-todo' | 'Learn Robot Framework' ]</msg>
<msg timestamp="20240901 00:24:30.638" level="INFO">Fills the text 'Learn Robot Framework' in the given field.</msg>
<msg timestamp="20240901 00:24:30.669" level="DEBUG">Fill text Learn Robot Framework on .new-todo with force: false</msg>
<msg timestamp="20240901 00:24:30.669" level="TRACE">Return: None</msg>
<status status="PASS" starttime="20240901 00:24:30.638" endtime="20240901 00:24:30.669"/>
</kw>
<kw name="Press Keys" library="Browser">
<arg>.new-todo</arg>
<arg>Enter</arg>
<tag>PageContent</tag>
<tag>Setter</tag>
<doc>Types the given key combination into element found by ``selector``.</doc>
<msg timestamp="20240901 00:24:30.669" level="TRACE">Arguments: [ '.new-todo' | 'Enter' ]</msg>
<msg timestamp="20240901 00:24:30.705" level="DEBUG">Pressed keys: "Enter" on .new-todo </msg>
<msg timestamp="20240901 00:24:30.705" level="TRACE">Return: None</msg>
<status status="PASS" starttime="20240901 00:24:30.669" endtime="20240901 00:24:30.705"/>
</kw>
<msg timestamp="20240901 00:24:30.705" level="TRACE">Return: None</msg>
<status status="PASS" starttime="20240901 00:24:30.638" endtime="20240901 00:24:30.705"/>
</kw>
<kw name="And I Add A New ToDo &quot;Write Test Cases&quot;" sourcename="I Add A New ToDo &quot;${todo}&quot;">
<msg timestamp="20240901 00:24:30.705" level="TRACE">Arguments: [ ${todo}='Write Test Cases' ]</msg>
<msg timestamp="20240901 00:24:30.705" level="TRACE">Arguments: [ ${todo}='Write Test Cases' ]</msg>
<kw name="Fill Text" library="Browser">
<arg>.new-todo</arg>
<arg>${todo}</arg>
<tag>PageContent</tag>
<tag>Setter</tag>
<doc>Clears and fills the given ``txt`` into the text field found by ``selector``.</doc>
<msg timestamp="20240901 00:24:30.705" level="TRACE">Arguments: [ '.new-todo' | 'Write Test Cases' ]</msg>
<msg timestamp="20240901 00:24:30.705" level="INFO">Fills the text 'Write Test Cases' in the given field.</msg>
<msg timestamp="20240901 00:24:30.718" level="DEBUG">Fill text Write Test Cases on .new-todo with force: false</msg>
<msg timestamp="20240901 00:24:30.718" level="TRACE">Return: None</msg>
<status status="PASS" starttime="20240901 00:24:30.705" endtime="20240901 00:24:30.718"/>
</kw>
<kw name="Press Keys" library="Browser">
<arg>.new-todo</arg>
<arg>Enter</arg>
<tag>PageContent</tag>
<tag>Setter</tag>
<doc>Types the given key combination into element found by ``selector``.</doc>
<msg timestamp="20240901 00:24:30.718" level="TRACE">Arguments: [ '.new-todo' | 'Enter' ]</msg>
<msg timestamp="20240901 00:24:30.728" level="DEBUG">Pressed keys: "Enter" on .new-todo </msg>
<msg timestamp="20240901 00:24:30.728" level="TRACE">Return: None</msg>
<status status="PASS" starttime="20240901 00:24:30.718" endtime="20240901 00:24:30.728"/>
</kw>
<msg timestamp="20240901 00:24:30.728" level="TRACE">Return: None</msg>
<status status="PASS" starttime="20240901 00:24:30.705" endtime="20240901 00:24:30.728"/>
</kw>
<kw name="Then Open ToDos Should Show &quot;2 items left!&quot;" sourcename="Open ToDos Should Show &quot;${text}&quot;">
<msg timestamp="20240901 00:24:30.728" level="TRACE">Arguments: [ ${text}='2 items left!' ]</msg>
<msg timestamp="20240901 00:24:30.728" level="TRACE">Arguments: [ ${text}='2 items left!' ]</msg>
<kw name="Get Text" library="Browser">
<arg>span.todo-count</arg>
<arg>==</arg>
<arg>${text}</arg>
<tag>Assertion</tag>
<tag>Getter</tag>
<tag>PageContent</tag>
<doc>Returns text attribute of the element found by ``selector``.</doc>
<msg timestamp="20240901 00:24:30.728" level="TRACE">Arguments: [ 'span.todo-count' | &lt;AssertionOperator.equal: '=='&gt; | '2 items left!' ]</msg>
<msg timestamp="20240901 00:24:30.750" level="DEBUG">Text received successfully.</msg>
<msg timestamp="20240901 00:24:30.750" level="INFO">Text: '2 items left!'</msg>
<msg timestamp="20240901 00:24:30.750" level="DEBUG">Assertion polling statistics:
First element asserted in: 0.022521257400512695 seconds
Total tries: 1
Elapsed time in retries 0.0 seconds</msg>
<msg timestamp="20240901 00:24:30.750" level="TRACE">Return: '2 items left!'</msg>
<status status="PASS" starttime="20240901 00:24:30.728" endtime="20240901 00:24:30.750"/>
</kw>
<msg timestamp="20240901 00:24:30.750" level="TRACE">Return: None</msg>
<status status="PASS" starttime="20240901 00:24:30.728" endtime="20240901 00:24:30.750"/>
</kw>
<kw name="Take Screenshot" library="Browser">
<arg>add-todo.png</arg>
<tag>PageContent</tag>
<doc>Takes a screenshot of the current window or element and saves it to disk.</doc>
<msg timestamp="20240901 00:24:30.751" level="TRACE">Arguments: [ 'add-todo.png' ]</msg>
<msg timestamp="20240901 00:24:30.852" level="DEBUG">Screenshot successfully captured to: C:\Users\Jacqueline\Documents\projects\RobotFramework\example-todo-mvc\Output\browser\screenshot\add-todo.png.png</msg>
<msg timestamp="20240901 00:24:30.852" level="INFO" html="true">&lt;/td&gt;&lt;/tr&gt;&lt;tr&gt;&lt;td colspan="3"&gt;&lt;a href="browser/screenshot/add-todo.png.png" target="_blank"&gt;&lt;img src="browser/screenshot/add-todo.png.png" width="800px"/&gt;&lt;/a&gt;</msg>
<msg timestamp="20240901 00:24:30.852" level="TRACE">Return: 'C:\\Users\\Jacqueline\\Documents\\projects\\RobotFramework\\example-todo-mvc\\Output\\browser\\screenshot\\add-todo.png.png'</msg>
<status status="PASS" starttime="20240901 00:24:30.751" endtime="20240901 00:24:30.852"/>
</kw>
<kw name="Sleep" library="BuiltIn">
<arg>3s</arg>
<doc>Pauses the test executed for the given time.</doc>
<msg timestamp="20240901 00:24:30.852" level="TRACE">Arguments: [ '3s' ]</msg>
<msg timestamp="20240901 00:24:33.852" level="INFO">Slept 3 seconds</msg>
<msg timestamp="20240901 00:24:33.852" level="TRACE">Return: None</msg>
<status status="PASS" starttime="20240901 00:24:30.852" endtime="20240901 00:24:33.852"/>
</kw>
<kw name="Close Context" library="Browser" type="TEARDOWN">
<tag>BrowserControl</tag>
<tag>Setter</tag>
<doc>Closes a Context.</doc>
<msg timestamp="20240901 00:24:33.852" level="TRACE">Arguments: [  ]</msg>
<msg timestamp="20240901 00:24:33.858" level="DEBUG">[
  {
    "type": "chromium",
    "id": "browser=d80d990f-bf59-4db1-b445-899a1f835854",
    "contexts": [
      {
        "type": "context",
        "id": "context=d3a2304e-d649-40a7-ac5e-3e0063553d63",
        "activePage": "page=63912799-4a3f-4287-a9fc-3127b7a149f2",
        "pages": [
          {
            "type": "page",
            "title": "TodoMVC: React",
            "url": "https://todomvc.com/examples/react/dist/",
            "id": "page=63912799-4a3f-4287-a9fc-3127b7a149f2",
            "timestamp": 1725171869.959
          }
        ]
      }
    ],
    "activeContext": "context=d3a2304e-d649-40a7-ac5e-3e0063553d63",
    "activeBrowser": true
  }
]</msg>
<msg timestamp="20240901 00:24:33.858" level="INFO">Switching browser to CURRENT</msg>
<msg timestamp="20240901 00:24:33.858" level="INFO">Returned active browser id. CURRENT</msg>
<msg timestamp="20240901 00:24:33.858" level="INFO">Switching browser to browser=d80d990f-bf59-4db1-b445-899a1f835854</msg>
<msg timestamp="20240901 00:24:33.858" level="INFO">Successfully changed active browser: browser=d80d990f-bf59-4db1-b445-899a1f835854</msg>
<msg timestamp="20240901 00:24:33.858" level="INFO">Switching context to CURRENT in CURRENT</msg>
<msg timestamp="20240901 00:24:33.858" level="INFO">Returned active context id: CURRENT</msg>
<msg timestamp="20240901 00:24:33.858" level="INFO">Switching context to context=d3a2304e-d649-40a7-ac5e-3e0063553d63 in CURRENT</msg>
<msg timestamp="20240901 00:24:33.858" level="DEBUG">[
  {
    "type": "chromium",
    "id": "browser=d80d990f-bf59-4db1-b445-899a1f835854",
    "contexts": [
      {
        "type": "context",
        "id": "context=d3a2304e-d649-40a7-ac5e-3e0063553d63",
        "activePage": "page=63912799-4a3f-4287-a9fc-3127b7a149f2",
        "pages": [
          {
            "type": "page",
            "title": "TodoMVC: React",
            "url": "https://todomvc.com/examples/react/dist/",
            "id": "page=63912799-4a3f-4287-a9fc-3127b7a149f2",
            "timestamp": 1725171869.959
          }
        ]
      }
    ],
    "activeContext": "context=d3a2304e-d649-40a7-ac5e-3e0063553d63",
    "activeBrowser": true
  }
]</msg>
<msg timestamp="20240901 00:24:33.873" level="INFO">Successfully changed active context: context=d3a2304e-d649-40a7-ac5e-3e0063553d63</msg>
<msg timestamp="20240901 00:24:33.900" level="INFO">Successfully closed Context</msg>
<msg timestamp="20240901 00:24:33.900" level="TRACE">Return: None</msg>
<status status="PASS" starttime="20240901 00:24:33.852" endtime="20240901 00:24:33.900"/>
</kw>
<doc>Checks if ToDos can be added and ToDo count increases</doc>
<tag>Add ToDo</tag>
<status status="PASS" starttime="20240901 00:24:29.843" endtime="20240901 00:24:33.900"/>
</test>
<test id="s1-s1-t2" name="Add Two ToDos And Check Wrong Number of Items" line="26">
<kw name="New Context" library="Browser" type="SETUP">
<arg>viewport={'width': 1920, 'height': 1080}</arg>
<tag>BrowserControl</tag>
<tag>Setter</tag>
<doc>Create a new BrowserContext with specified options.</doc>
<msg timestamp="20240901 00:24:33.905" level="TRACE">Arguments: [ viewport={'height': 1080, 'width': 1920} ]</msg>
<msg timestamp="20240901 00:24:33.905" level="INFO">{
  "acceptDownloads": true,
  "bypassCSP": false,
  "forcedColors": "none",
  "ignoreHTTPSErrors": false,
  "javaScriptEnabled": true,
  "offline": false,
  "reducedMotion": "no-preference",
  "serviceWorkers": "allow",
  "viewport": {
    "width": 1920,
    "height": 1080
  }
}</msg>
<msg timestamp="20240901 00:24:33.905" level="INFO">Successfully created context. </msg>
<msg timestamp="20240901 00:24:33.905" level="INFO">{'acceptDownloads': True, 'bypassCSP': False, 'forcedColors': 'none', 'ignoreHTTPSErrors': False, 'javaScriptEnabled': True, 'offline': False, 'reducedMotion': 'no-preference', 'serviceWorkers': 'allow', 'viewport': {'width': 1920, 'height': 1080}}</msg>
<msg timestamp="20240901 00:24:33.905" level="TRACE">Return: 'context=4a4f94a3-91df-4a63-9e5d-611e80e34a54'</msg>
<status status="PASS" starttime="20240901 00:24:33.905" endtime="20240901 00:24:33.905"/>
</kw>
<kw name="Given ToDo App is open">
<msg timestamp="20240901 00:24:33.905" level="TRACE">Arguments: [  ]</msg>
<kw name="New Page" library="Browser">
<arg>https://todomvc.com/examples/react/dist/</arg>
<tag>BrowserControl</tag>
<tag>Setter</tag>
<doc>Open a new Page.</doc>
<msg timestamp="20240901 00:24:33.905" level="TRACE">Arguments: [ 'https://todomvc.com/examples/react/dist/' ]</msg>
<msg timestamp="20240901 00:24:34.411" level="INFO">Successfully initialized new page object and opened url: https://todomvc.com/examples/react/dist/</msg>
<msg timestamp="20240901 00:24:34.412" level="DEBUG">Video is not enabled.</msg>
<msg timestamp="20240901 00:24:34.412" level="TRACE">Return: {'page_id': 'page=1e504f09-3eba-44be-9f23-567c1398cbb7', 'video_path': ''}</msg>
<status status="PASS" starttime="20240901 00:24:33.905" endtime="20240901 00:24:34.412"/>
</kw>
<msg timestamp="20240901 00:24:34.412" level="TRACE">Return: None</msg>
<status status="PASS" starttime="20240901 00:24:33.905" endtime="20240901 00:24:34.412"/>
</kw>
<kw name="When I Add A New ToDo &quot;Learn Robot Framework&quot;" sourcename="I Add A New ToDo &quot;${todo}&quot;">
<msg timestamp="20240901 00:24:34.414" level="TRACE">Arguments: [ ${todo}='Learn Robot Framework' ]</msg>
<msg timestamp="20240901 00:24:34.414" level="TRACE">Arguments: [ ${todo}='Learn Robot Framework' ]</msg>
<kw name="Fill Text" library="Browser">
<arg>.new-todo</arg>
<arg>${todo}</arg>
<tag>PageContent</tag>
<tag>Setter</tag>
<doc>Clears and fills the given ``txt`` into the text field found by ``selector``.</doc>
<msg timestamp="20240901 00:24:34.414" level="TRACE">Arguments: [ '.new-todo' | 'Learn Robot Framework' ]</msg>
<msg timestamp="20240901 00:24:34.414" level="INFO">Fills the text 'Learn Robot Framework' in the given field.</msg>
<msg timestamp="20240901 00:24:34.433" level="DEBUG">Fill text Learn Robot Framework on .new-todo with force: false</msg>
<msg timestamp="20240901 00:24:34.433" level="TRACE">Return: None</msg>
<status status="PASS" starttime="20240901 00:24:34.414" endtime="20240901 00:24:34.440"/>
</kw>
<kw name="Press Keys" library="Browser">
<arg>.new-todo</arg>
<arg>Enter</arg>
<tag>PageContent</tag>
<tag>Setter</tag>
<doc>Types the given key combination into element found by ``selector``.</doc>
<msg timestamp="20240901 00:24:34.440" level="TRACE">Arguments: [ '.new-todo' | 'Enter' ]</msg>
<msg timestamp="20240901 00:24:34.467" level="DEBUG">Pressed keys: "Enter" on .new-todo </msg>
<msg timestamp="20240901 00:24:34.467" level="TRACE">Return: None</msg>
<status status="PASS" starttime="20240901 00:24:34.440" endtime="20240901 00:24:34.467"/>
</kw>
<msg timestamp="20240901 00:24:34.467" level="TRACE">Return: None</msg>
<status status="PASS" starttime="20240901 00:24:34.413" endtime="20240901 00:24:34.467"/>
</kw>
<kw name="And I Add A New ToDo &quot;Write Test Cases&quot;" sourcename="I Add A New ToDo &quot;${todo}&quot;">
<msg timestamp="20240901 00:24:34.467" level="TRACE">Arguments: [ ${todo}='Write Test Cases' ]</msg>
<msg timestamp="20240901 00:24:34.467" level="TRACE">Arguments: [ ${todo}='Write Test Cases' ]</msg>
<kw name="Fill Text" library="Browser">
<arg>.new-todo</arg>
<arg>${todo}</arg>
<tag>PageContent</tag>
<tag>Setter</tag>
<doc>Clears and fills the given ``txt`` into the text field found by ``selector``.</doc>
<msg timestamp="20240901 00:24:34.467" level="TRACE">Arguments: [ '.new-todo' | 'Write Test Cases' ]</msg>
<msg timestamp="20240901 00:24:34.467" level="INFO">Fills the text 'Write Test Cases' in the given field.</msg>
<msg timestamp="20240901 00:24:34.476" level="DEBUG">Fill text Write Test Cases on .new-todo with force: false</msg>
<msg timestamp="20240901 00:24:34.476" level="TRACE">Return: None</msg>
<status status="PASS" starttime="20240901 00:24:34.467" endtime="20240901 00:24:34.476"/>
</kw>
<kw name="Press Keys" library="Browser">
<arg>.new-todo</arg>
<arg>Enter</arg>
<tag>PageContent</tag>
<tag>Setter</tag>
<doc>Types the given key combination into element found by ``selector``.</doc>
<msg timestamp="20240901 00:24:34.476" level="TRACE">Arguments: [ '.new-todo' | 'Enter' ]</msg>
<msg timestamp="20240901 00:24:34.485" level="DEBUG">Pressed keys: "Enter" on .new-todo </msg>
<msg timestamp="20240901 00:24:34.485" level="TRACE">Return: None</msg>
<status status="PASS" starttime="20240901 00:24:34.476" endtime="20240901 00:24:34.485"/>
</kw>
<msg timestamp="20240901 00:24:34.485" level="TRACE">Return: None</msg>
<status status="PASS" starttime="20240901 00:24:34.467" endtime="20240901 00:24:34.485"/>
</kw>
<kw name="Then Open ToDos Should Show &quot;2 items left!&quot;" sourcename="Open ToDos Should Show &quot;${text}&quot;">
<msg timestamp="20240901 00:24:34.485" level="TRACE">Arguments: [ ${text}='2 items left!' ]</msg>
<msg timestamp="20240901 00:24:34.485" level="TRACE">Arguments: [ ${text}='2 items left!' ]</msg>
<kw name="Get Text" library="Browser">
<arg>span.todo-count</arg>
<arg>==</arg>
<arg>${text}</arg>
<tag>Assertion</tag>
<tag>Getter</tag>
<tag>PageContent</tag>
<doc>Returns text attribute of the element found by ``selector``.</doc>
<msg timestamp="20240901 00:24:34.485" level="TRACE">Arguments: [ 'span.todo-count' | &lt;AssertionOperator.equal: '=='&gt; | '2 items left!' ]</msg>
<msg timestamp="20240901 00:24:34.503" level="DEBUG">Text received successfully.</msg>
<msg timestamp="20240901 00:24:34.503" level="INFO">Text: '2 items left!'</msg>
<msg timestamp="20240901 00:24:34.503" level="DEBUG">Assertion polling statistics:
First element asserted in: 0.018550395965576172 seconds
Total tries: 1
Elapsed time in retries 0.0 seconds</msg>
<msg timestamp="20240901 00:24:34.503" level="TRACE">Return: '2 items left!'</msg>
<status status="PASS" starttime="20240901 00:24:34.485" endtime="20240901 00:24:34.503"/>
</kw>
<msg timestamp="20240901 00:24:34.503" level="TRACE">Return: None</msg>
<status status="PASS" starttime="20240901 00:24:34.485" endtime="20240901 00:24:34.504"/>
</kw>
<kw name="Close Context" library="Browser" type="TEARDOWN">
<tag>BrowserControl</tag>
<tag>Setter</tag>
<doc>Closes a Context.</doc>
<msg timestamp="20240901 00:24:34.504" level="TRACE">Arguments: [  ]</msg>
<msg timestamp="20240901 00:24:34.507" level="DEBUG">[
  {
    "type": "chromium",
    "id": "browser=d80d990f-bf59-4db1-b445-899a1f835854",
    "contexts": [
      {
        "type": "context",
        "id": "context=4a4f94a3-91df-4a63-9e5d-611e80e34a54",
        "activePage": "page=1e504f09-3eba-44be-9f23-567c1398cbb7",
        "pages": [
          {
            "type": "page",
            "title": "TodoMVC: React",
            "url": "https://todomvc.com/examples/react/dist/",
            "id": "page=1e504f09-3eba-44be-9f23-567c1398cbb7",
            "timestamp": 1725171873.991
          }
        ]
      }
    ],
    "activeContext": "context=4a4f94a3-91df-4a63-9e5d-611e80e34a54",
    "activeBrowser": true
  }
]</msg>
<msg timestamp="20240901 00:24:34.507" level="INFO">Switching browser to CURRENT</msg>
<msg timestamp="20240901 00:24:34.509" level="INFO">Returned active browser id. CURRENT</msg>
<msg timestamp="20240901 00:24:34.509" level="INFO">Switching browser to browser=d80d990f-bf59-4db1-b445-899a1f835854</msg>
<msg timestamp="20240901 00:24:34.510" level="INFO">Successfully changed active browser: browser=d80d990f-bf59-4db1-b445-899a1f835854</msg>
<msg timestamp="20240901 00:24:34.511" level="INFO">Switching context to CURRENT in CURRENT</msg>
<msg timestamp="20240901 00:24:34.512" level="INFO">Returned active context id: CURRENT</msg>
<msg timestamp="20240901 00:24:34.513" level="INFO">Switching context to context=4a4f94a3-91df-4a63-9e5d-611e80e34a54 in CURRENT</msg>
<msg timestamp="20240901 00:24:34.516" level="DEBUG">[
  {
    "type": "chromium",
    "id": "browser=d80d990f-bf59-4db1-b445-899a1f835854",
    "contexts": [
      {
        "type": "context",
        "id": "context=4a4f94a3-91df-4a63-9e5d-611e80e34a54",
        "activePage": "page=1e504f09-3eba-44be-9f23-567c1398cbb7",
        "pages": [
          {
            "type": "page",
            "title": "TodoMVC: React",
            "url": "https://todomvc.com/examples/react/dist/",
            "id": "page=1e504f09-3eba-44be-9f23-567c1398cbb7",
            "timestamp": 1725171873.991
          }
        ]
      }
    ],
    "activeContext": "context=4a4f94a3-91df-4a63-9e5d-611e80e34a54",
    "activeBrowser": true
  }
]</msg>
<msg timestamp="20240901 00:24:34.516" level="INFO">Successfully changed active context: context=4a4f94a3-91df-4a63-9e5d-611e80e34a54</msg>
<msg timestamp="20240901 00:24:34.540" level="INFO">Successfully closed Context</msg>
<msg timestamp="20240901 00:24:34.540" level="TRACE">Return: None</msg>
<status status="PASS" starttime="20240901 00:24:34.504" endtime="20240901 00:24:34.540"/>
</kw>
<doc>Checks if ToDos can be added and ToDo count increases</doc>
<tag>Add ToDo</tag>
<status status="PASS" starttime="20240901 00:24:33.905" endtime="20240901 00:24:34.540"/>
</test>
<test id="s1-s1-t3" name="Add ToDo And Mark ToDo" line="34">
<kw name="New Context" library="Browser" type="SETUP">
<arg>viewport={'width': 1920, 'height': 1080}</arg>
<tag>BrowserControl</tag>
<tag>Setter</tag>
<doc>Create a new BrowserContext with specified options.</doc>
<msg timestamp="20240901 00:24:34.549" level="TRACE">Arguments: [ viewport={'height': 1080, 'width': 1920} ]</msg>
<msg timestamp="20240901 00:24:34.549" level="INFO">{
  "acceptDownloads": true,
  "bypassCSP": false,
  "forcedColors": "none",
  "ignoreHTTPSErrors": false,
  "javaScriptEnabled": true,
  "offline": false,
  "reducedMotion": "no-preference",
  "serviceWorkers": "allow",
  "viewport": {
    "width": 1920,
    "height": 1080
  }
}</msg>
<msg timestamp="20240901 00:24:34.556" level="INFO">Successfully created context. </msg>
<msg timestamp="20240901 00:24:34.556" level="INFO">{'acceptDownloads': True, 'bypassCSP': False, 'forcedColors': 'none', 'ignoreHTTPSErrors': False, 'javaScriptEnabled': True, 'offline': False, 'reducedMotion': 'no-preference', 'serviceWorkers': 'allow', 'viewport': {'width': 1920, 'height': 1080}}</msg>
<msg timestamp="20240901 00:24:34.556" level="TRACE">Return: 'context=8567b7e4-2c2b-4c5d-91ba-d4400f525fa9'</msg>
<status status="PASS" starttime="20240901 00:24:34.548" endtime="20240901 00:24:34.556"/>
</kw>
<kw name="Given ToDo App is open">
<msg timestamp="20240901 00:24:34.557" level="TRACE">Arguments: [  ]</msg>
<kw name="New Page" library="Browser">
<arg>https://todomvc.com/examples/react/dist/</arg>
<tag>BrowserControl</tag>
<tag>Setter</tag>
<doc>Open a new Page.</doc>
<msg timestamp="20240901 00:24:34.557" level="TRACE">Arguments: [ 'https://todomvc.com/examples/react/dist/' ]</msg>
<msg timestamp="20240901 00:24:35.062" level="INFO">Successfully initialized new page object and opened url: https://todomvc.com/examples/react/dist/</msg>
<msg timestamp="20240901 00:24:35.062" level="DEBUG">Video is not enabled.</msg>
<msg timestamp="20240901 00:24:35.062" level="TRACE">Return: {'page_id': 'page=39b21ec7-8bdf-4120-ad71-b2ac7c7d0850', 'video_path': ''}</msg>
<status status="PASS" starttime="20240901 00:24:34.557" endtime="20240901 00:24:35.062"/>
</kw>
<msg timestamp="20240901 00:24:35.062" level="TRACE">Return: None</msg>
<status status="PASS" starttime="20240901 00:24:34.557" endtime="20240901 00:24:35.062"/>
</kw>
<kw name="When I Add A New ToDo &quot;Learn Robot Framework&quot;" sourcename="I Add A New ToDo &quot;${todo}&quot;">
<msg timestamp="20240901 00:24:35.065" level="TRACE">Arguments: [ ${todo}='Learn Robot Framework' ]</msg>
<msg timestamp="20240901 00:24:35.065" level="TRACE">Arguments: [ ${todo}='Learn Robot Framework' ]</msg>
<kw name="Fill Text" library="Browser">
<arg>.new-todo</arg>
<arg>${todo}</arg>
<tag>PageContent</tag>
<tag>Setter</tag>
<doc>Clears and fills the given ``txt`` into the text field found by ``selector``.</doc>
<msg timestamp="20240901 00:24:35.065" level="TRACE">Arguments: [ '.new-todo' | 'Learn Robot Framework' ]</msg>
<msg timestamp="20240901 00:24:35.065" level="INFO">Fills the text 'Learn Robot Framework' in the given field.</msg>
<msg timestamp="20240901 00:24:35.090" level="DEBUG">Fill text Learn Robot Framework on .new-todo with force: false</msg>
<msg timestamp="20240901 00:24:35.090" level="TRACE">Return: None</msg>
<status status="PASS" starttime="20240901 00:24:35.065" endtime="20240901 00:24:35.090"/>
</kw>
<kw name="Press Keys" library="Browser">
<arg>.new-todo</arg>
<arg>Enter</arg>
<tag>PageContent</tag>
<tag>Setter</tag>
<doc>Types the given key combination into element found by ``selector``.</doc>
<msg timestamp="20240901 00:24:35.090" level="TRACE">Arguments: [ '.new-todo' | 'Enter' ]</msg>
<msg timestamp="20240901 00:24:35.116" level="DEBUG">Pressed keys: "Enter" on .new-todo </msg>
<msg timestamp="20240901 00:24:35.116" level="TRACE">Return: None</msg>
<status status="PASS" starttime="20240901 00:24:35.090" endtime="20240901 00:24:35.116"/>
</kw>
<msg timestamp="20240901 00:24:35.116" level="TRACE">Return: None</msg>
<status status="PASS" starttime="20240901 00:24:35.065" endtime="20240901 00:24:35.116"/>
</kw>
<kw name="And I Mark ToDo &quot;Learn Robot Framework&quot;" sourcename="I Mark ToDo &quot;${todo}&quot;">
<msg timestamp="20240901 00:24:35.116" level="TRACE">Arguments: [ ${todo}='Learn Robot Framework' ]</msg>
<msg timestamp="20240901 00:24:35.116" level="TRACE">Arguments: [ ${todo}='Learn Robot Framework' ]</msg>
<kw name="Click" library="Browser">
<arg>"${todo}" &gt;&gt; .. &gt;&gt; input.toggle</arg>
<tag>PageContent</tag>
<tag>Setter</tag>
<doc>Simulates mouse click on the element found by ``selector``.</doc>
<msg timestamp="20240901 00:24:35.116" level="TRACE">Arguments: [ '"Learn Robot Framework" &gt;&gt; .. &gt;&gt; input.toggle' ]</msg>
<msg timestamp="20240901 00:24:35.116" level="INFO">Clicks the element '"Learn Robot Framework" &gt;&gt; .. &gt;&gt; input.toggle'.</msg>
<msg timestamp="20240901 00:24:35.116" level="DEBUG">Click options are: {"button": "left", "clickCount": 1, "force": false, "noWaitAfter": false, "trial": false}</msg>
<msg timestamp="20240901 00:24:35.139" level="DEBUG">Clicked element: '"Learn Robot Framework" &gt;&gt; .. &gt;&gt; input.toggle' with options: '{"button": "left", "clickCount": 1, "force": false, "noWaitAfter": false, "trial": false}' successfully.</msg>
<msg timestamp="20240901 00:24:35.139" level="TRACE">Return: None</msg>
<status status="PASS" starttime="20240901 00:24:35.116" endtime="20240901 00:24:35.139"/>
</kw>
<msg timestamp="20240901 00:24:35.139" level="TRACE">Return: None</msg>
<status status="PASS" starttime="20240901 00:24:35.116" endtime="20240901 00:24:35.139"/>
</kw>
<kw name="Then Open ToDos Should Show &quot;0 items left!&quot;" sourcename="Open ToDos Should Show &quot;${text}&quot;">
<msg timestamp="20240901 00:24:35.141" level="TRACE">Arguments: [ ${text}='0 items left!' ]</msg>
<msg timestamp="20240901 00:24:35.141" level="TRACE">Arguments: [ ${text}='0 items left!' ]</msg>
<kw name="Get Text" library="Browser">
<arg>span.todo-count</arg>
<arg>==</arg>
<arg>${text}</arg>
<tag>Assertion</tag>
<tag>Getter</tag>
<tag>PageContent</tag>
<doc>Returns text attribute of the element found by ``selector``.</doc>
<msg timestamp="20240901 00:24:35.141" level="TRACE">Arguments: [ 'span.todo-count' | &lt;AssertionOperator.equal: '=='&gt; | '0 items left!' ]</msg>
<msg timestamp="20240901 00:24:35.148" level="DEBUG">Text received successfully.</msg>
<msg timestamp="20240901 00:24:35.148" level="INFO">Text: '0 items left!'</msg>
<msg timestamp="20240901 00:24:35.148" level="DEBUG">Assertion polling statistics:
First element asserted in: 0.0061435699462890625 seconds
Total tries: 1
Elapsed time in retries 0.0 seconds</msg>
<msg timestamp="20240901 00:24:35.148" level="TRACE">Return: '0 items left!'</msg>
<status status="PASS" starttime="20240901 00:24:35.141" endtime="20240901 00:24:35.148"/>
</kw>
<msg timestamp="20240901 00:24:35.148" level="TRACE">Return: None</msg>
<status status="PASS" starttime="20240901 00:24:35.139" endtime="20240901 00:24:35.148"/>
</kw>
<kw name="Take Screenshot" library="Browser">
<arg>mark-todo.png</arg>
<tag>PageContent</tag>
<doc>Takes a screenshot of the current window or element and saves it to disk.</doc>
<msg timestamp="20240901 00:24:35.148" level="TRACE">Arguments: [ 'mark-todo.png' ]</msg>
<msg timestamp="20240901 00:24:35.240" level="DEBUG">Screenshot successfully captured to: C:\Users\Jacqueline\Documents\projects\RobotFramework\example-todo-mvc\Output\browser\screenshot\mark-todo.png.png</msg>
<msg timestamp="20240901 00:24:35.240" level="INFO" html="true">&lt;/td&gt;&lt;/tr&gt;&lt;tr&gt;&lt;td colspan="3"&gt;&lt;a href="browser/screenshot/mark-todo.png.png" target="_blank"&gt;&lt;img src="browser/screenshot/mark-todo.png.png" width="800px"/&gt;&lt;/a&gt;</msg>
<msg timestamp="20240901 00:24:35.240" level="TRACE">Return: 'C:\\Users\\Jacqueline\\Documents\\projects\\RobotFramework\\example-todo-mvc\\Output\\browser\\screenshot\\mark-todo.png.png'</msg>
<status status="PASS" starttime="20240901 00:24:35.148" endtime="20240901 00:24:35.240"/>
</kw>
<kw name="Close Context" library="Browser" type="TEARDOWN">
<tag>BrowserControl</tag>
<tag>Setter</tag>
<doc>Closes a Context.</doc>
<msg timestamp="20240901 00:24:35.256" level="TRACE">Arguments: [  ]</msg>
<msg timestamp="20240901 00:24:35.259" level="DEBUG">[
  {
    "type": "chromium",
    "id": "browser=d80d990f-bf59-4db1-b445-899a1f835854",
    "contexts": [
      {
        "type": "context",
        "id": "context=8567b7e4-2c2b-4c5d-91ba-d4400f525fa9",
        "activePage": "page=39b21ec7-8bdf-4120-ad71-b2ac7c7d0850",
        "pages": [
          {
            "type": "page",
            "title": "TodoMVC: React",
            "url": "https://todomvc.com/examples/react/dist/",
            "id": "page=39b21ec7-8bdf-4120-ad71-b2ac7c7d0850",
            "timestamp": 1725171874.631
          }
        ]
      }
    ],
    "activeContext": "context=8567b7e4-2c2b-4c5d-91ba-d4400f525fa9",
    "activeBrowser": true
  }
]</msg>
<msg timestamp="20240901 00:24:35.259" level="INFO">Switching browser to CURRENT</msg>
<msg timestamp="20240901 00:24:35.261" level="INFO">Returned active browser id. CURRENT</msg>
<msg timestamp="20240901 00:24:35.261" level="INFO">Switching browser to browser=d80d990f-bf59-4db1-b445-899a1f835854</msg>
<msg timestamp="20240901 00:24:35.261" level="INFO">Successfully changed active browser: browser=d80d990f-bf59-4db1-b445-899a1f835854</msg>
<msg timestamp="20240901 00:24:35.261" level="INFO">Switching context to CURRENT in CURRENT</msg>
<msg timestamp="20240901 00:24:35.261" level="INFO">Returned active context id: CURRENT</msg>
<msg timestamp="20240901 00:24:35.261" level="INFO">Switching context to context=8567b7e4-2c2b-4c5d-91ba-d4400f525fa9 in CURRENT</msg>
<msg timestamp="20240901 00:24:35.267" level="DEBUG">[
  {
    "type": "chromium",
    "id": "browser=d80d990f-bf59-4db1-b445-899a1f835854",
    "contexts": [
      {
        "type": "context",
        "id": "context=8567b7e4-2c2b-4c5d-91ba-d4400f525fa9",
        "activePage": "page=39b21ec7-8bdf-4120-ad71-b2ac7c7d0850",
        "pages": [
          {
            "type": "page",
            "title": "TodoMVC: React",
            "url": "https://todomvc.com/examples/react/dist/",
            "id": "page=39b21ec7-8bdf-4120-ad71-b2ac7c7d0850",
            "timestamp": 1725171874.631
          }
        ]
      }
    ],
    "activeContext": "context=8567b7e4-2c2b-4c5d-91ba-d4400f525fa9",
    "activeBrowser": true
  }
]</msg>
<msg timestamp="20240901 00:24:35.267" level="INFO">Successfully changed active context: context=8567b7e4-2c2b-4c5d-91ba-d4400f525fa9</msg>
<msg timestamp="20240901 00:24:35.286" level="INFO">Successfully closed Context</msg>
<msg timestamp="20240901 00:24:35.286" level="TRACE">Return: None</msg>
<status status="PASS" starttime="20240901 00:24:35.256" endtime="20240901 00:24:35.286"/>
</kw>
<tag>Mark ToDo</tag>
<status status="PASS" starttime="20240901 00:24:34.545" endtime="20240901 00:24:35.286"/>
</test>
<test id="s1-s1-t4" name="Check If Marked ToDos Are Removed" line="43">
<kw name="New Context" library="Browser" type="SETUP">
<arg>viewport={'width': 1920, 'height': 1080}</arg>
<tag>BrowserControl</tag>
<tag>Setter</tag>
<doc>Create a new BrowserContext with specified options.</doc>
<msg timestamp="20240901 00:24:35.286" level="TRACE">Arguments: [ viewport={'height': 1080, 'width': 1920} ]</msg>
<msg timestamp="20240901 00:24:35.286" level="INFO">{
  "acceptDownloads": true,
  "bypassCSP": false,
  "forcedColors": "none",
  "ignoreHTTPSErrors": false,
  "javaScriptEnabled": true,
  "offline": false,
  "reducedMotion": "no-preference",
  "serviceWorkers": "allow",
  "viewport": {
    "width": 1920,
    "height": 1080
  }
}</msg>
<msg timestamp="20240901 00:24:35.302" level="INFO">Successfully created context. </msg>
<msg timestamp="20240901 00:24:35.302" level="INFO">{'acceptDownloads': True, 'bypassCSP': False, 'forcedColors': 'none', 'ignoreHTTPSErrors': False, 'javaScriptEnabled': True, 'offline': False, 'reducedMotion': 'no-preference', 'serviceWorkers': 'allow', 'viewport': {'width': 1920, 'height': 1080}}</msg>
<msg timestamp="20240901 00:24:35.302" level="TRACE">Return: 'context=3b72a871-cedc-4714-8120-39f5b54fd031'</msg>
<status status="PASS" starttime="20240901 00:24:35.286" endtime="20240901 00:24:35.302"/>
</kw>
<kw name="Given ToDo App is open">
<msg timestamp="20240901 00:24:35.302" level="TRACE">Arguments: [  ]</msg>
<kw name="New Page" library="Browser">
<arg>https://todomvc.com/examples/react/dist/</arg>
<tag>BrowserControl</tag>
<tag>Setter</tag>
<doc>Open a new Page.</doc>
<msg timestamp="20240901 00:24:35.302" level="TRACE">Arguments: [ 'https://todomvc.com/examples/react/dist/' ]</msg>
<msg timestamp="20240901 00:24:35.819" level="INFO">Successfully initialized new page object and opened url: https://todomvc.com/examples/react/dist/</msg>
<msg timestamp="20240901 00:24:35.819" level="DEBUG">Video is not enabled.</msg>
<msg timestamp="20240901 00:24:35.819" level="TRACE">Return: {'page_id': 'page=45082fa1-2a36-44bb-b0eb-3d1740429fca', 'video_path': ''}</msg>
<status status="PASS" starttime="20240901 00:24:35.302" endtime="20240901 00:24:35.819"/>
</kw>
<msg timestamp="20240901 00:24:35.819" level="TRACE">Return: None</msg>
<status status="PASS" starttime="20240901 00:24:35.302" endtime="20240901 00:24:35.819"/>
</kw>
<kw name="And I Added Two ToDos">
<msg timestamp="20240901 00:24:35.822" level="TRACE">Arguments: [  ]</msg>
<kw name="I Add A New ToDo &quot;Learn Robot Framework&quot;" sourcename="I Add A New ToDo &quot;${todo}&quot;">
<msg timestamp="20240901 00:24:35.823" level="TRACE">Arguments: [ ${todo}='Learn Robot Framework' ]</msg>
<msg timestamp="20240901 00:24:35.823" level="TRACE">Arguments: [ ${todo}='Learn Robot Framework' ]</msg>
<kw name="Fill Text" library="Browser">
<arg>.new-todo</arg>
<arg>${todo}</arg>
<tag>PageContent</tag>
<tag>Setter</tag>
<doc>Clears and fills the given ``txt`` into the text field found by ``selector``.</doc>
<msg timestamp="20240901 00:24:35.823" level="TRACE">Arguments: [ '.new-todo' | 'Learn Robot Framework' ]</msg>
<msg timestamp="20240901 00:24:35.823" level="INFO">Fills the text 'Learn Robot Framework' in the given field.</msg>
<msg timestamp="20240901 00:24:35.849" level="DEBUG">Fill text Learn Robot Framework on .new-todo with force: false</msg>
<msg timestamp="20240901 00:24:35.849" level="TRACE">Return: None</msg>
<status status="PASS" starttime="20240901 00:24:35.823" endtime="20240901 00:24:35.849"/>
</kw>
<kw name="Press Keys" library="Browser">
<arg>.new-todo</arg>
<arg>Enter</arg>
<tag>PageContent</tag>
<tag>Setter</tag>
<doc>Types the given key combination into element found by ``selector``.</doc>
<msg timestamp="20240901 00:24:35.849" level="TRACE">Arguments: [ '.new-todo' | 'Enter' ]</msg>
<msg timestamp="20240901 00:24:35.878" level="DEBUG">Pressed keys: "Enter" on .new-todo </msg>
<msg timestamp="20240901 00:24:35.878" level="TRACE">Return: None</msg>
<status status="PASS" starttime="20240901 00:24:35.849" endtime="20240901 00:24:35.878"/>
</kw>
<msg timestamp="20240901 00:24:35.878" level="TRACE">Return: None</msg>
<status status="PASS" starttime="20240901 00:24:35.823" endtime="20240901 00:24:35.878"/>
</kw>
<kw name="I Add A New ToDo &quot;Write Test Cases&quot;" sourcename="I Add A New ToDo &quot;${todo}&quot;">
<msg timestamp="20240901 00:24:35.878" level="TRACE">Arguments: [ ${todo}='Write Test Cases' ]</msg>
<msg timestamp="20240901 00:24:35.878" level="TRACE">Arguments: [ ${todo}='Write Test Cases' ]</msg>
<kw name="Fill Text" library="Browser">
<arg>.new-todo</arg>
<arg>${todo}</arg>
<tag>PageContent</tag>
<tag>Setter</tag>
<doc>Clears and fills the given ``txt`` into the text field found by ``selector``.</doc>
<msg timestamp="20240901 00:24:35.878" level="TRACE">Arguments: [ '.new-todo' | 'Write Test Cases' ]</msg>
<msg timestamp="20240901 00:24:35.879" level="INFO">Fills the text 'Write Test Cases' in the given field.</msg>
<msg timestamp="20240901 00:24:35.885" level="DEBUG">Fill text Write Test Cases on .new-todo with force: false</msg>
<msg timestamp="20240901 00:24:35.885" level="TRACE">Return: None</msg>
<status status="PASS" starttime="20240901 00:24:35.878" endtime="20240901 00:24:35.885"/>
</kw>
<kw name="Press Keys" library="Browser">
<arg>.new-todo</arg>
<arg>Enter</arg>
<tag>PageContent</tag>
<tag>Setter</tag>
<doc>Types the given key combination into element found by ``selector``.</doc>
<msg timestamp="20240901 00:24:35.885" level="TRACE">Arguments: [ '.new-todo' | 'Enter' ]</msg>
<msg timestamp="20240901 00:24:35.892" level="DEBUG">Pressed keys: "Enter" on .new-todo </msg>
<msg timestamp="20240901 00:24:35.892" level="TRACE">Return: None</msg>
<status status="PASS" starttime="20240901 00:24:35.885" endtime="20240901 00:24:35.892"/>
</kw>
<msg timestamp="20240901 00:24:35.892" level="TRACE">Return: None</msg>
<status status="PASS" starttime="20240901 00:24:35.878" endtime="20240901 00:24:35.892"/>
</kw>
<msg timestamp="20240901 00:24:35.892" level="TRACE">Return: None</msg>
<status status="PASS" starttime="20240901 00:24:35.822" endtime="20240901 00:24:35.892"/>
</kw>
<kw name="When I Mark One ToDo">
<msg timestamp="20240901 00:24:35.892" level="TRACE">Arguments: [  ]</msg>
<kw name="Click" library="Browser">
<arg>li:first-child &gt;&gt; input.toggle</arg>
<tag>PageContent</tag>
<tag>Setter</tag>
<doc>Simulates mouse click on the element found by ``selector``.</doc>
<msg timestamp="20240901 00:24:35.892" level="TRACE">Arguments: [ 'li:first-child &gt;&gt; input.toggle' ]</msg>
<msg timestamp="20240901 00:24:35.892" level="INFO">Clicks the element 'li:first-child &gt;&gt; input.toggle'.</msg>
<msg timestamp="20240901 00:24:35.898" level="DEBUG">Click options are: {"button": "left", "clickCount": 1, "force": false, "noWaitAfter": false, "trial": false}</msg>
<msg timestamp="20240901 00:24:35.922" level="DEBUG">Clicked element: 'li:first-child &gt;&gt; input.toggle' with options: '{"button": "left", "clickCount": 1, "force": false, "noWaitAfter": false, "trial": false}' successfully.</msg>
<msg timestamp="20240901 00:24:35.922" level="TRACE">Return: None</msg>
<status status="PASS" starttime="20240901 00:24:35.892" endtime="20240901 00:24:35.922"/>
</kw>
<msg timestamp="20240901 00:24:35.922" level="TRACE">Return: None</msg>
<status status="PASS" starttime="20240901 00:24:35.892" endtime="20240901 00:24:35.922"/>
</kw>
<kw name="Then Open ToDos Should Show &quot;1 item left!&quot;" sourcename="Open ToDos Should Show &quot;${text}&quot;">
<msg timestamp="20240901 00:24:35.922" level="TRACE">Arguments: [ ${text}='1 item left!' ]</msg>
<msg timestamp="20240901 00:24:35.922" level="TRACE">Arguments: [ ${text}='1 item left!' ]</msg>
<kw name="Get Text" library="Browser">
<arg>span.todo-count</arg>
<arg>==</arg>
<arg>${text}</arg>
<tag>Assertion</tag>
<tag>Getter</tag>
<tag>PageContent</tag>
<doc>Returns text attribute of the element found by ``selector``.</doc>
<msg timestamp="20240901 00:24:35.926" level="TRACE">Arguments: [ 'span.todo-count' | &lt;AssertionOperator.equal: '=='&gt; | '1 item left!' ]</msg>
<msg timestamp="20240901 00:24:35.940" level="DEBUG">Text received successfully.</msg>
<msg timestamp="20240901 00:24:35.940" level="INFO">Text: '1 item left!'</msg>
<msg timestamp="20240901 00:24:35.940" level="DEBUG">Assertion polling statistics:
First element asserted in: 0.014548301696777344 seconds
Total tries: 1
Elapsed time in retries 0.0 seconds</msg>
<msg timestamp="20240901 00:24:35.940" level="TRACE">Return: '1 item left!'</msg>
<status status="PASS" starttime="20240901 00:24:35.922" endtime="20240901 00:24:35.940"/>
</kw>
<msg timestamp="20240901 00:24:35.940" level="TRACE">Return: None</msg>
<status status="PASS" starttime="20240901 00:24:35.922" endtime="20240901 00:24:35.940"/>
</kw>
<kw name="Take Screenshot" library="Browser">
<arg>removed-todo.png</arg>
<tag>PageContent</tag>
<doc>Takes a screenshot of the current window or element and saves it to disk.</doc>
<msg timestamp="20240901 00:24:35.940" level="TRACE">Arguments: [ 'removed-todo.png' ]</msg>
<msg timestamp="20240901 00:24:36.052" level="DEBUG">Screenshot successfully captured to: C:\Users\Jacqueline\Documents\projects\RobotFramework\example-todo-mvc\Output\browser\screenshot\removed-todo.png.png</msg>
<msg timestamp="20240901 00:24:36.052" level="INFO" html="true">&lt;/td&gt;&lt;/tr&gt;&lt;tr&gt;&lt;td colspan="3"&gt;&lt;a href="browser/screenshot/removed-todo.png.png" target="_blank"&gt;&lt;img src="browser/screenshot/removed-todo.png.png" width="800px"/&gt;&lt;/a&gt;</msg>
<msg timestamp="20240901 00:24:36.052" level="TRACE">Return: 'C:\\Users\\Jacqueline\\Documents\\projects\\RobotFramework\\example-todo-mvc\\Output\\browser\\screenshot\\removed-todo.png.png'</msg>
<status status="PASS" starttime="20240901 00:24:35.940" endtime="20240901 00:24:36.052"/>
</kw>
<kw name="Close Context" library="Browser" type="TEARDOWN">
<tag>BrowserControl</tag>
<tag>Setter</tag>
<doc>Closes a Context.</doc>
<msg timestamp="20240901 00:24:36.052" level="TRACE">Arguments: [  ]</msg>
<msg timestamp="20240901 00:24:36.058" level="DEBUG">[
  {
    "type": "chromium",
    "id": "browser=d80d990f-bf59-4db1-b445-899a1f835854",
    "contexts": [
      {
        "type": "context",
        "id": "context=3b72a871-cedc-4714-8120-39f5b54fd031",
        "activePage": "page=45082fa1-2a36-44bb-b0eb-3d1740429fca",
        "pages": [
          {
            "type": "page",
            "title": "TodoMVC: React",
            "url": "https://todomvc.com/examples/react/dist/",
            "id": "page=45082fa1-2a36-44bb-b0eb-3d1740429fca",
            "timestamp": 1725171875.382
          }
        ]
      }
    ],
    "activeContext": "context=3b72a871-cedc-4714-8120-39f5b54fd031",
    "activeBrowser": true
  }
]</msg>
<msg timestamp="20240901 00:24:36.058" level="INFO">Switching browser to CURRENT</msg>
<msg timestamp="20240901 00:24:36.061" level="INFO">Returned active browser id. CURRENT</msg>
<msg timestamp="20240901 00:24:36.061" level="INFO">Switching browser to browser=d80d990f-bf59-4db1-b445-899a1f835854</msg>
<msg timestamp="20240901 00:24:36.061" level="INFO">Successfully changed active browser: browser=d80d990f-bf59-4db1-b445-899a1f835854</msg>
<msg timestamp="20240901 00:24:36.061" level="INFO">Switching context to CURRENT in CURRENT</msg>
<msg timestamp="20240901 00:24:36.065" level="INFO">Returned active context id: CURRENT</msg>
<msg timestamp="20240901 00:24:36.066" level="INFO">Switching context to context=3b72a871-cedc-4714-8120-39f5b54fd031 in CURRENT</msg>
<msg timestamp="20240901 00:24:36.066" level="DEBUG">[
  {
    "type": "chromium",
    "id": "browser=d80d990f-bf59-4db1-b445-899a1f835854",
    "contexts": [
      {
        "type": "context",
        "id": "context=3b72a871-cedc-4714-8120-39f5b54fd031",
        "activePage": "page=45082fa1-2a36-44bb-b0eb-3d1740429fca",
        "pages": [
          {
            "type": "page",
            "title": "TodoMVC: React",
            "url": "https://todomvc.com/examples/react/dist/",
            "id": "page=45082fa1-2a36-44bb-b0eb-3d1740429fca",
            "timestamp": 1725171875.382
          }
        ]
      }
    ],
    "activeContext": "context=3b72a871-cedc-4714-8120-39f5b54fd031",
    "activeBrowser": true
  }
]</msg>
<msg timestamp="20240901 00:24:36.066" level="INFO">Successfully changed active context: context=3b72a871-cedc-4714-8120-39f5b54fd031</msg>
<msg timestamp="20240901 00:24:36.076" level="INFO">Successfully closed Context</msg>
<msg timestamp="20240901 00:24:36.076" level="TRACE">Return: None</msg>
<status status="PASS" starttime="20240901 00:24:36.052" endtime="20240901 00:24:36.076"/>
</kw>
<tag>Remove ToDo</tag>
<status status="PASS" starttime="20240901 00:24:35.286" endtime="20240901 00:24:36.076"/>
</test>
<test id="s1-s1-t5" name="Split ToDos" line="51">
<kw name="New Context" library="Browser" type="SETUP">
<arg>viewport={'width': 1920, 'height': 1080}</arg>
<tag>BrowserControl</tag>
<tag>Setter</tag>
<doc>Create a new BrowserContext with specified options.</doc>
<msg timestamp="20240901 00:24:36.092" level="TRACE">Arguments: [ viewport={'height': 1080, 'width': 1920} ]</msg>
<msg timestamp="20240901 00:24:36.092" level="INFO">{
  "acceptDownloads": true,
  "bypassCSP": false,
  "forcedColors": "none",
  "ignoreHTTPSErrors": false,
  "javaScriptEnabled": true,
  "offline": false,
  "reducedMotion": "no-preference",
  "serviceWorkers": "allow",
  "viewport": {
    "width": 1920,
    "height": 1080
  }
}</msg>
<msg timestamp="20240901 00:24:36.092" level="INFO">Successfully created context. </msg>
<msg timestamp="20240901 00:24:36.092" level="INFO">{'acceptDownloads': True, 'bypassCSP': False, 'forcedColors': 'none', 'ignoreHTTPSErrors': False, 'javaScriptEnabled': True, 'offline': False, 'reducedMotion': 'no-preference', 'serviceWorkers': 'allow', 'viewport': {'width': 1920, 'height': 1080}}</msg>
<msg timestamp="20240901 00:24:36.092" level="TRACE">Return: 'context=7a7e6636-5b7b-4e7c-8830-adff3c196a12'</msg>
<status status="PASS" starttime="20240901 00:24:36.092" endtime="20240901 00:24:36.092"/>
</kw>
<kw name="Given ToDo App is open">
<msg timestamp="20240901 00:24:36.092" level="TRACE">Arguments: [  ]</msg>
<kw name="New Page" library="Browser">
<arg>https://todomvc.com/examples/react/dist/</arg>
<tag>BrowserControl</tag>
<tag>Setter</tag>
<doc>Open a new Page.</doc>
<msg timestamp="20240901 00:24:36.092" level="TRACE">Arguments: [ 'https://todomvc.com/examples/react/dist/' ]</msg>
<msg timestamp="20240901 00:24:36.767" level="INFO">Successfully initialized new page object and opened url: https://todomvc.com/examples/react/dist/</msg>
<msg timestamp="20240901 00:24:36.767" level="DEBUG">Video is not enabled.</msg>
<msg timestamp="20240901 00:24:36.767" level="TRACE">Return: {'page_id': 'page=603d77dc-a2bd-4cd3-94de-52e43a9aefa0', 'video_path': ''}</msg>
<status status="PASS" starttime="20240901 00:24:36.092" endtime="20240901 00:24:36.767"/>
</kw>
<msg timestamp="20240901 00:24:36.767" level="TRACE">Return: None</msg>
<status status="PASS" starttime="20240901 00:24:36.092" endtime="20240901 00:24:36.767"/>
</kw>
<kw name="When I Add New ToDos &quot;Learn Robot Framework&amp;Write Test Cases&amp;Sleep&quot;" sourcename="I Add New ToDos &quot;${todo}&quot;">
<msg timestamp="20240901 00:24:36.768" level="TRACE">Arguments: [ ${todo}='Learn Robot Framework&amp;Write Test Cases&amp;Sleep' ]</msg>
<msg timestamp="20240901 00:24:36.768" level="TRACE">Arguments: [ ${todo}='Learn Robot Framework&amp;Write Test Cases&amp;Sleep' ]</msg>
<if>
<branch type="IF" condition="&quot;&amp;&quot; in $todo">
<kw name="Split String" library="String">
<var>@{todos}</var>
<arg>${todo}</arg>
<arg>separator=&amp;</arg>
<doc>Splits the ``string`` using ``separator`` as a delimiter string.</doc>
<msg timestamp="20240901 00:24:36.768" level="TRACE">Arguments: [ 'Learn Robot Framework&amp;Write Test Cases&amp;Sleep' | separator='&amp;' ]</msg>
<msg timestamp="20240901 00:24:36.768" level="TRACE">Return: ['Learn Robot Framework', 'Write Test Cases', 'Sleep']</msg>
<msg timestamp="20240901 00:24:36.768" level="INFO">@{todos} = [ Learn Robot Framework | Write Test Cases | Sleep ]</msg>
<status status="PASS" starttime="20240901 00:24:36.768" endtime="20240901 00:24:36.768"/>
</kw>
<for flavor="IN">
<var>${item}</var>
<value>@{todos}</value>
<iter>
<var name="${item}">Learn Robot Framework</var>
<kw name="Fill Text" library="Browser">
<arg>.new-todo</arg>
<arg>${item}</arg>
<tag>PageContent</tag>
<tag>Setter</tag>
<doc>Clears and fills the given ``txt`` into the text field found by ``selector``.</doc>
<msg timestamp="20240901 00:24:36.768" level="TRACE">Arguments: [ '.new-todo' | 'Learn Robot Framework' ]</msg>
<msg timestamp="20240901 00:24:36.768" level="INFO">Fills the text 'Learn Robot Framework' in the given field.</msg>
<msg timestamp="20240901 00:24:36.788" level="DEBUG">Fill text Learn Robot Framework on .new-todo with force: false</msg>
<msg timestamp="20240901 00:24:36.788" level="TRACE">Return: None</msg>
<status status="PASS" starttime="20240901 00:24:36.768" endtime="20240901 00:24:36.788"/>
</kw>
<kw name="Press Keys" library="Browser">
<arg>.new-todo</arg>
<arg>Enter</arg>
<tag>PageContent</tag>
<tag>Setter</tag>
<doc>Types the given key combination into element found by ``selector``.</doc>
<msg timestamp="20240901 00:24:36.794" level="TRACE">Arguments: [ '.new-todo' | 'Enter' ]</msg>
<msg timestamp="20240901 00:24:36.822" level="DEBUG">Pressed keys: "Enter" on .new-todo </msg>
<msg timestamp="20240901 00:24:36.822" level="TRACE">Return: None</msg>
<status status="PASS" starttime="20240901 00:24:36.788" endtime="20240901 00:24:36.822"/>
</kw>
<status status="PASS" starttime="20240901 00:24:36.768" endtime="20240901 00:24:36.822"/>
</iter>
<iter>
<var name="${item}">Write Test Cases</var>
<kw name="Fill Text" library="Browser">
<arg>.new-todo</arg>
<arg>${item}</arg>
<tag>PageContent</tag>
<tag>Setter</tag>
<doc>Clears and fills the given ``txt`` into the text field found by ``selector``.</doc>
<msg timestamp="20240901 00:24:36.823" level="TRACE">Arguments: [ '.new-todo' | 'Write Test Cases' ]</msg>
<msg timestamp="20240901 00:24:36.823" level="INFO">Fills the text 'Write Test Cases' in the given field.</msg>
<msg timestamp="20240901 00:24:36.830" level="DEBUG">Fill text Write Test Cases on .new-todo with force: false</msg>
<msg timestamp="20240901 00:24:36.830" level="TRACE">Return: None</msg>
<status status="PASS" starttime="20240901 00:24:36.823" endtime="20240901 00:24:36.830"/>
</kw>
<kw name="Press Keys" library="Browser">
<arg>.new-todo</arg>
<arg>Enter</arg>
<tag>PageContent</tag>
<tag>Setter</tag>
<doc>Types the given key combination into element found by ``selector``.</doc>
<msg timestamp="20240901 00:24:36.830" level="TRACE">Arguments: [ '.new-todo' | 'Enter' ]</msg>
<msg timestamp="20240901 00:24:36.838" level="DEBUG">Pressed keys: "Enter" on .new-todo </msg>
<msg timestamp="20240901 00:24:36.838" level="TRACE">Return: None</msg>
<status status="PASS" starttime="20240901 00:24:36.830" endtime="20240901 00:24:36.838"/>
</kw>
<status status="PASS" starttime="20240901 00:24:36.822" endtime="20240901 00:24:36.838"/>
</iter>
<iter>
<var name="${item}">Sleep</var>
<kw name="Fill Text" library="Browser">
<arg>.new-todo</arg>
<arg>${item}</arg>
<tag>PageContent</tag>
<tag>Setter</tag>
<doc>Clears and fills the given ``txt`` into the text field found by ``selector``.</doc>
<msg timestamp="20240901 00:24:36.838" level="TRACE">Arguments: [ '.new-todo' | 'Sleep' ]</msg>
<msg timestamp="20240901 00:24:36.838" level="INFO">Fills the text 'Sleep' in the given field.</msg>
<msg timestamp="20240901 00:24:36.846" level="DEBUG">Fill text Sleep on .new-todo with force: false</msg>
<msg timestamp="20240901 00:24:36.846" level="TRACE">Return: None</msg>
<status status="PASS" starttime="20240901 00:24:36.838" endtime="20240901 00:24:36.847"/>
</kw>
<kw name="Press Keys" library="Browser">
<arg>.new-todo</arg>
<arg>Enter</arg>
<tag>PageContent</tag>
<tag>Setter</tag>
<doc>Types the given key combination into element found by ``selector``.</doc>
<msg timestamp="20240901 00:24:36.847" level="TRACE">Arguments: [ '.new-todo' | 'Enter' ]</msg>
<msg timestamp="20240901 00:24:36.857" level="DEBUG">Pressed keys: "Enter" on .new-todo </msg>
<msg timestamp="20240901 00:24:36.857" level="TRACE">Return: None</msg>
<status status="PASS" starttime="20240901 00:24:36.847" endtime="20240901 00:24:36.857"/>
</kw>
<status status="PASS" starttime="20240901 00:24:36.838" endtime="20240901 00:24:36.857"/>
</iter>
<status status="PASS" starttime="20240901 00:24:36.768" endtime="20240901 00:24:36.857"/>
</for>
<status status="PASS" starttime="20240901 00:24:36.768" endtime="20240901 00:24:36.857"/>
</branch>
<branch type="ELSE">
<kw name="Fill Text" library="Browser">
<arg>.new-todo</arg>
<arg>${item}</arg>
<tag>PageContent</tag>
<tag>Setter</tag>
<doc>Clears and fills the given ``txt`` into the text field found by ``selector``.</doc>
<status status="NOT RUN" starttime="20240901 00:24:36.857" endtime="20240901 00:24:36.858"/>
</kw>
<kw name="Press Keys" library="Browser">
<arg>.new-todo</arg>
<arg>Enter</arg>
<tag>PageContent</tag>
<tag>Setter</tag>
<doc>Types the given key combination into element found by ``selector``.</doc>
<status status="NOT RUN" starttime="20240901 00:24:36.858" endtime="20240901 00:24:36.858"/>
</kw>
<status status="NOT RUN" starttime="20240901 00:24:36.857" endtime="20240901 00:24:36.858"/>
</branch>
<status status="PASS" starttime="20240901 00:24:36.768" endtime="20240901 00:24:36.858"/>
</if>
<msg timestamp="20240901 00:24:36.858" level="TRACE">Return: None</msg>
<status status="PASS" starttime="20240901 00:24:36.768" endtime="20240901 00:24:36.858"/>
</kw>
<kw name="Then Open ToDos Should Show &quot;3 items left!&quot;" sourcename="Open ToDos Should Show &quot;${text}&quot;">
<msg timestamp="20240901 00:24:36.858" level="TRACE">Arguments: [ ${text}='3 items left!' ]</msg>
<msg timestamp="20240901 00:24:36.858" level="TRACE">Arguments: [ ${text}='3 items left!' ]</msg>
<kw name="Get Text" library="Browser">
<arg>span.todo-count</arg>
<arg>==</arg>
<arg>${text}</arg>
<tag>Assertion</tag>
<tag>Getter</tag>
<tag>PageContent</tag>
<doc>Returns text attribute of the element found by ``selector``.</doc>
<msg timestamp="20240901 00:24:36.859" level="TRACE">Arguments: [ 'span.todo-count' | &lt;AssertionOperator.equal: '=='&gt; | '3 items left!' ]</msg>
<msg timestamp="20240901 00:24:36.871" level="DEBUG">Text received successfully.</msg>
<msg timestamp="20240901 00:24:36.871" level="INFO">Text: '3 items left!'</msg>
<msg timestamp="20240901 00:24:36.871" level="DEBUG">Assertion polling statistics:
First element asserted in: 0.011875152587890625 seconds
Total tries: 1
Elapsed time in retries 0.0 seconds</msg>
<msg timestamp="20240901 00:24:36.871" level="TRACE">Return: '3 items left!'</msg>
<status status="PASS" starttime="20240901 00:24:36.858" endtime="20240901 00:24:36.871"/>
</kw>
<msg timestamp="20240901 00:24:36.871" level="TRACE">Return: None</msg>
<status status="PASS" starttime="20240901 00:24:36.858" endtime="20240901 00:24:36.871"/>
</kw>
<kw name="Take Screenshot" library="Browser">
<arg>split-todo.png</arg>
<tag>PageContent</tag>
<doc>Takes a screenshot of the current window or element and saves it to disk.</doc>
<msg timestamp="20240901 00:24:36.871" level="TRACE">Arguments: [ 'split-todo.png' ]</msg>
<msg timestamp="20240901 00:24:36.969" level="DEBUG">Screenshot successfully captured to: C:\Users\Jacqueline\Documents\projects\RobotFramework\example-todo-mvc\Output\browser\screenshot\split-todo.png.png</msg>
<msg timestamp="20240901 00:24:36.969" level="INFO" html="true">&lt;/td&gt;&lt;/tr&gt;&lt;tr&gt;&lt;td colspan="3"&gt;&lt;a href="browser/screenshot/split-todo.png.png" target="_blank"&gt;&lt;img src="browser/screenshot/split-todo.png.png" width="800px"/&gt;&lt;/a&gt;</msg>
<msg timestamp="20240901 00:24:36.969" level="TRACE">Return: 'C:\\Users\\Jacqueline\\Documents\\projects\\RobotFramework\\example-todo-mvc\\Output\\browser\\screenshot\\split-todo.png.png'</msg>
<status status="PASS" starttime="20240901 00:24:36.871" endtime="20240901 00:24:36.969"/>
</kw>
<kw name="Close Context" library="Browser" type="TEARDOWN">
<tag>BrowserControl</tag>
<tag>Setter</tag>
<doc>Closes a Context.</doc>
<msg timestamp="20240901 00:24:36.969" level="TRACE">Arguments: [  ]</msg>
<msg timestamp="20240901 00:24:36.969" level="DEBUG">[
  {
    "type": "chromium",
    "id": "browser=d80d990f-bf59-4db1-b445-899a1f835854",
    "contexts": [
      {
        "type": "context",
        "id": "context=7a7e6636-5b7b-4e7c-8830-adff3c196a12",
        "activePage": "page=603d77dc-a2bd-4cd3-94de-52e43a9aefa0",
        "pages": [
          {
            "type": "page",
            "title": "TodoMVC: React",
            "url": "https://todomvc.com/examples/react/dist/",
            "id": "page=603d77dc-a2bd-4cd3-94de-52e43a9aefa0",
            "timestamp": 1725171876.193
          }
        ]
      }
    ],
    "activeContext": "context=7a7e6636-5b7b-4e7c-8830-adff3c196a12",
    "activeBrowser": true
  }
]</msg>
<msg timestamp="20240901 00:24:36.969" level="INFO">Switching browser to CURRENT</msg>
<msg timestamp="20240901 00:24:36.975" level="INFO">Returned active browser id. CURRENT</msg>
<msg timestamp="20240901 00:24:36.975" level="INFO">Switching browser to browser=d80d990f-bf59-4db1-b445-899a1f835854</msg>
<msg timestamp="20240901 00:24:36.977" level="INFO">Successfully changed active browser: browser=d80d990f-bf59-4db1-b445-899a1f835854</msg>
<msg timestamp="20240901 00:24:36.977" level="INFO">Switching context to CURRENT in CURRENT</msg>
<msg timestamp="20240901 00:24:36.979" level="INFO">Returned active context id: CURRENT</msg>
<msg timestamp="20240901 00:24:36.979" level="INFO">Switching context to context=7a7e6636-5b7b-4e7c-8830-adff3c196a12 in CURRENT</msg>
<msg timestamp="20240901 00:24:36.983" level="DEBUG">[
  {
    "type": "chromium",
    "id": "browser=d80d990f-bf59-4db1-b445-899a1f835854",
    "contexts": [
      {
        "type": "context",
        "id": "context=7a7e6636-5b7b-4e7c-8830-adff3c196a12",
        "activePage": "page=603d77dc-a2bd-4cd3-94de-52e43a9aefa0",
        "pages": [
          {
            "type": "page",
            "title": "TodoMVC: React",
            "url": "https://todomvc.com/examples/react/dist/",
            "id": "page=603d77dc-a2bd-4cd3-94de-52e43a9aefa0",
            "timestamp": 1725171876.193
          }
        ]
      }
    ],
    "activeContext": "context=7a7e6636-5b7b-4e7c-8830-adff3c196a12",
    "activeBrowser": true
  }
]</msg>
<msg timestamp="20240901 00:24:36.984" level="INFO">Successfully changed active context: context=7a7e6636-5b7b-4e7c-8830-adff3c196a12</msg>
<msg timestamp="20240901 00:24:37.005" level="INFO">Successfully closed Context</msg>
<msg timestamp="20240901 00:24:37.005" level="TRACE">Return: None</msg>
<status status="PASS" starttime="20240901 00:24:36.969" endtime="20240901 00:24:37.005"/>
</kw>
<tag>Add ToDo</tag>
<status status="PASS" starttime="20240901 00:24:36.092" endtime="20240901 00:24:37.005"/>
</test>
<test id="s1-s1-t6" name="Add A Lot Of ToDos" line="58">
<kw name="New Context" library="Browser" type="SETUP">
<arg>viewport={'width': 1920, 'height': 1080}</arg>
<tag>BrowserControl</tag>
<tag>Setter</tag>
<doc>Create a new BrowserContext with specified options.</doc>
<msg timestamp="20240901 00:24:37.005" level="TRACE">Arguments: [ viewport={'height': 1080, 'width': 1920} ]</msg>
<msg timestamp="20240901 00:24:37.005" level="INFO">{
  "acceptDownloads": true,
  "bypassCSP": false,
  "forcedColors": "none",
  "ignoreHTTPSErrors": false,
  "javaScriptEnabled": true,
  "offline": false,
  "reducedMotion": "no-preference",
  "serviceWorkers": "allow",
  "viewport": {
    "width": 1920,
    "height": 1080
  }
}</msg>
<msg timestamp="20240901 00:24:37.018" level="INFO">Successfully created context. </msg>
<msg timestamp="20240901 00:24:37.018" level="INFO">{'acceptDownloads': True, 'bypassCSP': False, 'forcedColors': 'none', 'ignoreHTTPSErrors': False, 'javaScriptEnabled': True, 'offline': False, 'reducedMotion': 'no-preference', 'serviceWorkers': 'allow', 'viewport': {'width': 1920, 'height': 1080}}</msg>
<msg timestamp="20240901 00:24:37.021" level="TRACE">Return: 'context=833e64f0-1d4b-441e-b7fe-f9b2fa0f4b7f'</msg>
<status status="PASS" starttime="20240901 00:24:37.005" endtime="20240901 00:24:37.021"/>
</kw>
<kw name="Given ToDo App is open">
<msg timestamp="20240901 00:24:37.021" level="TRACE">Arguments: [  ]</msg>
<kw name="New Page" library="Browser">
<arg>https://todomvc.com/examples/react/dist/</arg>
<tag>BrowserControl</tag>
<tag>Setter</tag>
<doc>Open a new Page.</doc>
<msg timestamp="20240901 00:24:37.021" level="TRACE">Arguments: [ 'https://todomvc.com/examples/react/dist/' ]</msg>
<msg timestamp="20240901 00:24:37.549" level="INFO">Successfully initialized new page object and opened url: https://todomvc.com/examples/react/dist/</msg>
<msg timestamp="20240901 00:24:37.549" level="DEBUG">Video is not enabled.</msg>
<msg timestamp="20240901 00:24:37.549" level="TRACE">Return: {'page_id': 'page=7e15f04a-29c3-460c-a4f4-1934fb6f865e', 'video_path': ''}</msg>
<status status="PASS" starttime="20240901 00:24:37.021" endtime="20240901 00:24:37.549"/>
</kw>
<msg timestamp="20240901 00:24:37.551" level="TRACE">Return: None</msg>
<status status="PASS" starttime="20240901 00:24:37.021" endtime="20240901 00:24:37.551"/>
</kw>
<kw name="When I Add &quot;100&quot; ToDos" sourcename="I Add &quot;${count}&quot; ToDos">
<msg timestamp="20240901 00:24:37.551" level="TRACE">Arguments: [ ${count}='100' ]</msg>
<msg timestamp="20240901 00:24:37.551" level="TRACE">Arguments: [ ${count}='100' ]</msg>
<for flavor="IN RANGE">
<var>${index}</var>
<value>${count}</value>
<iter>
<var name="${index}">0</var>
<kw name="I Add A New ToDo &quot;My ToDo Number ${index}&quot;" sourcename="I Add A New ToDo &quot;${todo}&quot;">
<msg timestamp="20240901 00:24:37.552" level="TRACE">Arguments: [ ${todo}='My ToDo Number 0' ]</msg>
<msg timestamp="20240901 00:24:37.552" level="TRACE">Arguments: [ ${todo}='My ToDo Number 0' ]</msg>
<kw name="Fill Text" library="Browser">
<arg>.new-todo</arg>
<arg>${todo}</arg>
<tag>PageContent</tag>
<tag>Setter</tag>
<doc>Clears and fills the given ``txt`` into the text field found by ``selector``.</doc>
<msg timestamp="20240901 00:24:37.552" level="TRACE">Arguments: [ '.new-todo' | 'My ToDo Number 0' ]</msg>
<msg timestamp="20240901 00:24:37.552" level="INFO">Fills the text 'My ToDo Number 0' in the given field.</msg>
<msg timestamp="20240901 00:24:37.576" level="DEBUG">Fill text My ToDo Number 0 on .new-todo with force: false</msg>
<msg timestamp="20240901 00:24:37.576" level="TRACE">Return: None</msg>
<status status="PASS" starttime="20240901 00:24:37.552" endtime="20240901 00:24:37.576"/>
</kw>
<kw name="Press Keys" library="Browser">
<arg>.new-todo</arg>
<arg>Enter</arg>
<tag>PageContent</tag>
<tag>Setter</tag>
<doc>Types the given key combination into element found by ``selector``.</doc>
<msg timestamp="20240901 00:24:37.576" level="TRACE">Arguments: [ '.new-todo' | 'Enter' ]</msg>
<msg timestamp="20240901 00:24:37.603" level="DEBUG">Pressed keys: "Enter" on .new-todo </msg>
<msg timestamp="20240901 00:24:37.603" level="TRACE">Return: None</msg>
<status status="PASS" starttime="20240901 00:24:37.576" endtime="20240901 00:24:37.606"/>
</kw>
<msg timestamp="20240901 00:24:37.606" level="TRACE">Return: None</msg>
<status status="PASS" starttime="20240901 00:24:37.552" endtime="20240901 00:24:37.606"/>
</kw>
<status status="PASS" starttime="20240901 00:24:37.552" endtime="20240901 00:24:37.606"/>
</iter>
<iter>
<var name="${index}">1</var>
<kw name="I Add A New ToDo &quot;My ToDo Number ${index}&quot;" sourcename="I Add A New ToDo &quot;${todo}&quot;">
<msg timestamp="20240901 00:24:37.606" level="TRACE">Arguments: [ ${todo}='My ToDo Number 1' ]</msg>
<msg timestamp="20240901 00:24:37.606" level="TRACE">Arguments: [ ${todo}='My ToDo Number 1' ]</msg>
<kw name="Fill Text" library="Browser">
<arg>.new-todo</arg>
<arg>${todo}</arg>
<tag>PageContent</tag>
<tag>Setter</tag>
<doc>Clears and fills the given ``txt`` into the text field found by ``selector``.</doc>
<msg timestamp="20240901 00:24:37.606" level="TRACE">Arguments: [ '.new-todo' | 'My ToDo Number 1' ]</msg>
<msg timestamp="20240901 00:24:37.606" level="INFO">Fills the text 'My ToDo Number 1' in the given field.</msg>
<msg timestamp="20240901 00:24:37.614" level="DEBUG">Fill text My ToDo Number 1 on .new-todo with force: false</msg>
<msg timestamp="20240901 00:24:37.615" level="TRACE">Return: None</msg>
<status status="PASS" starttime="20240901 00:24:37.606" endtime="20240901 00:24:37.615"/>
</kw>
<kw name="Press Keys" library="Browser">
<arg>.new-todo</arg>
<arg>Enter</arg>
<tag>PageContent</tag>
<tag>Setter</tag>
<doc>Types the given key combination into element found by ``selector``.</doc>
<msg timestamp="20240901 00:24:37.615" level="TRACE">Arguments: [ '.new-todo' | 'Enter' ]</msg>
<msg timestamp="20240901 00:24:37.623" level="DEBUG">Pressed keys: "Enter" on .new-todo </msg>
<msg timestamp="20240901 00:24:37.623" level="TRACE">Return: None</msg>
<status status="PASS" starttime="20240901 00:24:37.615" endtime="20240901 00:24:37.623"/>
</kw>
<msg timestamp="20240901 00:24:37.623" level="TRACE">Return: None</msg>
<status status="PASS" starttime="20240901 00:24:37.606" endtime="20240901 00:24:37.623"/>
</kw>
<status status="PASS" starttime="20240901 00:24:37.606" endtime="20240901 00:24:37.623"/>
</iter>
<iter>
<var name="${index}">2</var>
<kw name="I Add A New ToDo &quot;My ToDo Number ${index}&quot;" sourcename="I Add A New ToDo &quot;${todo}&quot;">
<msg timestamp="20240901 00:24:37.623" level="TRACE">Arguments: [ ${todo}='My ToDo Number 2' ]</msg>
<msg timestamp="20240901 00:24:37.623" level="TRACE">Arguments: [ ${todo}='My ToDo Number 2' ]</msg>
<kw name="Fill Text" library="Browser">
<arg>.new-todo</arg>
<arg>${todo}</arg>
<tag>PageContent</tag>
<tag>Setter</tag>
<doc>Clears and fills the given ``txt`` into the text field found by ``selector``.</doc>
<msg timestamp="20240901 00:24:37.623" level="TRACE">Arguments: [ '.new-todo' | 'My ToDo Number 2' ]</msg>
<msg timestamp="20240901 00:24:37.623" level="INFO">Fills the text 'My ToDo Number 2' in the given field.</msg>
<msg timestamp="20240901 00:24:37.632" level="DEBUG">Fill text My ToDo Number 2 on .new-todo with force: false</msg>
<msg timestamp="20240901 00:24:37.632" level="TRACE">Return: None</msg>
<status status="PASS" starttime="20240901 00:24:37.623" endtime="20240901 00:24:37.632"/>
</kw>
<kw name="Press Keys" library="Browser">
<arg>.new-todo</arg>
<arg>Enter</arg>
<tag>PageContent</tag>
<tag>Setter</tag>
<doc>Types the given key combination into element found by ``selector``.</doc>
<msg timestamp="20240901 00:24:37.632" level="TRACE">Arguments: [ '.new-todo' | 'Enter' ]</msg>
<msg timestamp="20240901 00:24:37.639" level="DEBUG">Pressed keys: "Enter" on .new-todo </msg>
<msg timestamp="20240901 00:24:37.639" level="TRACE">Return: None</msg>
<status status="PASS" starttime="20240901 00:24:37.632" endtime="20240901 00:24:37.639"/>
</kw>
<msg timestamp="20240901 00:24:37.639" level="TRACE">Return: None</msg>
<status status="PASS" starttime="20240901 00:24:37.623" endtime="20240901 00:24:37.639"/>
</kw>
<status status="PASS" starttime="20240901 00:24:37.623" endtime="20240901 00:24:37.639"/>
</iter>
<iter>
<var name="${index}">3</var>
<kw name="I Add A New ToDo &quot;My ToDo Number ${index}&quot;" sourcename="I Add A New ToDo &quot;${todo}&quot;">
<msg timestamp="20240901 00:24:37.641" level="TRACE">Arguments: [ ${todo}='My ToDo Number 3' ]</msg>
<msg timestamp="20240901 00:24:37.641" level="TRACE">Arguments: [ ${todo}='My ToDo Number 3' ]</msg>
<kw name="Fill Text" library="Browser">
<arg>.new-todo</arg>
<arg>${todo}</arg>
<tag>PageContent</tag>
<tag>Setter</tag>
<doc>Clears and fills the given ``txt`` into the text field found by ``selector``.</doc>
<msg timestamp="20240901 00:24:37.641" level="TRACE">Arguments: [ '.new-todo' | 'My ToDo Number 3' ]</msg>
<msg timestamp="20240901 00:24:37.641" level="INFO">Fills the text 'My ToDo Number 3' in the given field.</msg>
<msg timestamp="20240901 00:24:37.648" level="DEBUG">Fill text My ToDo Number 3 on .new-todo with force: false</msg>
<msg timestamp="20240901 00:24:37.648" level="TRACE">Return: None</msg>
<status status="PASS" starttime="20240901 00:24:37.641" endtime="20240901 00:24:37.648"/>
</kw>
<kw name="Press Keys" library="Browser">
<arg>.new-todo</arg>
<arg>Enter</arg>
<tag>PageContent</tag>
<tag>Setter</tag>
<doc>Types the given key combination into element found by ``selector``.</doc>
<msg timestamp="20240901 00:24:37.648" level="TRACE">Arguments: [ '.new-todo' | 'Enter' ]</msg>
<msg timestamp="20240901 00:24:37.656" level="DEBUG">Pressed keys: "Enter" on .new-todo </msg>
<msg timestamp="20240901 00:24:37.656" level="TRACE">Return: None</msg>
<status status="PASS" starttime="20240901 00:24:37.648" endtime="20240901 00:24:37.656"/>
</kw>
<msg timestamp="20240901 00:24:37.656" level="TRACE">Return: None</msg>
<status status="PASS" starttime="20240901 00:24:37.639" endtime="20240901 00:24:37.656"/>
</kw>
<status status="PASS" starttime="20240901 00:24:37.639" endtime="20240901 00:24:37.656"/>
</iter>
<iter>
<var name="${index}">4</var>
<kw name="I Add A New ToDo &quot;My ToDo Number ${index}&quot;" sourcename="I Add A New ToDo &quot;${todo}&quot;">
<msg timestamp="20240901 00:24:37.656" level="TRACE">Arguments: [ ${todo}='My ToDo Number 4' ]</msg>
<msg timestamp="20240901 00:24:37.656" level="TRACE">Arguments: [ ${todo}='My ToDo Number 4' ]</msg>
<kw name="Fill Text" library="Browser">
<arg>.new-todo</arg>
<arg>${todo}</arg>
<tag>PageContent</tag>
<tag>Setter</tag>
<doc>Clears and fills the given ``txt`` into the text field found by ``selector``.</doc>
<msg timestamp="20240901 00:24:37.656" level="TRACE">Arguments: [ '.new-todo' | 'My ToDo Number 4' ]</msg>
<msg timestamp="20240901 00:24:37.656" level="INFO">Fills the text 'My ToDo Number 4' in the given field.</msg>
<msg timestamp="20240901 00:24:37.665" level="DEBUG">Fill text My ToDo Number 4 on .new-todo with force: false</msg>
<msg timestamp="20240901 00:24:37.666" level="TRACE">Return: None</msg>
<status status="PASS" starttime="20240901 00:24:37.656" endtime="20240901 00:24:37.666"/>
</kw>
<kw name="Press Keys" library="Browser">
<arg>.new-todo</arg>
<arg>Enter</arg>
<tag>PageContent</tag>
<tag>Setter</tag>
<doc>Types the given key combination into element found by ``selector``.</doc>
<msg timestamp="20240901 00:24:37.666" level="TRACE">Arguments: [ '.new-todo' | 'Enter' ]</msg>
<msg timestamp="20240901 00:24:37.673" level="DEBUG">Pressed keys: "Enter" on .new-todo </msg>
<msg timestamp="20240901 00:24:37.673" level="TRACE">Return: None</msg>
<status status="PASS" starttime="20240901 00:24:37.666" endtime="20240901 00:24:37.673"/>
</kw>
<msg timestamp="20240901 00:24:37.673" level="TRACE">Return: None</msg>
<status status="PASS" starttime="20240901 00:24:37.656" endtime="20240901 00:24:37.673"/>
</kw>
<status status="PASS" starttime="20240901 00:24:37.656" endtime="20240901 00:24:37.673"/>
</iter>
<iter>
<var name="${index}">5</var>
<kw name="I Add A New ToDo &quot;My ToDo Number ${index}&quot;" sourcename="I Add A New ToDo &quot;${todo}&quot;">
<msg timestamp="20240901 00:24:37.673" level="TRACE">Arguments: [ ${todo}='My ToDo Number 5' ]</msg>
<msg timestamp="20240901 00:24:37.673" level="TRACE">Arguments: [ ${todo}='My ToDo Number 5' ]</msg>
<kw name="Fill Text" library="Browser">
<arg>.new-todo</arg>
<arg>${todo}</arg>
<tag>PageContent</tag>
<tag>Setter</tag>
<doc>Clears and fills the given ``txt`` into the text field found by ``selector``.</doc>
<msg timestamp="20240901 00:24:37.673" level="TRACE">Arguments: [ '.new-todo' | 'My ToDo Number 5' ]</msg>
<msg timestamp="20240901 00:24:37.673" level="INFO">Fills the text 'My ToDo Number 5' in the given field.</msg>
<msg timestamp="20240901 00:24:37.682" level="DEBUG">Fill text My ToDo Number 5 on .new-todo with force: false</msg>
<msg timestamp="20240901 00:24:37.682" level="TRACE">Return: None</msg>
<status status="PASS" starttime="20240901 00:24:37.673" endtime="20240901 00:24:37.682"/>
</kw>
<kw name="Press Keys" library="Browser">
<arg>.new-todo</arg>
<arg>Enter</arg>
<tag>PageContent</tag>
<tag>Setter</tag>
<doc>Types the given key combination into element found by ``selector``.</doc>
<msg timestamp="20240901 00:24:37.683" level="TRACE">Arguments: [ '.new-todo' | 'Enter' ]</msg>
<msg timestamp="20240901 00:24:37.691" level="DEBUG">Pressed keys: "Enter" on .new-todo </msg>
<msg timestamp="20240901 00:24:37.691" level="TRACE">Return: None</msg>
<status status="PASS" starttime="20240901 00:24:37.682" endtime="20240901 00:24:37.691"/>
</kw>
<msg timestamp="20240901 00:24:37.691" level="TRACE">Return: None</msg>
<status status="PASS" starttime="20240901 00:24:37.673" endtime="20240901 00:24:37.691"/>
</kw>
<status status="PASS" starttime="20240901 00:24:37.673" endtime="20240901 00:24:37.691"/>
</iter>
<iter>
<var name="${index}">6</var>
<kw name="I Add A New ToDo &quot;My ToDo Number ${index}&quot;" sourcename="I Add A New ToDo &quot;${todo}&quot;">
<msg timestamp="20240901 00:24:37.691" level="TRACE">Arguments: [ ${todo}='My ToDo Number 6' ]</msg>
<msg timestamp="20240901 00:24:37.691" level="TRACE">Arguments: [ ${todo}='My ToDo Number 6' ]</msg>
<kw name="Fill Text" library="Browser">
<arg>.new-todo</arg>
<arg>${todo}</arg>
<tag>PageContent</tag>
<tag>Setter</tag>
<doc>Clears and fills the given ``txt`` into the text field found by ``selector``.</doc>
<msg timestamp="20240901 00:24:37.691" level="TRACE">Arguments: [ '.new-todo' | 'My ToDo Number 6' ]</msg>
<msg timestamp="20240901 00:24:37.691" level="INFO">Fills the text 'My ToDo Number 6' in the given field.</msg>
<msg timestamp="20240901 00:24:37.699" level="DEBUG">Fill text My ToDo Number 6 on .new-todo with force: false</msg>
<msg timestamp="20240901 00:24:37.699" level="TRACE">Return: None</msg>
<status status="PASS" starttime="20240901 00:24:37.691" endtime="20240901 00:24:37.699"/>
</kw>
<kw name="Press Keys" library="Browser">
<arg>.new-todo</arg>
<arg>Enter</arg>
<tag>PageContent</tag>
<tag>Setter</tag>
<doc>Types the given key combination into element found by ``selector``.</doc>
<msg timestamp="20240901 00:24:37.699" level="TRACE">Arguments: [ '.new-todo' | 'Enter' ]</msg>
<msg timestamp="20240901 00:24:37.706" level="DEBUG">Pressed keys: "Enter" on .new-todo </msg>
<msg timestamp="20240901 00:24:37.706" level="TRACE">Return: None</msg>
<status status="PASS" starttime="20240901 00:24:37.699" endtime="20240901 00:24:37.706"/>
</kw>
<msg timestamp="20240901 00:24:37.706" level="TRACE">Return: None</msg>
<status status="PASS" starttime="20240901 00:24:37.691" endtime="20240901 00:24:37.706"/>
</kw>
<status status="PASS" starttime="20240901 00:24:37.691" endtime="20240901 00:24:37.706"/>
</iter>
<iter>
<var name="${index}">7</var>
<kw name="I Add A New ToDo &quot;My ToDo Number ${index}&quot;" sourcename="I Add A New ToDo &quot;${todo}&quot;">
<msg timestamp="20240901 00:24:37.707" level="TRACE">Arguments: [ ${todo}='My ToDo Number 7' ]</msg>
<msg timestamp="20240901 00:24:37.707" level="TRACE">Arguments: [ ${todo}='My ToDo Number 7' ]</msg>
<kw name="Fill Text" library="Browser">
<arg>.new-todo</arg>
<arg>${todo}</arg>
<tag>PageContent</tag>
<tag>Setter</tag>
<doc>Clears and fills the given ``txt`` into the text field found by ``selector``.</doc>
<msg timestamp="20240901 00:24:37.707" level="TRACE">Arguments: [ '.new-todo' | 'My ToDo Number 7' ]</msg>
<msg timestamp="20240901 00:24:37.707" level="INFO">Fills the text 'My ToDo Number 7' in the given field.</msg>
<msg timestamp="20240901 00:24:37.712" level="DEBUG">Fill text My ToDo Number 7 on .new-todo with force: false</msg>
<msg timestamp="20240901 00:24:37.712" level="TRACE">Return: None</msg>
<status status="PASS" starttime="20240901 00:24:37.707" endtime="20240901 00:24:37.712"/>
</kw>
<kw name="Press Keys" library="Browser">
<arg>.new-todo</arg>
<arg>Enter</arg>
<tag>PageContent</tag>
<tag>Setter</tag>
<doc>Types the given key combination into element found by ``selector``.</doc>
<msg timestamp="20240901 00:24:37.712" level="TRACE">Arguments: [ '.new-todo' | 'Enter' ]</msg>
<msg timestamp="20240901 00:24:37.718" level="DEBUG">Pressed keys: "Enter" on .new-todo </msg>
<msg timestamp="20240901 00:24:37.718" level="TRACE">Return: None</msg>
<status status="PASS" starttime="20240901 00:24:37.712" endtime="20240901 00:24:37.718"/>
</kw>
[...]
<doc>Clears and fills the given ``txt`` into the text field found by ``selector``.</doc>
<msg timestamp="20240901 00:24:41.587" level="TRACE">Arguments: [ '.new-todo' | 'My ToDo Number 95' ]</msg>
<msg timestamp="20240901 00:24:41.587" level="INFO">Fills the text 'My ToDo Number 95' in the given field.</msg>
<msg timestamp="20240901 00:24:41.595" level="DEBUG">Fill text My ToDo Number 95 on .new-todo with force: false</msg>
<msg timestamp="20240901 00:24:41.595" level="TRACE">Return: None</msg>
<status status="PASS" starttime="20240901 00:24:41.587" endtime="20240901 00:24:41.595"/>
</kw>
<kw name="Press Keys" library="Browser">
<arg>.new-todo</arg>
<arg>Enter</arg>
<tag>PageContent</tag>
<tag>Setter</tag>
<doc>Types the given key combination into element found by ``selector``.</doc>
<msg timestamp="20240901 00:24:41.596" level="TRACE">Arguments: [ '.new-todo' | 'Enter' ]</msg>
<msg timestamp="20240901 00:24:41.603" level="DEBUG">Pressed keys: "Enter" on .new-todo </msg>
<msg timestamp="20240901 00:24:41.603" level="TRACE">Return: None</msg>
<status status="PASS" starttime="20240901 00:24:41.596" endtime="20240901 00:24:41.603"/>
</kw>
<msg timestamp="20240901 00:24:41.603" level="TRACE">Return: None</msg>
<status status="PASS" starttime="20240901 00:24:41.587" endtime="20240901 00:24:41.603"/>
</kw>
<status status="PASS" starttime="20240901 00:24:41.587" endtime="20240901 00:24:41.603"/>
</iter>
<iter>
<kw name="Evaluate" library="BuiltIn">
<var>${x}</var>
<arg>${x} + 1</arg>
<doc>Evaluates the given expression in Python and returns the result.</doc>
<msg timestamp="20240901 00:24:41.603" level="TRACE">Arguments: [ '95 + 1' ]</msg>
<msg timestamp="20240901 00:24:41.603" level="TRACE">Return: 96</msg>
<msg timestamp="20240901 00:24:41.603" level="INFO">${x} = 96</msg>
<status status="PASS" starttime="20240901 00:24:41.603" endtime="20240901 00:24:41.603"/>
</kw>
<kw name="I Add A New ToDo &quot;My ToDo Number ${x}&quot;" sourcename="I Add A New ToDo &quot;${todo}&quot;">
<msg timestamp="20240901 00:24:41.603" level="TRACE">Arguments: [ ${todo}='My ToDo Number 96' ]</msg>
<msg timestamp="20240901 00:24:41.603" level="TRACE">Arguments: [ ${todo}='My ToDo Number 96' ]</msg>
<kw name="Fill Text" library="Browser">
<arg>.new-todo</arg>
<arg>${todo}</arg>
<tag>PageContent</tag>
<tag>Setter</tag>
<doc>Clears and fills the given ``txt`` into the text field found by ``selector``.</doc>
<msg timestamp="20240901 00:24:41.603" level="TRACE">Arguments: [ '.new-todo' | 'My ToDo Number 96' ]</msg>
<msg timestamp="20240901 00:24:41.603" level="INFO">Fills the text 'My ToDo Number 96' in the given field.</msg>
<msg timestamp="20240901 00:24:41.611" level="DEBUG">Fill text My ToDo Number 96 on .new-todo with force: false</msg>
<msg timestamp="20240901 00:24:41.611" level="TRACE">Return: None</msg>
<status status="PASS" starttime="20240901 00:24:41.603" endtime="20240901 00:24:41.611"/>
</kw>
<kw name="Press Keys" library="Browser">
<arg>.new-todo</arg>
<arg>Enter</arg>
<tag>PageContent</tag>
<tag>Setter</tag>
<doc>Types the given key combination into element found by ``selector``.</doc>
<msg timestamp="20240901 00:24:41.612" level="TRACE">Arguments: [ '.new-todo' | 'Enter' ]</msg>
<msg timestamp="20240901 00:24:41.620" level="DEBUG">Pressed keys: "Enter" on .new-todo </msg>
<msg timestamp="20240901 00:24:41.620" level="TRACE">Return: None</msg>
<status status="PASS" starttime="20240901 00:24:41.612" endtime="20240901 00:24:41.621"/>
</kw>
<msg timestamp="20240901 00:24:41.621" level="TRACE">Return: None</msg>
<status status="PASS" starttime="20240901 00:24:41.603" endtime="20240901 00:24:41.621"/>
</kw>
<status status="PASS" starttime="20240901 00:24:41.603" endtime="20240901 00:24:41.621"/>
</iter>
<iter>
<kw name="Evaluate" library="BuiltIn">
<var>${x}</var>
<arg>${x} + 1</arg>
<doc>Evaluates the given expression in Python and returns the result.</doc>
<msg timestamp="20240901 00:24:41.621" level="TRACE">Arguments: [ '96 + 1' ]</msg>
<msg timestamp="20240901 00:24:41.621" level="TRACE">Return: 97</msg>
<msg timestamp="20240901 00:24:41.621" level="INFO">${x} = 97</msg>
<status status="PASS" starttime="20240901 00:24:41.621" endtime="20240901 00:24:41.621"/>
</kw>
<kw name="I Add A New ToDo &quot;My ToDo Number ${x}&quot;" sourcename="I Add A New ToDo &quot;${todo}&quot;">
<msg timestamp="20240901 00:24:41.622" level="TRACE">Arguments: [ ${todo}='My ToDo Number 97' ]</msg>
<msg timestamp="20240901 00:24:41.622" level="TRACE">Arguments: [ ${todo}='My ToDo Number 97' ]</msg>
<kw name="Fill Text" library="Browser">
<arg>.new-todo</arg>
<arg>${todo}</arg>
<tag>PageContent</tag>
<tag>Setter</tag>
<doc>Clears and fills the given ``txt`` into the text field found by ``selector``.</doc>
<msg timestamp="20240901 00:24:41.622" level="TRACE">Arguments: [ '.new-todo' | 'My ToDo Number 97' ]</msg>
<msg timestamp="20240901 00:24:41.622" level="INFO">Fills the text 'My ToDo Number 97' in the given field.</msg>
<msg timestamp="20240901 00:24:41.628" level="DEBUG">Fill text My ToDo Number 97 on .new-todo with force: false</msg>
<msg timestamp="20240901 00:24:41.628" level="TRACE">Return: None</msg>
<status status="PASS" starttime="20240901 00:24:41.622" endtime="20240901 00:24:41.628"/>
</kw>
<kw name="Press Keys" library="Browser">
<arg>.new-todo</arg>
<arg>Enter</arg>
<tag>PageContent</tag>
<tag>Setter</tag>
<doc>Types the given key combination into element found by ``selector``.</doc>
<msg timestamp="20240901 00:24:41.628" level="TRACE">Arguments: [ '.new-todo' | 'Enter' ]</msg>
<msg timestamp="20240901 00:24:41.635" level="DEBUG">Pressed keys: "Enter" on .new-todo </msg>
<msg timestamp="20240901 00:24:41.635" level="TRACE">Return: None</msg>
<status status="PASS" starttime="20240901 00:24:41.628" endtime="20240901 00:24:41.635"/>
</kw>
<msg timestamp="20240901 00:24:41.635" level="TRACE">Return: None</msg>
<status status="PASS" starttime="20240901 00:24:41.621" endtime="20240901 00:24:41.635"/>
</kw>
<status status="PASS" starttime="20240901 00:24:41.621" endtime="20240901 00:24:41.635"/>
</iter>
<iter>
<kw name="Evaluate" library="BuiltIn">
<var>${x}</var>
<arg>${x} + 1</arg>
<doc>Evaluates the given expression in Python and returns the result.</doc>
<msg timestamp="20240901 00:24:41.635" level="TRACE">Arguments: [ '97 + 1' ]</msg>
<msg timestamp="20240901 00:24:41.635" level="TRACE">Return: 98</msg>
<msg timestamp="20240901 00:24:41.635" level="INFO">${x} = 98</msg>
<status status="PASS" starttime="20240901 00:24:41.635" endtime="20240901 00:24:41.635"/>
</kw>
<kw name="I Add A New ToDo &quot;My ToDo Number ${x}&quot;" sourcename="I Add A New ToDo &quot;${todo}&quot;">
<msg timestamp="20240901 00:24:41.635" level="TRACE">Arguments: [ ${todo}='My ToDo Number 98' ]</msg>
<msg timestamp="20240901 00:24:41.635" level="TRACE">Arguments: [ ${todo}='My ToDo Number 98' ]</msg>
<kw name="Fill Text" library="Browser">
<arg>.new-todo</arg>
<arg>${todo}</arg>
<tag>PageContent</tag>
<tag>Setter</tag>
<doc>Clears and fills the given ``txt`` into the text field found by ``selector``.</doc>
<msg timestamp="20240901 00:24:41.635" level="TRACE">Arguments: [ '.new-todo' | 'My ToDo Number 98' ]</msg>
<msg timestamp="20240901 00:24:41.635" level="INFO">Fills the text 'My ToDo Number 98' in the given field.</msg>
<msg timestamp="20240901 00:24:41.644" level="DEBUG">Fill text My ToDo Number 98 on .new-todo with force: false</msg>
<msg timestamp="20240901 00:24:41.644" level="TRACE">Return: None</msg>
<status status="PASS" starttime="20240901 00:24:41.635" endtime="20240901 00:24:41.645"/>
</kw>
<kw name="Press Keys" library="Browser">
<arg>.new-todo</arg>
<arg>Enter</arg>
<tag>PageContent</tag>
<tag>Setter</tag>
<doc>Types the given key combination into element found by ``selector``.</doc>
<msg timestamp="20240901 00:24:41.645" level="TRACE">Arguments: [ '.new-todo' | 'Enter' ]</msg>
<msg timestamp="20240901 00:24:41.652" level="DEBUG">Pressed keys: "Enter" on .new-todo </msg>
<msg timestamp="20240901 00:24:41.652" level="TRACE">Return: None</msg>
<status status="PASS" starttime="20240901 00:24:41.645" endtime="20240901 00:24:41.652"/>
</kw>
<msg timestamp="20240901 00:24:41.652" level="TRACE">Return: None</msg>
<status status="PASS" starttime="20240901 00:24:41.635" endtime="20240901 00:24:41.652"/>
</kw>
<status status="PASS" starttime="20240901 00:24:41.635" endtime="20240901 00:24:41.652"/>
</iter>
<iter>
<kw name="Evaluate" library="BuiltIn">
<var>${x}</var>
<arg>${x} + 1</arg>
<doc>Evaluates the given expression in Python and returns the result.</doc>
<msg timestamp="20240901 00:24:41.652" level="TRACE">Arguments: [ '98 + 1' ]</msg>
<msg timestamp="20240901 00:24:41.652" level="TRACE">Return: 99</msg>
<msg timestamp="20240901 00:24:41.652" level="INFO">${x} = 99</msg>
<status status="PASS" starttime="20240901 00:24:41.652" endtime="20240901 00:24:41.652"/>
</kw>
<kw name="I Add A New ToDo &quot;My ToDo Number ${x}&quot;" sourcename="I Add A New ToDo &quot;${todo}&quot;">
<msg timestamp="20240901 00:24:41.652" level="TRACE">Arguments: [ ${todo}='My ToDo Number 99' ]</msg>
<msg timestamp="20240901 00:24:41.652" level="TRACE">Arguments: [ ${todo}='My ToDo Number 99' ]</msg>
<kw name="Fill Text" library="Browser">
<arg>.new-todo</arg>
<arg>${todo}</arg>
<tag>PageContent</tag>
<tag>Setter</tag>
<doc>Clears and fills the given ``txt`` into the text field found by ``selector``.</doc>
<msg timestamp="20240901 00:24:41.652" level="TRACE">Arguments: [ '.new-todo' | 'My ToDo Number 99' ]</msg>
<msg timestamp="20240901 00:24:41.652" level="INFO">Fills the text 'My ToDo Number 99' in the given field.</msg>
<msg timestamp="20240901 00:24:41.660" level="DEBUG">Fill text My ToDo Number 99 on .new-todo with force: false</msg>
<msg timestamp="20240901 00:24:41.660" level="TRACE">Return: None</msg>
<status status="PASS" starttime="20240901 00:24:41.652" endtime="20240901 00:24:41.660"/>
</kw>
<kw name="Press Keys" library="Browser">
<arg>.new-todo</arg>
<arg>Enter</arg>
<tag>PageContent</tag>
<tag>Setter</tag>
<doc>Types the given key combination into element found by ``selector``.</doc>
<msg timestamp="20240901 00:24:41.661" level="TRACE">Arguments: [ '.new-todo' | 'Enter' ]</msg>
<msg timestamp="20240901 00:24:41.669" level="DEBUG">Pressed keys: "Enter" on .new-todo </msg>
<msg timestamp="20240901 00:24:41.669" level="TRACE">Return: None</msg>
<status status="PASS" starttime="20240901 00:24:41.661" endtime="20240901 00:24:41.669"/>
</kw>
<msg timestamp="20240901 00:24:41.669" level="TRACE">Return: None</msg>
<status status="PASS" starttime="20240901 00:24:41.652" endtime="20240901 00:24:41.669"/>
</kw>
<status status="PASS" starttime="20240901 00:24:41.652" endtime="20240901 00:24:41.669"/>
</iter>
<iter>
<kw name="Evaluate" library="BuiltIn">
<var>${x}</var>
<arg>${x} + 1</arg>
<doc>Evaluates the given expression in Python and returns the result.</doc>
<msg timestamp="20240901 00:24:41.669" level="TRACE">Arguments: [ '99 + 1' ]</msg>
<msg timestamp="20240901 00:24:41.669" level="TRACE">Return: 100</msg>
<msg timestamp="20240901 00:24:41.669" level="INFO">${x} = 100</msg>
<status status="PASS" starttime="20240901 00:24:41.669" endtime="20240901 00:24:41.669"/>
</kw>
<kw name="I Add A New ToDo &quot;My ToDo Number ${x}&quot;" sourcename="I Add A New ToDo &quot;${todo}&quot;">
<msg timestamp="20240901 00:24:41.669" level="TRACE">Arguments: [ ${todo}='My ToDo Number 100' ]</msg>
<msg timestamp="20240901 00:24:41.669" level="TRACE">Arguments: [ ${todo}='My ToDo Number 100' ]</msg>
<kw name="Fill Text" library="Browser">
<arg>.new-todo</arg>
<arg>${todo}</arg>
<tag>PageContent</tag>
<tag>Setter</tag>
<doc>Clears and fills the given ``txt`` into the text field found by ``selector``.</doc>
<msg timestamp="20240901 00:24:41.669" level="TRACE">Arguments: [ '.new-todo' | 'My ToDo Number 100' ]</msg>
<msg timestamp="20240901 00:24:41.669" level="INFO">Fills the text 'My ToDo Number 100' in the given field.</msg>
<msg timestamp="20240901 00:24:41.677" level="DEBUG">Fill text My ToDo Number 100 on .new-todo with force: false</msg>
<msg timestamp="20240901 00:24:41.677" level="TRACE">Return: None</msg>
<status status="PASS" starttime="20240901 00:24:41.669" endtime="20240901 00:24:41.677"/>
</kw>
<kw name="Press Keys" library="Browser">
<arg>.new-todo</arg>
<arg>Enter</arg>
<tag>PageContent</tag>
<tag>Setter</tag>
<doc>Types the given key combination into element found by ``selector``.</doc>
<msg timestamp="20240901 00:24:41.678" level="TRACE">Arguments: [ '.new-todo' | 'Enter' ]</msg>
<msg timestamp="20240901 00:24:41.685" level="DEBUG">Pressed keys: "Enter" on .new-todo </msg>
<msg timestamp="20240901 00:24:41.685" level="TRACE">Return: None</msg>
<status status="PASS" starttime="20240901 00:24:41.678" endtime="20240901 00:24:41.685"/>
</kw>
<msg timestamp="20240901 00:24:41.685" level="TRACE">Return: None</msg>
<status status="PASS" starttime="20240901 00:24:41.669" endtime="20240901 00:24:41.685"/>
</kw>
<status status="PASS" starttime="20240901 00:24:41.669" endtime="20240901 00:24:41.685"/>
</iter>
<status status="PASS" starttime="20240901 00:24:39.958" endtime="20240901 00:24:41.685"/>
</while>
<msg timestamp="20240901 00:24:41.685" level="TRACE">Return: None</msg>
<status status="PASS" starttime="20240901 00:24:39.958" endtime="20240901 00:24:41.685"/>
</kw>
<kw name="Then Open ToDos Should Show &quot;100 items left!&quot;" sourcename="Open ToDos Should Show &quot;${text}&quot;">
<msg timestamp="20240901 00:24:41.685" level="TRACE">Arguments: [ ${text}='100 items left!' ]</msg>
<msg timestamp="20240901 00:24:41.685" level="TRACE">Arguments: [ ${text}='100 items left!' ]</msg>
<kw name="Get Text" library="Browser">
<arg>span.todo-count</arg>
<arg>==</arg>
<arg>${text}</arg>
<tag>Assertion</tag>
<tag>Getter</tag>
<tag>PageContent</tag>
<doc>Returns text attribute of the element found by ``selector``.</doc>
<msg timestamp="20240901 00:24:41.685" level="TRACE">Arguments: [ 'span.todo-count' | &lt;AssertionOperator.equal: '=='&gt; | '100 items left!' ]</msg>
<msg timestamp="20240901 00:24:41.703" level="DEBUG">Text received successfully.</msg>
<msg timestamp="20240901 00:24:41.703" level="INFO">Text: '100 items left!'</msg>
<msg timestamp="20240901 00:24:41.703" level="DEBUG">Assertion polling statistics:
First element asserted in: 0.01749277114868164 seconds
Total tries: 1
Elapsed time in retries 0.0 seconds</msg>
<msg timestamp="20240901 00:24:41.703" level="TRACE">Return: '100 items left!'</msg>
<status status="PASS" starttime="20240901 00:24:41.685" endtime="20240901 00:24:41.703"/>
</kw>
<msg timestamp="20240901 00:24:41.703" level="TRACE">Return: None</msg>
<status status="PASS" starttime="20240901 00:24:41.685" endtime="20240901 00:24:41.703"/>
</kw>
<kw name="Take Screenshot" library="Browser">
<arg>massive-add-todo-while.png</arg>
<tag>PageContent</tag>
<doc>Takes a screenshot of the current window or element and saves it to disk.</doc>
<msg timestamp="20240901 00:24:41.704" level="TRACE">Arguments: [ 'massive-add-todo-while.png' ]</msg>
<msg timestamp="20240901 00:24:41.805" level="DEBUG">Screenshot successfully captured to: C:\Users\Jacqueline\Documents\projects\RobotFramework\example-todo-mvc\Output\browser\screenshot\massive-add-todo-while.png.png</msg>
<msg timestamp="20240901 00:24:41.806" level="INFO" html="true">&lt;/td&gt;&lt;/tr&gt;&lt;tr&gt;&lt;td colspan="3"&gt;&lt;a href="browser/screenshot/massive-add-todo-while.png.png" target="_blank"&gt;&lt;img src="browser/screenshot/massive-add-todo-while.png.png" width="800px"/&gt;&lt;/a&gt;</msg>
<msg timestamp="20240901 00:24:41.806" level="TRACE">Return: 'C:\\Users\\Jacqueline\\Documents\\projects\\RobotFramework\\example-todo-mvc\\Output\\browser\\screenshot\\massive-add-todo-while.png.png'</msg>
<status status="PASS" starttime="20240901 00:24:41.704" endtime="20240901 00:24:41.806"/>
</kw>
<kw name="Close Context" library="Browser" type="TEARDOWN">
<tag>BrowserControl</tag>
<tag>Setter</tag>
<doc>Closes a Context.</doc>
<msg timestamp="20240901 00:24:41.806" level="TRACE">Arguments: [  ]</msg>
<msg timestamp="20240901 00:24:41.810" level="DEBUG">[
  {
    "type": "chromium",
    "id": "browser=d80d990f-bf59-4db1-b445-899a1f835854",
    "contexts": [
      {
        "type": "context",
        "id": "context=34d3fa0f-1a64-472a-a3c7-f302af4ed599",
        "activePage": "page=af1fe90d-aabb-4ef5-aafd-5c904a501644",
        "pages": [
          {
            "type": "page",
            "title": "TodoMVC: React",
            "url": "https://todomvc.com/examples/react/dist/",
            "id": "page=af1fe90d-aabb-4ef5-aafd-5c904a501644",
            "timestamp": 1725171879.526
          }
        ]
      }
    ],
    "activeContext": "context=34d3fa0f-1a64-472a-a3c7-f302af4ed599",
    "activeBrowser": true
  }
]</msg>
<msg timestamp="20240901 00:24:41.810" level="INFO">Switching browser to CURRENT</msg>
<msg timestamp="20240901 00:24:41.812" level="INFO">Returned active browser id. CURRENT</msg>
<msg timestamp="20240901 00:24:41.812" level="INFO">Switching browser to browser=d80d990f-bf59-4db1-b445-899a1f835854</msg>
<msg timestamp="20240901 00:24:41.814" level="INFO">Successfully changed active browser: browser=d80d990f-bf59-4db1-b445-899a1f835854</msg>
<msg timestamp="20240901 00:24:41.814" level="INFO">Switching context to CURRENT in CURRENT</msg>
<msg timestamp="20240901 00:24:41.816" level="INFO">Returned active context id: CURRENT</msg>
<msg timestamp="20240901 00:24:41.817" level="INFO">Switching context to context=34d3fa0f-1a64-472a-a3c7-f302af4ed599 in CURRENT</msg>
<msg timestamp="20240901 00:24:41.819" level="DEBUG">[
  {
    "type": "chromium",
    "id": "browser=d80d990f-bf59-4db1-b445-899a1f835854",
    "contexts": [
      {
        "type": "context",
        "id": "context=34d3fa0f-1a64-472a-a3c7-f302af4ed599",
        "activePage": "page=af1fe90d-aabb-4ef5-aafd-5c904a501644",
        "pages": [
          {
            "type": "page",
            "title": "TodoMVC: React",
            "url": "https://todomvc.com/examples/react/dist/",
            "id": "page=af1fe90d-aabb-4ef5-aafd-5c904a501644",
            "timestamp": 1725171879.526
          }
        ]
      }
    ],
    "activeContext": "context=34d3fa0f-1a64-472a-a3c7-f302af4ed599",
    "activeBrowser": true
  }
]</msg>
<msg timestamp="20240901 00:24:41.821" level="INFO">Successfully changed active context: context=34d3fa0f-1a64-472a-a3c7-f302af4ed599</msg>
<msg timestamp="20240901 00:24:41.838" level="INFO">Successfully closed Context</msg>
<msg timestamp="20240901 00:24:41.838" level="TRACE">Return: None</msg>
<status status="PASS" starttime="20240901 00:24:41.806" endtime="20240901 00:24:41.838"/>
</kw>
<status status="PASS" starttime="20240901 00:24:39.435" endtime="20240901 00:24:41.838"/>
</test>
<kw name="Close Browser" library="Browser" type="TEARDOWN">
<tag>BrowserControl</tag>
<tag>Setter</tag>
<doc>Closes the current browser.</doc>
<msg timestamp="20240901 00:24:41.845" level="TRACE">Arguments: [  ]</msg>
<msg timestamp="20240901 00:24:41.940" level="INFO">Closed browser</msg>
<msg timestamp="20240901 00:24:41.940" level="TRACE">Return: None</msg>
<status status="PASS" starttime="20240901 00:24:41.845" endtime="20240901 00:24:41.940"/>
</kw>
<status status="PASS" starttime="20240901 00:24:28.958" endtime="20240901 00:24:41.940"/>
</suite>
<status status="PASS" starttime="20240901 00:24:28.942" endtime="20240901 00:24:41.971"/>
</suite>
<statistics>
<total>
<stat pass="7" fail="0" skip="0">All Tests</stat>
</total>
<tag>
<stat pass="3" fail="0" skip="0">Add ToDo</stat>
<stat pass="1" fail="0" skip="0">Mark ToDo</stat>
<stat pass="1" fail="0" skip="0">Massive Add ToDo</stat>
<stat pass="1" fail="0" skip="0">Remove ToDo</stat>
</tag>
<suite>
<stat pass="7" fail="0" skip="0" id="s1" name="Tests">Tests</stat>
<stat pass="7" fail="0" skip="0" id="s1-s1" name="Todo">Tests.Todo</stat>
</suite>
</statistics>
<errors>
</errors>
</robot>
