<?xml version="1.0" encoding="UTF-8"?>
<robot generator="Robot 6.1.1 (Python 3.12.4 on win32)" generated="20240901 17:57:06.875" rpa="false" schemaversion="4">
<suite id="s1" name="Tests" source="C:\Users\Jacqueline\Documents\projects\RobotFramework\example-vehicle-insurance\Tests">
<suite id="s1-s1" name="Downloadfile" source="C:\Users\Jacqueline\Documents\projects\RobotFramework\example-vehicle-insurance\Tests\downloadfile.robot">
<test id="s1-s1-t1" name="Download Quote" line="8">
<kw name="Download Insurance File">
<msg timestamp="20240901 17:57:07.220" level="TRACE">Arguments: [ ${file_name}='Data/Quote-file.pdf' | ${url}='http://sampleapp.tricentis.com/101/tcpdf/pdfs/quote.php' ]</msg>
<kw name="Create Session" library="RequestsLibrary">
<arg>download</arg>
<arg>${url}</arg>
<doc>Create Session: create a HTTP session to a server</doc>
<msg timestamp="20240901 17:57:07.220" level="TRACE">Arguments: [ 'download' | 'http://sampleapp.tricentis.com/101/tcpdf/pdfs/quote.php' ]</msg>
<msg timestamp="20240901 17:57:07.220" level="INFO">Creating Session using : alias=download, url=http://sampleapp.tricentis.com/101/tcpdf/pdfs/quote.php, headers={},                     cookies={}, auth=None, timeout=None, proxies=None, verify=False,                     debug=0 </msg>
<msg timestamp="20240901 17:57:07.220" level="DEBUG">Creating session: download</msg>
<msg timestamp="20240901 17:57:07.220" level="TRACE">Return: &lt;requests.sessions.Session object at 0x00000194F67070E0&gt;</msg>
<status status="PASS" starttime="20240901 17:57:07.220" endtime="20240901 17:57:07.220"/>
</kw>
<kw name="GET" library="RequestsLibrary">
<var>${response}</var>
<arg>${url}</arg>
<doc>Sends a GET request.</doc>
<msg timestamp="20240901 17:57:07.220" level="TRACE">Arguments: [ 'http://sampleapp.tricentis.com/101/tcpdf/pdfs/quote.php' ]</msg>
<msg timestamp="20240901 17:57:07.220" level="DEBUG">Starting new HTTP connection (1): sampleapp.tricentis.com:80</msg>
<msg timestamp="20240901 17:57:07.549" level="DEBUG">http://sampleapp.tricentis.com:80 "GET /101/tcpdf/pdfs/quote.php HTTP/11" 301 195</msg>
<msg timestamp="20240901 17:57:07.549" level="DEBUG">Starting new HTTPS connection (1): sampleapp.tricentis.com:443</msg>
<msg timestamp="20240901 17:57:08.330" level="DEBUG">https://sampleapp.tricentis.com:443 "GET /101/tcpdf/pdfs/quote.php HTTP/11" 200 None</msg>
<msg timestamp="20240901 17:57:08.426" level="INFO">GET Request : url=http://sampleapp.tricentis.com/101/tcpdf/pdfs/quote.php (redirected) 
 path_url=/101/tcpdf/pdfs/quote.php 
 headers={'User-Agent': 'python-requests/2.32.3', 'Accept-Encoding': 'gzip, deflate', 'Accept': '*/*', 'Connection': 'keep-alive'} 
 body=None 
 </msg>
<msg timestamp="20240901 17:57:08.426" level="TRACE">Code page ascii does not fit given bytes sequence at ALL. 'ascii' codec can't decode byte 0xe2 in position 10: ordinal not in range(128)</msg>
<msg timestamp="20240901 17:57:08.426" level="TRACE">Code page utf_8 does not fit given bytes sequence at ALL. 'utf-8' codec can't decode byte 0xe2 in position 10: invalid continuation byte</msg>
<msg timestamp="20240901 17:57:08.442" level="TRACE">Code page big5 does not fit given bytes sequence at ALL. 'big5' codec can't decode byte 0x9c in position 572: illegal multibyte sequence</msg>
<msg timestamp="20240901 17:57:08.442" level="TRACE">Code page big5hkscs does not fit given bytes sequence at ALL. 'big5hkscs' codec can't decode byte 0xdc in position 577: illegal multibyte sequence</msg>
<msg timestamp="20240901 17:57:08.442" level="TRACE">cp037 was excluded because of initial chaos probing. Gave up 2 time(s). Computed mean chaos is 465.400000 %.</msg>
<msg timestamp="20240901 17:57:08.442" level="TRACE">cp1006 was excluded because of initial chaos probing. Gave up 2 time(s). Computed mean chaos is 242.533000 %.</msg>
<msg timestamp="20240901 17:57:08.442" level="TRACE">cp1026 is deemed too similar to code page cp037 and was consider unsuited already. Continuing!</msg>
<msg timestamp="20240901 17:57:08.442" level="TRACE">cp1125 was excluded because of initial chaos probing. Gave up 2 time(s). Computed mean chaos is 178.000000 %.</msg>
<msg timestamp="20240901 17:57:08.442" level="TRACE">cp1140 is deemed too similar to code page cp037 and was consider unsuited already. Continuing!</msg>
<msg timestamp="20240901 17:57:08.442" level="TRACE">Code page cp1250 does not fit given bytes sequence at ALL. 'charmap' codec can't decode byte 0x90 in position 626: character maps to &lt;undefined&gt;</msg>
<msg timestamp="20240901 17:57:08.442" level="TRACE">Code page cp1251 does not fit given bytes sequence at ALL. 'charmap' codec can't decode byte 0x98 in position 793: character maps to &lt;undefined&gt;</msg>
<msg timestamp="20240901 17:57:08.442" level="TRACE">Code page cp1252 does not fit given bytes sequence at ALL. 'charmap' codec can't decode byte 0x90 in position 626: character maps to &lt;undefined&gt;</msg>
<msg timestamp="20240901 17:57:08.442" level="TRACE">Code page cp1253 does not fit given bytes sequence at ALL. 'charmap' codec can't decode byte 0x9c in position 572: character maps to &lt;undefined&gt;</msg>
<msg timestamp="20240901 17:57:08.442" level="TRACE">Code page cp1254 does not fit given bytes sequence at ALL. 'charmap' codec can't decode byte 0x8e in position 592: character maps to &lt;undefined&gt;</msg>
<msg timestamp="20240901 17:57:08.442" level="TRACE">Code page cp1255 does not fit given bytes sequence at ALL. 'charmap' codec can't decode byte 0x9c in position 572: character maps to &lt;undefined&gt;</msg>
<msg timestamp="20240901 17:57:08.442" level="TRACE">cp1256 was excluded because of initial chaos probing. Gave up 2 time(s). Computed mean chaos is 144.500000 %.</msg>
<msg timestamp="20240901 17:57:08.442" level="TRACE">Code page cp1257 does not fit given bytes sequence at ALL. 'charmap' codec can't decode byte 0x9c in position 572: character maps to &lt;undefined&gt;</msg>
<msg timestamp="20240901 17:57:08.442" level="TRACE">Code page cp1258 does not fit given bytes sequence at ALL. 'charmap' codec can't decode byte 0x8e in position 592: character maps to &lt;undefined&gt;</msg>
<msg timestamp="20240901 17:57:08.458" level="TRACE">cp273 is deemed too similar to code page cp037 and was consider unsuited already. Continuing!</msg>
<msg timestamp="20240901 17:57:08.458" level="TRACE">Code page cp424 does not fit given bytes sequence at ALL. 'charmap' codec can't decode byte 0xcf in position 12: character maps to &lt;undefined&gt;</msg>
<msg timestamp="20240901 17:57:08.458" level="TRACE">cp437 was excluded because of initial chaos probing. Gave up 2 time(s). Computed mean chaos is 206.200000 %.</msg>
<msg timestamp="20240901 17:57:08.458" level="TRACE">cp500 is deemed too similar to code page cp037 and was consider unsuited already. Continuing!</msg>
<msg timestamp="20240901 17:57:08.458" level="TRACE">cp720 was excluded because of initial chaos probing. Gave up 2 time(s). Computed mean chaos is 153.467000 %.</msg>
<msg timestamp="20240901 17:57:08.458" level="TRACE">cp737 was excluded because of initial chaos probing. Gave up 2 time(s). Computed mean chaos is 169.933000 %.</msg>
<msg timestamp="20240901 17:57:08.458" level="TRACE">cp775 was excluded because of initial chaos probing. Gave up 2 time(s). Computed mean chaos is 158.367000 %.</msg>
<msg timestamp="20240901 17:57:08.458" level="TRACE">cp850 is deemed too similar to code page cp437 and was consider unsuited already. Continuing!</msg>
<msg timestamp="20240901 17:57:08.458" level="TRACE">cp852 was excluded because of initial chaos probing. Gave up 2 time(s). Computed mean chaos is 100.350000 %.</msg>
<msg timestamp="20240901 17:57:08.458" level="TRACE">cp855 was excluded because of initial chaos probing. Gave up 2 time(s). Computed mean chaos is 167.967000 %.</msg>
<msg timestamp="20240901 17:57:08.458" level="TRACE">Code page cp856 does not fit given bytes sequence at ALL. 'charmap' codec can't decode byte 0xe2 in position 10: character maps to &lt;undefined&gt;</msg>
<msg timestamp="20240901 17:57:08.458" level="TRACE">Code page cp857 does not fit given bytes sequence at ALL. 'charmap' codec can't decode byte 0xf2 in position 650: character maps to &lt;undefined&gt;</msg>
<msg timestamp="20240901 17:57:08.458" level="TRACE">cp858 is deemed too similar to code page cp437 and was consider unsuited already. Continuing!</msg>
<msg timestamp="20240901 17:57:08.458" level="TRACE">cp860 is deemed too similar to code page cp437 and was consider unsuited already. Continuing!</msg>
<msg timestamp="20240901 17:57:08.458" level="TRACE">cp861 is deemed too similar to code page cp437 and was consider unsuited already. Continuing!</msg>
<msg timestamp="20240901 17:57:08.458" level="TRACE">cp862 is deemed too similar to code page cp437 and was consider unsuited already. Continuing!</msg>
<msg timestamp="20240901 17:57:08.458" level="TRACE">cp863 is deemed too similar to code page cp437 and was consider unsuited already. Continuing!</msg>
<msg timestamp="20240901 17:57:08.458" level="TRACE">Code page cp864 does not fit given bytes sequence at ALL. 'charmap' codec can't decode byte 0x9c in position 572: character maps to &lt;undefined&gt;</msg>
<msg timestamp="20240901 17:57:08.473" level="TRACE">cp865 is deemed too similar to code page cp437 and was consider unsuited already. Continuing!</msg>
<msg timestamp="20240901 17:57:08.473" level="TRACE">cp866 is deemed too similar to code page cp1125 and was consider unsuited already. Continuing!</msg>
<msg timestamp="20240901 17:57:08.473" level="TRACE">Code page cp869 does not fit given bytes sequence at ALL. 'charmap' codec can't decode byte 0x85 in position 641: character maps to &lt;undefined&gt;</msg>
<msg timestamp="20240901 17:57:08.473" level="TRACE">Code page cp874 does not fit given bytes sequence at ALL. 'charmap' codec can't decode byte 0x9c in position 572: character maps to &lt;undefined&gt;</msg>
<msg timestamp="20240901 17:57:08.473" level="TRACE">cp875 was excluded because of initial chaos probing. Gave up 2 time(s). Computed mean chaos is 319.600000 %.</msg>
<msg timestamp="20240901 17:57:08.473" level="TRACE">Code page cp932 does not fit given bytes sequence at ALL. 'cp932' codec can't decode byte 0x95 in position 587: illegal multibyte sequence</msg>
<msg timestamp="20240901 17:57:08.473" level="TRACE">Code page cp949 does not fit given bytes sequence at ALL. 'cp949' codec can't decode byte 0xdb in position 575: illegal multibyte sequence</msg>
<msg timestamp="20240901 17:57:08.473" level="TRACE">Code page cp950 does not fit given bytes sequence at ALL. 'cp950' codec can't decode byte 0x9c in position 572: illegal multibyte sequence</msg>
<msg timestamp="20240901 17:57:08.473" level="TRACE">Code page euc_jis_2004 does not fit given bytes sequence at ALL. 'euc_jis_2004' codec can't decode byte 0x9c in position 572: illegal multibyte sequence</msg>
<msg timestamp="20240901 17:57:08.473" level="TRACE">Code page euc_jisx0213 does not fit given bytes sequence at ALL. 'euc_jisx0213' codec can't decode byte 0x9c in position 572: illegal multibyte sequence</msg>
<msg timestamp="20240901 17:57:08.473" level="TRACE">Code page euc_jp does not fit given bytes sequence at ALL. 'euc_jp' codec can't decode byte 0x9c in position 572: illegal multibyte sequence</msg>
<msg timestamp="20240901 17:57:08.473" level="TRACE">Code page euc_kr does not fit given bytes sequence at ALL. 'euc_kr' codec can't decode byte 0x9c in position 572: illegal multibyte sequence</msg>
<msg timestamp="20240901 17:57:08.473" level="TRACE">Code page gb18030 does not fit given bytes sequence at ALL. 'gb18030' codec can't decode byte 0xdc in position 577: illegal multibyte sequence</msg>
<msg timestamp="20240901 17:57:08.473" level="TRACE">Code page gb2312 does not fit given bytes sequence at ALL. 'gb2312' codec can't decode byte 0x9c in position 572: illegal multibyte sequence</msg>
<msg timestamp="20240901 17:57:08.473" level="TRACE">Code page gbk does not fit given bytes sequence at ALL. 'gbk' codec can't decode byte 0xdc in position 577: illegal multibyte sequence</msg>
<msg timestamp="20240901 17:57:08.473" level="TRACE">Code page hp_roman8 does not fit given bytes sequence at ALL. 'charmap' codec can't decode byte 0xff in position 670: character maps to &lt;undefined&gt;</msg>
<msg timestamp="20240901 17:57:08.473" level="TRACE">Code page hz does not fit given bytes sequence at ALL. 'hz' codec can't decode byte 0xe2 in position 10: illegal multibyte sequence</msg>
<msg timestamp="20240901 17:57:08.473" level="TRACE">Code page iso2022_jp does not fit given bytes sequence at ALL. 'iso2022_jp' codec can't decode byte 0xe2 in position 10: illegal multibyte sequence</msg>
<msg timestamp="20240901 17:57:08.473" level="TRACE">Code page iso2022_jp_1 does not fit given bytes sequence at ALL. 'iso2022_jp_1' codec can't decode byte 0xe2 in position 10: illegal multibyte sequence</msg>
<msg timestamp="20240901 17:57:08.473" level="TRACE">Code page iso2022_jp_2 does not fit given bytes sequence at ALL. 'iso2022_jp_2' codec can't decode byte 0xe2 in position 10: illegal multibyte sequence</msg>
<msg timestamp="20240901 17:57:08.473" level="TRACE">Code page iso2022_jp_2004 does not fit given bytes sequence at ALL. 'iso2022_jp_2004' codec can't decode byte 0xe2 in position 10: illegal multibyte sequence</msg>
<msg timestamp="20240901 17:57:08.473" level="TRACE">Code page iso2022_jp_3 does not fit given bytes sequence at ALL. 'iso2022_jp_3' codec can't decode byte 0xe2 in position 10: illegal multibyte sequence</msg>
<msg timestamp="20240901 17:57:08.473" level="TRACE">Code page iso2022_jp_ext does not fit given bytes sequence at ALL. 'iso2022_jp_ext' codec can't decode byte 0xe2 in position 10: illegal multibyte sequence</msg>
<msg timestamp="20240901 17:57:08.473" level="TRACE">Code page iso2022_kr does not fit given bytes sequence at ALL. 'iso2022_kr' codec can't decode byte 0xe2 in position 10: illegal multibyte sequence</msg>
<msg timestamp="20240901 17:57:08.473" level="TRACE">iso8859_10 was excluded because of initial chaos probing. Gave up 2 time(s). Computed mean chaos is 193.000000 %.</msg>
<msg timestamp="20240901 17:57:08.489" level="TRACE">Code page iso8859_11 does not fit given bytes sequence at ALL. 'charmap' codec can't decode byte 0xdb in position 575: character maps to &lt;undefined&gt;</msg>
<msg timestamp="20240901 17:57:08.489" level="TRACE">iso8859_13 was excluded because of initial chaos probing. Gave up 2 time(s). Computed mean chaos is 141.950000 %.</msg>
<msg timestamp="20240901 17:57:08.489" level="TRACE">iso8859_14 is deemed too similar to code page iso8859_10 and was consider unsuited already. Continuing!</msg>
<msg timestamp="20240901 17:57:08.489" level="TRACE">iso8859_15 is deemed too similar to code page iso8859_10 and was consider unsuited already. Continuing!</msg>
<msg timestamp="20240901 17:57:08.489" level="TRACE">iso8859_16 was excluded because of initial chaos probing. Gave up 2 time(s). Computed mean chaos is 125.450000 %.</msg>
<msg timestamp="20240901 17:57:08.489" level="TRACE">iso8859_2 is deemed too similar to code page iso8859_16 and was consider unsuited already. Continuing!</msg>
<msg timestamp="20240901 17:57:08.489" level="TRACE">Code page iso8859_3 does not fit given bytes sequence at ALL. 'charmap' codec can't decode byte 0xe3 in position 11: character maps to &lt;undefined&gt;</msg>
<msg timestamp="20240901 17:57:08.489" level="TRACE">iso8859_4 is deemed too similar to code page iso8859_10 and was consider unsuited already. Continuing!</msg>
<msg timestamp="20240901 17:57:08.489" level="TRACE">iso8859_5 was excluded because of initial chaos probing. Gave up 2 time(s). Computed mean chaos is 208.000000 %.</msg>
<msg timestamp="20240901 17:57:08.489" level="TRACE">Code page iso8859_6 does not fit given bytes sequence at ALL. 'charmap' codec can't decode byte 0xdb in position 575: character maps to &lt;undefined&gt;</msg>
<msg timestamp="20240901 17:57:08.489" level="TRACE">Code page iso8859_7 does not fit given bytes sequence at ALL. 'charmap' codec can't decode byte 0xd2 in position 616: character maps to &lt;undefined&gt;</msg>
<msg timestamp="20240901 17:57:08.489" level="TRACE">Code page iso8859_8 does not fit given bytes sequence at ALL. 'charmap' codec can't decode byte 0xcf in position 12: character maps to &lt;undefined&gt;</msg>
<msg timestamp="20240901 17:57:08.489" level="TRACE">iso8859_9 is deemed too similar to code page iso8859_10 and was consider unsuited already. Continuing!</msg>
<msg timestamp="20240901 17:57:08.489" level="TRACE">Code page johab does not fit given bytes sequence at ALL. 'johab' codec can't decode byte 0xcf in position 12: illegal multibyte sequence</msg>
<msg timestamp="20240901 17:57:08.489" level="TRACE">koi8_r was excluded because of initial chaos probing. Gave up 2 time(s). Computed mean chaos is 172.033000 %.</msg>
<msg timestamp="20240901 17:57:08.489" level="TRACE">Code page koi8_t does not fit given bytes sequence at ALL. 'charmap' codec can't decode byte 0x9c in position 572: character maps to &lt;undefined&gt;</msg>
<msg timestamp="20240901 17:57:08.489" level="TRACE">koi8_u was excluded because of initial chaos probing. Gave up 2 time(s). Computed mean chaos is 168.267000 %.</msg>
<msg timestamp="20240901 17:57:08.489" level="TRACE">Code page kz1048 does not fit given bytes sequence at ALL. 'charmap' codec can't decode byte 0x98 in position 793: character maps to &lt;undefined&gt;</msg>
<msg timestamp="20240901 17:57:08.489" level="TRACE">latin_1 is deemed too similar to code page iso8859_10 and was consider unsuited already. Continuing!</msg>
<msg timestamp="20240901 17:57:08.489" level="TRACE">mac_cyrillic was excluded because of initial chaos probing. Gave up 2 time(s). Computed mean chaos is 132.733000 %.</msg>
<msg timestamp="20240901 17:57:08.504" level="TRACE">mac_greek was excluded because of initial chaos probing. Gave up 2 time(s). Computed mean chaos is 93.633000 %.</msg>
<msg timestamp="20240901 17:57:08.504" level="TRACE">mac_iceland was excluded because of initial chaos probing. Gave up 2 time(s). Computed mean chaos is 139.800000 %.</msg>
<msg timestamp="20240901 17:57:08.504" level="TRACE">mac_latin2 was excluded because of initial chaos probing. Gave up 2 time(s). Computed mean chaos is 107.600000 %.</msg>
<msg timestamp="20240901 17:57:08.504" level="TRACE">mac_roman is deemed too similar to code page mac_iceland and was consider unsuited already. Continuing!</msg>
<msg timestamp="20240901 17:57:08.504" level="TRACE">mac_turkish is deemed too similar to code page mac_iceland and was consider unsuited already. Continuing!</msg>
<msg timestamp="20240901 17:57:08.504" level="TRACE">ptcp154 was excluded because of initial chaos probing. Gave up 2 time(s). Computed mean chaos is 126.400000 %.</msg>
<msg timestamp="20240901 17:57:08.504" level="TRACE">Code page shift_jis does not fit given bytes sequence at ALL. 'shift_jis' codec can't decode byte 0xf3 in position 581: illegal multibyte sequence</msg>
<msg timestamp="20240901 17:57:08.504" level="TRACE">Code page shift_jis_2004 does not fit given bytes sequence at ALL. 'shift_jis_2004' codec can't decode byte 0x95 in position 587: illegal multibyte sequence</msg>
<msg timestamp="20240901 17:57:08.504" level="TRACE">Code page shift_jisx0213 does not fit given bytes sequence at ALL. 'shift_jisx0213' codec can't decode byte 0x95 in position 587: illegal multibyte sequence</msg>
<msg timestamp="20240901 17:57:08.504" level="TRACE">Code page tis_620 does not fit given bytes sequence at ALL. 'charmap' codec can't decode byte 0xdb in position 575: character maps to &lt;undefined&gt;</msg>
<msg timestamp="20240901 17:57:08.504" level="TRACE">Encoding utf_16 won't be tested as-is because it require a BOM. Will try some sub-encoder LE/BE.</msg>
<msg timestamp="20240901 17:57:08.504" level="TRACE">Code page utf_16_be does not fit given bytes sequence at ALL. 'utf-16-be' codec can't decode bytes in position 760-761: illegal UTF-16 surrogate</msg>
<msg timestamp="20240901 17:57:08.504" level="TRACE">Code page utf_16_le does not fit given bytes sequence at ALL. 'utf-16-le' codec can't decode bytes in position 616-617: illegal encoding</msg>
<msg timestamp="20240901 17:57:08.504" level="TRACE">Encoding utf_32 won't be tested as-is because it require a BOM. Will try some sub-encoder LE/BE.</msg>
<msg timestamp="20240901 17:57:08.504" level="TRACE">Code page utf_32_be does not fit given bytes sequence at ALL. 'utf-32-be' codec can't decode bytes in position 0-3: code point not in range(0x110000)</msg>
<msg timestamp="20240901 17:57:08.504" level="TRACE">Code page utf_32_le does not fit given bytes sequence at ALL. 'utf-32-le' codec can't decode bytes in position 0-3: code point not in range(0x110000)</msg>
<msg timestamp="20240901 17:57:08.504" level="TRACE">Encoding utf_7 won't be tested as-is because detection is unreliable without BOM/SIG.</msg>
<msg timestamp="20240901 17:57:08.504" level="DEBUG">Encoding detection: Unable to determine any suitable charset.</msg>
<msg timestamp="20240901 17:57:08.504" level="INFO">GET Response : url=https://sampleapp.tricentis.com/101/tcpdf/pdfs/quote.php 
 status=200, reason=OK 
 headers={'Date': 'Sun, 01 Sep 2024 23:57:08 GMT', 'Content-Type': 'application/pdf', 'Transfer-Encoding': 'chunked', 'Connection': 'keep-alive', 'Server': 'nginx/1.26.1', 'Cache-Control': 'private, must-revalidate, post-check=0, pre-check=0, max-age=1', 'Expires': 'Sat, 26 Jul 1997 05:00:00 GMT', 'Last-Modified': 'Sun, 01 Sep 2024 23:57:08 GMT', 'Pragma': 'public', 'X-Powered-By': 'PHP/8.2.21', 'Content-Disposition': 'inline; filename="Tricentis_Insurance_Quote.pdf"'} 
 body=%PDF-1.7
%����
12 0 obj
&lt;&lt; /Type /Page /Parent 1 0 R /LastModified (D:20240901235708+00'00') /Resources 2 0 R /MediaBox [0.000000 0.000000 595.276000 841.890000] /CropBox [0.000000 0.000000 595.276000 841.890000] /BleedBox [0.000000 0.000000 595.276000 841.890000] /TrimBox [0.000000 0.000000 595.276000 841.890000] /ArtBox [0.000000 0.000000 595.276000 841.890000] /Contents 13 0 R /Rotate 0 /Group &lt;&lt; /Type /Group /S /Transparency /CS /DeviceRGB &gt;&gt; /Annots [ 6 0 R 7 0 R 8 0 R 9 0 R 10 0 R 11 0 R ] /PZ 1 &gt;&gt;
endobj
13 0 obj
&lt;&lt;/Filter /FlateDecode /Length 3103&gt;&gt; stream
x��]�r�6��|�6[�&lt;F�}s,��Tl+��T��Y�ee=K���ߧr��E�s#)�$�C�&gt;��ƅ�*��+�KX�+����}�����\~&gt;I��������Crx2`�
�L������?,�H��*+O&amp;���ك���t���z��[�P$
pC�rઈ�UZ���KT[�ƌJc�1�nۈfW��u�Q�}��BQ��'9U�U���J���l�&lt;~��(�G��S�Χ�qw
nԣf��^h�U��5��NX&lt;0����2�*����������r*4(���&lt;y�#�'#�ܐ�|'�#�"g�%x��|����Y8w����-���]r����@��D]���BM]P��p�:S�W����E��V��LѺ$[x�2�q�Ŕ�J��8K%�f² �8���7M;�j���%1sY[�&amp; Wx��t�F�jn�R��6&lt;A-`�ju��-ڐ�`A&gt;��Z����pٰi&gt;/�#[�}�S�yމ�w�����#��-r��a�oM���RT�;����ixJ�HC�V�B�T\R�T̼&lt;46�pW���c���/z����$���Υ�d8P�S������ӷ^QsK�&lt;�!�v����eW��ʜ��Zl�
E�Bk��Gҫ1B�H����PWv�|V+��*�,�:����Эbzh��@&amp;�DpAA:�ӟ���x'u1W�aNap´���E���ڸ���?�=�X��
���Ti�`Z�����|}��j�\c�w��t�&amp;�q��j�0N�-.�0G�	]�q{�B�(��^Z�5����u�*w��RQ�A���jl��II�o���ʋ���!�7t+�wȔ`UB2相Rh�2F��*�z�;�؅E��öӍ]C*�\c__��׼�@I��p
)(�B�f,��r���m��z5��QG	͹��ҊV
-%��Lr���^ht����3�Z)4���@�%����:u��ޝZ*E-�PS��i�t��v��9zd.���؉�5�:fw$t6خ�#��S���He�rN�����ҡ�vn��h��tK[�qm(��2����I_�qE��
�i��6	�#G�q�J�c�K�P�%�s�;��a�Cf��t.t��v�:'�KH�Bwi凭�w�:�t$t��a^��B:�CH�4/�x��΅��&amp;M�9�%�s�;��K�E�K�t$tw�֠R�K�t$t����c��]��#�׋4۶�1�yx�HG2/��0��PYֽ��vB�1�r��ȳE*�+�VyEC*ߡ�/���D��7�cd:�=�R�=��9?4+�N�l�a�°��l;�`D%�+E���R�F�%6X��:�2e�*����Be��Ƌh$��~
��a�F��*��~eN�v�#l�I�B[M���-g&lt;�Q��r��F����v�����E�T�)4:߈�x��:YmE]�d̎�����U��/�pW��O��,PЊ�� vq+��/ȈoP}�����dŅ�H+3���ee�e���KrLސ��	�����	yR\�ZY�5TT��BM,����*&lt;�����qf�X�?Sybs,u��MI��"7�+�E���/�HQ�!%�F���`3�"�����0�l�(��-�sh#��#9G@nw�M�i	�qd�&lt;ˀ�{8��7;yK���AU��x�=�6���X?B��垊`�}ͣ��J�b`�f=g[����n}_�j_��?�����`�.��{�O�W:���]�@K��0��t�i�W����e�as��S�I��z;)ω��45��ZW%�ӂ�rH.fT�-�
��R�9,-�Uq��iS�����w����ue��)�	��;F?�!���A&gt;A��ˎ���4���29P��h22�@��=�z�=��F���o-�J�o�U�z��~��~��OY��A2��!�=��5�&gt;
Y�a3�a�J��h�$�z��~���+ST��j�������:^M��	�9q�Y�M������hO�4�E�KÙ�,��l�1A�����{�ކ���e��驹25����x�%�oH�g�3��q�$�vϓ�=%�ַ]JJgC�c�d�ҷ��i�����IG��8y�6�{�#�{�9��ٓ�M5BFeB�c�9ȓ�ʿ�`�D�x�T�F�{Z���-���Փi�Wٴ֣�˔&lt;%�	��M5BHP!���|���}d�Z�H��_�1�x��f��ُi%��.���˫�z^�tTI-�+*N+����^L+(���&lt;���+r@ސ��[UMA%8�O+�\� L:�5���}��=X��H��Q3�&lt;���㐓l��'I�(��R�i�r��0/�&gt;^���3�C���T����'!��&amp;�u6�O	�e�[w~���LEX~CX.�(��?�Um_���5�=X�7�RP��9��ac�eIF�����ސ�0�&lt;�`!�0�d"�6����P��ǱO��|E��q�ܵ���FC�,EvWV17�`���[x����qo���x&lt;~������L^�l-FVBO�k��M��@��P���TnA��I9�)�ᅌQ�r�w1ݏ��@%��&amp;N���^~ߢgͦ�*����Udu����.��T+Q�QV~�G���
��S�z��k*�޳_8�J#,7�B�٫ޥ�\@�~@7�����y�l�������[���IZM��q����Lx&lt;�T���#sA�5��I��yO����|�����)��,��N��a�Tz��]���~����HB4�������2e)�'*F�W��2�Lyo�&gt;��J����] �AI^я�G�\y�E�ʼ!�U��Hl2�a�5��Zǧ����I�t���c+V�&amp;��6+��ʦv5ԭ�s�J���غq��$�q���z�~@��=zظ�24�jF7ݒ�=q�O�đ�2��R�6r�$�@�^v��-�0H�/�Fs{M�iR�Y�B:+`���3�?oj�)��ډyrt���3'��{�� O�V���o��g�O�&lt;ЏFw7���������/�_?����۳/�����Ƥ����-�t!��@�?[G�.��Ĭ�VͿ���*��*`b^^��V�A���JPz2�0�{�#�B���k��=�l
endstream
endobj
1 0 obj
&lt;&lt; /Type /Pages /Kids [ 12 0 R ] /Count 1 &gt;&gt;
endobj
14 0 obj
&lt;&lt; /Length 17059 /Filter /FlateDecode /Length1 27612 &gt;&gt; stream
x���y|E�8\���sd�3��1�aB!��+$!G�� `C9B@d�k�.91bdq�p�� """�����**������tާ�gr�|�~�?����|~�T������~���!Z��M�=ˡ�J�B�5y�CS�(;�G{�5UL*+�y�����^P�~OQt��.Sg=�uj�O�!�֩e�M�1J�����1}���A��*�S�ȴ�e�+6_G�
��&lt;����]��GhS�
�MȊ�q�o5w�;�:���Ȅ�!�J���W0ѿ�yc뿅��	/BI�p����K�J�}�6��hڂ��EX�j�~`��dT�Ȣ�ÇR���;8';k����������+=-5�gb���]cc�]\�ΨP�^�ըC�
���X�`���ǥ�~�v�s�\ٮ�܄��Њ���ٮ�R���ᇌ�q��E�2���Ꮑ��Cq��-'���+�����:G_ԗ�r��e���%p�:��s��-����AN'�!Ί�֑�ϙ]Q�]
s��B��\�&amp;)��}���;W��}�k,�0]�{�c�\M���f���G�dgٝN_B�&lt;�ƕ%V�Ab�~~�_&amp;v�B��V:�u?^��M(�W����Ɩ�I�[K�kk�����8W�?��/Ba���]Y��x�kAQ�8�Cb?�ֹ�?"X��߷:��Jx��GDo�� ?.*q�{���6��ȩ-�-;ܺp�ˡs��S�j�g�Qa	tq���J�?g�ϯ+���}�����#(�3�GE��o�����Է�)�_5�p�N'���^4�G�H�4��y�}~���֘Gњ�����K]�ۂ�%�~֝W����,�/��UI���5?ٝ�Z�ޑ���:`Vy�S~.�ou|膾R�4?Iٿ�0@����pA7��lWvi�wvE(t�@��K�P\��f���,���}=፲R@ؔ,��D�t��5��tZ�SF���^��Q���[��l��ٵ�Y�h_�%�"O�?��8�xP
�e�ƖA@e1ٵ%��Q��r�Ɏ�����}��I&gt;Jv���E����R\R0�U0bLI��D�
��ξ�W�]��/w�%�����
9p����en9$\,��;����Q�5L��Ȟ�hG�;u�Qr�썧��Ϡ\���~�3P�o�)Ps�U ��B�9(W,���D�(qMr�\�������G�r"��*���X&amp;����?'������s�c�=�y�jG��U0��v�
t�`�y~DI��Koeeh�^�XZd��}^/e�޴W^y�kdI_�5ȓ����XT��&amp;t�6p�/�ϋ��S�����f����u%�:@i��-����AhOE� ��_��P�e��y�a��2y�����L'#�E԰R�7ؚ�2�T�P,�!
2���ʽ
��Q3�}�퇒#`#(0zE��ؾ�*���^��b!��J3\&gt;�}�QcJ^Q!x���\=��@��Z����(���g_Em��2�j����?���&amp;«�Jפ���@Z�I�3�r��ˀD�����~L)��'��#쌽V�o�)�Zݗ	��&lt;�VO���ھ?"���Ϥ&amp;���[��b�|�h1Sޓ�n�E{���;Ş:����s�h��bhr��$�p���n@K�:T�]F3�)TÌGE����h4�U��P&amp;�3N�����l2����!���Ru�R��މ2�shN�!�,	���Dt�S��܇�[�	���:�4�x��R�&amp;�Ǣ3�t��C����PW�*٩��aO��V���v$g��Z��:v���r;%���fv;^�go ?9�� �b�*� �`'�X���h'÷�c=�_6�i9����O�!Y��X�Eu�X����l�!G9����X�oC�K��=��Da3Rm�sK�w�r�C�C�"��=-cQ�2-�N�$HNq-? ?�͠���ʇ����|?T��0��G���$��U����!���hlm���i��ý���).:&amp;ס�;7
��I��h�������������{
�h�ý���).:&amp;���3��Z�x��a�t���F�t�"�P�����3����@�t=�#�M��a�O���koD���'�G����\̪�F�GD:�|�ʺ!�@���/�K�K OD����⑎}o�U!�VF�
0�7�M@�e+���yi _L����}s�Y�o��Ez��os��"�Q�x�=�{sf-�s;:ə$�S��t\S�܎b������T�M������x�r�N���}�%~~�%���~Q�\&lt;C�l��ul� (m��(����"�.��
�9�G��K��@ޱ+P&gt;�]?�2����Q!���U�sh�(����5�}(�(�mH��B3h=�T�?{T�y�E��i������̠��&lt;�y�*�HrƇ&gt;�c�&lt;��ϣ]|�؇B���TF��]���f.������Y�4X�@�/a}� ;]�ȏ� ��9HC��OnP&gt;oCgi��p;%x���(�(��� �8�~-j�Dg�Yp�����!)Q?�dȭ�#�&lt;:�j5����(N����eq���K~����,�L����D�B��{T�X�&gt;���m�E�.I�w֢8&gt;Nā�|�2����5_č���U�~�t�-���~��YE]d�@i���|���޼�?*��om�c�ML��iΜ���gA��&lt;�Ns�f�vTN��a��4TH���Q
sI,�
��)���z�0��7�Հ�9r�;|*rSZ��h0$G ��R{"��)�n�(�ˑ�ۅ�R��hK�h�-BL��UQ�!Ѓπ��_,$�&gt;�� e@�@r����`�(�Q螝+�2��밫�i��P�S�5��������z�/�A��ă6˪QM����U��aڅP�H�ZԐ� ��[��4N��Г�
�t5ȍ���i�c6�a��0������Nx&gt;�L��dg����n�	tje��~�l�C�/P0W�A��0�1��\&gt;�k�:.�,�!�s%[�ڎ~yw�g��(N� �/�J����o���H�M�t�&lt;�`)��&lt;��cE&gt;�f�y"�u,A:���~���/��,_k�%�".�]'��D&gt;��M���o4��/B=�5�:�R��I�3�^�	��r�'�S�D��u��-�\����2�6&lt;�s���Q��&gt;����A��f\�x.�̃c�t�On�Ph˃��_��-*;��ȁNyp�A�@�(s��vr���vċ6����y�ϗ��!񕨐Ch���+@��Nn������I&lt;_R��Ջ:Xw_[K�������6����l�y�|��l�@^v�� �A~����w�m:�+��~	rd��R�\in�T�w�$H6�HJ[���%�l�����~�Y��Ac�l����I�?$�+L����}�K���&lt;������!h��@:���Ò�JQ-���P� JDc�X�~Aa��3�1ʁ#GE�QQ�X��r$Z5��U�㎊Iэr{���[�dlkOZ���&lt;QyPg�Fq��b=�6�Z�I^&amp;dp�-���D�
��GY&lt;�Qz���hGi�õL�����j[��`4
{Шihz��:�Z0��'����/8,k-*�+
���~�H��;b��_�G��&lt;P��5��ի������#�W�/�]�&gt;諪��_5�:��̊����G|/����5�A�x��T2K���b&amp;ȃd���}ǆ����w��9��¯�O�wevY��\��|�|���¦��UVʕp�)�T�U�
q�L	i�U��ڢz]��:T=V�J�����h�5��R�l�S��9�E�K:��L��ޣ/�?��T��a�a��1�8����GS�i�i����&lt;�&lt;�����%�R���V��Q���B7�L�2�V�ۛaC�&amp;�Շ5�����&gt;ܾ�~���pCxF���������የ���*b{Dc�/�l�92&amp;2=2��z6r���K�_F�%�J�z6j�ɨKQ_E���p�p��8�����8W;�8_t��&lt;������9Z�,zS�ч�OG_����õѵ���z�����.}�?�F�v����׿������M��W�^c�����î����]���EA�?�*��`qȐ�K8�%2��=8ѓ�I�it��N���C�ܖe��;��W�����x����{MD�`XV��XŨ��&gt;��!(33^o@��z��{&lt;z�����x�-f�9S&lt;�?{�w�7#%o`]w����Τ3�!�?0�(�KX��gd:��K��B�b��E��pf�)qL|\Ew��[FG����	���%��;JnfM
�J�0h5!��h4Y""e,oe1���Ǜx���YI�2�ᔳ*�j�/���N�泙���x���j=g5%�=�CFFb�q��x=�k��T���36X3�$�%'K9]���0�)�)&amp;��#�p ��W��
wpT���/ZY����cy�8q�p�,�,��^����IB�a.�.i]��xr���&amp;{Sc��+�v3�9'B6N��z$�ռz���]4�4C|���M�C}�n&amp;�������2��*��X\��#AB����]��1���G������1[���X}$#K�,�,V=ϳ��-���A#���=��E�_Jy�~���F��+-���6q2&gt;�|���k����D|x���Kv6q�K��Ò�7)��]�IdC���%�q�棊�[|w)�9a�I(��|7��kxtt��ʞ:&gt;�C�Q�j�z&amp;�=Cmn��(��+S\.]V��$���$�u�h�	VD�iiZjJ̽�؅���k��|���~j����!������8�ݲq͖�֯yF�?�@�Y���ݍ_ܼ}��W������}���_�~��?��q�����h��]�ΡXa*��i��_���#&gt;����EXi�U��c��&amp;hzr��C�us$�|��E��(�h���&lt;�i�=i�5�ӱ�1�,n@dFZp�����by�ͷ��iѤ�F��=��3B���ݟ^]�4�_��^�yd�6��� ��8��Wg�Pw�����%F-+������MP����w&amp;?8�2�n�O=|`�0����7
��{��U 1p�(1L�!,�PIqN�?���$�E�Q�	o�Q�W%CJ�mH,}-��x1��Vj��b�����|r�ƕ;6�3IX���{BH��[!��F�6����
��*�_��*	۹W�cd�4Cj
����w�ܸ�ɝ�[�W�����?��O�,$A�����7������2�R���X%V3*�Z	�K�A(��6�Q�ѕ����f�ѝ�f]&lt;^&amp;,�e���{aY^ϛ��i��#�q�P7�D��W��T��l{(��׈XV�q*5��e�&gt;��c9Jd�61rL�҃��{��x�P�R���Wk�07��=�o����n#9���(Jqv[y6�x�6lB�|��mk����
�&lt;�-�W�Lf`Z�AE�����T����l�Ţ�B���C�!&lt;B*���),H�l�.҃t���_F�3&lt;�*eg��I!@O1��te&lt;� �#�1Q	�nf��\k��$�!�&amp;��bD.��L��oU�|
���M������f�:�'ـſz��M��O�~���ퟛ?�����S��O��/�3�x����^8!|�cq���5��Q��Y��u���q��U�dX��PDe���0�ӥOI�yY,�0gw��)�J�U�a�,s�=3q&lt;�XZ���:��eFd�`6̮S�t2:�G;.�X�ә��3�Đ�J��`v���L��?�ך'x�������k�G�q�۵x���O��^�w�������@8-��p��b� o;2�d�X��|�8b�X-&gt;�U�vG��2����l�25DĬ��D�d��΀Rr�uNWj�І�����۞�7
�~�u�/��y��'׿�Ά'J���f����G�-M�/|��=1	�a��MK~&lt;%g��'�Ы�&gt;��7��)&amp;DF�ф97ħ��"�I~:*SOP�D������@޲�W�i�`��˕�݄t\(�q�:�is�jmSif�l*!~@a��7JKl&amp;��J�p;`!ě̀C3ϫ
|�o@��d�lB�hb*�3Zk��K�p+�k�ϋs&gt;��?)�x�����C�*2����a��O�6�����"�Y)d�aV��Uꂲ��0}��^ObܪM�P_�Fc"&amp;k��d#r�Hd�������5r&amp;[̀B�x�F\�&lt;�,K5�sg:�_T�Go������O��5�֯S�+����/㗌km�U��=���B��G��ʋ���&lt;����#�4�Ƀ������F
�,`qZ����f|�ur�����Rs�&lt;��I�8q�ѨꍳjcL�I�BAx�I�'���q�8G�/.N�TaC}*r�!�o�;�^m-�cK@����E����8�BC��L�;�Z�a��鿚qr�c��ya�S[�|j)�=��g��Yǝ=���y�^�w�ʹ�wW;0����6&lt;�t��e�{�&amp;=V&gt;�/�֎�4��VGe���o�]�T����H��I�aL�P@����1��ΐ�	�h�D���K+9i1H��5�UİYY����1D�~p�_�~�Ե��ڭOnx`KI����`ZL����?�˷Wq�û�|&gt;aΔ��Q��a�EK
d��!�Uc���ڔHP�4_G]�G��2{^G�B^[���Fԅ50�dC4P�Z�)&amp;c�n�/D'*�N���G�6D��4ρAz�kח��09�.�t��W�W�"�@��}b�Pp�TD��5g������a����Z8La2�`m��u�e�
9���q*�i1M&lt;���Q�Q��!�!;�Ǔ�d̊�C+V�fF�*��}FF,N��h���)e�8W?%8'c���IЗ&lt;�o�d��hD�6�+B]t]"���Xt�&lt;���DZ�銺"ii��(C����3w���K��+����o\��Ĥ���״�M�U��&amp;Os'-�x���i=�A�p9��2hnk�k�&lt;&lt;�hW�4M�ɎP�IӃ��Ջ�'ׇ��Lb�۝Jp�&lt;�6{\�� ;Щ[��$�7���2f*�ͼˁ����Lf�FQ.�Q1zv���S��^�u&lt;kO��恙���&amp;܋�Ŀ}~��)a�GxF���Cw:yޠ��xseͭ�#�4���V�E�f�y������g�y���b�O�,��v@xE�%�̙��h&gt;��X�����F2�9�(eV��&amp;��i4`n!�@�/Q!����3;�ߏ=�@���҃-��0�2�¤F���_��w��J|j���*��r��1���L��1�J�ͦQ�2�rm�64ߧ�j�Ɩ���5���ߞ����R�kf�&amp;�N��s\z}���#�n%*�|[`qh�v��;8i�+�^��=��E�2C����I֌�󦶬k�t���)��iz^�1^јb5�&lt;���^����G4�y��O1t�$��M�|'���_��������8����6p���p:���O�.^?�r@�+���N塆U ��:��V��X��M��N�Ӂܸ��!��
��x~�	�����4sS�q���8GߝF'��%���!�f�J�"9fUj^����0\��!8�k��I����|�$��cƷ�dj��������:��@��0�0�c��g C��V�\�pUc�{����~���U��6����lx���ũT�&lt;���y&gt;�x�˩�;�Qdi�ݰ�!��Y�n��5�pɍ�;��C�%�ġ��	�2BK�;���_�?]W,�)|%|,���oJk�D({�6Hq9�r�S��$�'�sJ���*n�v�¶ŃQꁿ.��Yhl$L#�o)_{=�(@��TX�+D�8«��5ZAR0{���1"i��T��īƧ:�����:�c3��*9v!@�MqƠ��l9&amp;DIg��9E��ft������|��-��̦3-M̩�-'a��̇-5h��N*�+lu���}��|)��3����|Q/��Ϡ�&gt;��9��UͫMf��l~��������,fj��=zꔹ0)tr�6��y9�(4j䂊��_j���ς�I��&lt;v�������°V"Vo!2��`YG�tFa``6�I&lt;f����\��8��3����M�'`��v��$��L�T}����&lt;��%�&lt;1��L��ց:���1a��G�g�;�nU�w���������£@�x^!Lv��s8w�7I8'�'�B�^J�)�gd4)�|�R��d�|�����oF�~��Z9p�t���=�xӥ%d���;s�U��?-���g׭� ����N�;l��%p7Q�Զ&lt;������a�|���;�n�a��C����؟������a�@��3��س�^�cF���B�J��a-V�X3ߧV3��	aDZ���g.5�8��;6��x��O��3�v��ͦ�/��)Sڲ�;��y��[�1��׮]�h����.z�F0�C��QE�䣅%�N��2:���tF������ *E��b�XXF��[�y՘K�{��]���O�xi��^5+��+�9��]1�U)+J�{���)�8d�CC�F$�����.^�&amp;D��d�
m~�$��u2+�$6WH�6�������#�W��J�z9a��Q`����7Q�š$9��7���5����p���&gt;ǎf��9��[����7�Iq�'�
3,}�:QO`�:�`j=���Ϊ�|���&amp;\�;�Koi/�y�s�;����F���lt7ɦ���5N�W��D�'p�!��$�d�w#�=0��Ý�-\1�`KO���¼�=-�T�7acO�1��&amp;rq�ۦ�lk���s��z��m^���5�
=9��N��.���9�&lt;�,�lg�/Nf@�C�u'��ބ����G}�%-�f�H��̠�!(�y����jY��dDZ����m��c�/=,��lG�����E-g�D���/Co��L��Z���!�Yeǂ8 X��f�c&amp;�8��f#����Ϳ��v󖚻S���(3M�E�W�c��)Wp�q�����z�iB:&gt;#\�N�(g�����˧��M�=;�F���������&amp;�������a��r���;��)�;=0�5:� wm��ԮBIL,��N�x�*��9�3&amp;&amp;�S�Q$M���OğnV	��XR�&lt;���bk�Y8E�[s�`�ǂ�H����T'4�@��� ^�b����AĆ(��आ���(5�R����Y���암���� 7Ƿ�"��1���`�;Zi���)&amp;$r��		Af�6�R0,��Y@�f��TΠ��s��Ng`�Ѭw����*R�=��s�2�#�_�Wψeo�.h������S�&gt;���i&lt;D�g-�W��{���-���-e��Uc�ü� U�yX!Q(���Z�ZUQ�S�Tf�^����y2���b�(^=��*��I�JgSFM(�̓fn��ݣ��经��W�� ��z����qK];F�"|ׇËV�&amp;a�I�V��q�����RC@x%;V�j��}$�ʫaf:d��Y��j��WCO��"x8����]��q��O��da�s;V&lt;��	��
q�h�jK�0�ݏ�l����l:����uF�V���y��i0kaZXE
�BG�9&gt;b�?x�=ܽ�zbc��%�2%��H���������ks�2�a���q�Ӎ럮����Z���&gt;��֜W�w�&lt;}���&gt;
���1�0�����R7�n��Y���M"�4���s�t��lvZ$p�$��9o�+�������Eͽ�{�_K�m��6�o�	w�2������1��;�c���=���@����B&amp;��bR��B��-J`%(H��3ʴ�r����nR�2D�Wjz��Tנ1�7�z���:�4k�l%��3�邾��FWM������3V0�I�n(@�z���z�UQ��$#6rL���(�M9pP�6U�����SF˻i�Z��[7f����k�`_W���`��]�C�TFF�}�spS5Vdq��#Ѝ����@����Ȕ&gt;����t6��ߏ'�W�ys��߅�/�\8�[�7{���=:[�׭�p��ͧg&lt;1f���T��;%�5c���F%�׭=�Ǝ���Ì��}�ts�~���.���/�ҷj����&lt;�Ae�[�g�Q�A\[k�Fa0�9&gt;�N���L�w�]�z*���/�)����}��A�L:0����ҿ���$pwܨ^�xブTj�B��]liA_���/�:�Z��S3ZL)����t��t�Bţ�zu�ڻw�n��\���֫Wz:�ݺN0�}�P(��CB�r�-̢��Y�
-�C��u�����u-��&gt;ك�嵏(�l�L���6��	GeゃK0���P���2$Dγ����z���r"1�d1$�ș	e��E��Q�Ǘ�	��,|��0��]r&amp;��D&lt;GHhY����yS���*il&lt;�&amp;�	b
�$B2�@S R�A�5�ąr�.�^o��������������Z�̢[�8v&amp;���Ё �)�J��aR�&gt;����l]װ�.O|����#s��ʜY�d��-[i�ڇ-'�ܺ�1GF���7J1j���P�7�(���J����tJ����3�Z;R�t��3�~�Rꑏ�qG��A%;Ƥ�^���N�)- �tD�I�w�b�d�T*TQ�Hv����_��n��ͯ�~�_|���-� \���_A��w����/\�R���Z\�ez�V&amp;�G�h��Zs�O�Sh�v�.�3�]�6�%=(hK P�ME}EM���a�U�m|��w{wS߸��gMËJG����1��G���&amp;׏�u�8�ջ�RX�L�EXIV�.�B��l:��f�j#"#-j�Q�_�F9&gt;���6%����ަ$�m4=���3�6s[_\�����n��gs�KB�Us�_t����篬'7���u���?,�yA�#�ԡn^�Z�P*�!D�FJ�(t�8�NA%�+��5+����Fy�=�XU���g[��ܳϒ&lt;WR�t9.y����s��Yt&lt;Q��O����|�AjJLl ����J��x��Ǉ(^�jڳ[e~rlߋ}�_:����5'W��-��]{��}�ƨG
�&gt;��,+@���R?	s�j����r�j�ބɤQjUu��&gt;�W���dD���d�J�1�]G=U��3�&amp;L�н(�&gt;����m9������j�l�Z��3�
��%,j�7��r�.����xm�(S��F�٢R�ur�V�jKH�b����S�����x0�3+B���9��d�����=�a��c�sA_���i�+UjN���q�	zN�=��� �w��oj�!���J���_d��Lϻ�%_�wAo�mL
{D�բQ������n��^����	z8#���)���!�`H6�1E�5��q�ý����$Ù��z���=�fI�/?ز��&amp;
�R�ꖕ{���1�I��b��1���zǃ�EC\�&lt;���b;��O�^�aa��؉�	K��9�ݣLc��]-7[��B����п��z�2��ʪ��r�]Z=3��n�����e������v�Q���~!.��C�ӳ^��^�у���?�u����Fu|+�|f2F���&lt;��i�|��j����dj����̍��̸d��E�GQY'�s��3���B�Z����&amp;�ƶ��k"��T2�-GuKj�!�$�If������&gt;x�ų&gt;&gt;�յk��c�ULc=N��fƖ�����OW.Ǫb/���-�yA���5b*m��t��^n���0�\�3�በs6sJ�������Ƒ�(s,O:ι�P�N76��?:{*�L�,0�tFy��ዳ?�Ĺc�f=:�Ɍ��cO�+�n�/{�Y��.ly	V2v2����I&lt;�e
�8R\�ū'�P�AU�#-ϣB��.��ķ�Nu4�zh�h��O�tc�.H+2k�o��Ĵ�i���&gt;�[0�93(m���p�7��Q��*��+�w�2fX&lt;2��C%F�H��F�����Ы4�xn߾��f��kܐe�������}U&lt;���Մ(Y0�X9	��q�Q�f�bCd��E�p���-��Rs�M#Z-mȟ������	�jY������{v&gt;���5ߦ�����;����]�i]�x���&gt;42��@��z�7&amp;ԨP��,z&amp;�b�"�T���a&gt;��fDF��1q���t
�W����瓐��w�J�I0���կ�77c��ݻ��~��ܙ⚡^%\Y�i�����������f�Y+� �^u8�� M׸(��-C`5&amp;v�	2��Ǧ[�^K���ؖYe�T:�b�c�;�N��_V�x��.��_2v��K˗���_�m֬�;f���\|��Uck��j��Θ��!�������̘�s��(�=�����,$D�����L����hdZ�` �h����֨5���W�J;���W����Cw��ma���&amp;��+�b^8��	'w	oᾐ�0i?s���,,h\ ��U�1��S�1���٧`	Kd�X	�C\�G�D	AeD�/���g���_H��P?4����|��^6[��G.����IO��
g�`�Ӭ��)P;�Xs���J{,�uf���̝�j���@D�����ϟ�LY�eCf͚W��(˿.}�p؛EKW�|�j�ҁ���BҊ�f�"q�W��N5weD�X{o����M�Y7b��-6���ѻw|ʘ��N�g,�6rz�����iHwQ&lt;}���RUd�i�Y$���n�������IO�q����nwz�۝��H��#%9))9��݆��[|�t�������mbT�I��r�x2hUQ*tFeP��.���5��U���6`0lI4���N-�x��� �\�]�֓��� ��/[�d����r����7���H�w��wizS���ya��){q����{�����G/�����w&amp;�����~�;�#�v�{Jh��&lt;��_��݋����(��3�;�B��p+oWbl�v���TlDt�!jC,�Ҹ���ۉa`���ե�ӭ�@|��m�$�{��)t���?_���"~f��B��3�?D��e'O�³�5��^S�
}��7%�,ݿ+Bդ�C&lt;R�8��� ����U�F���4&amp;8�7��؊������C����x%.�&gt;�Q��n&amp;o�v
�ƛ�����rЃV�!�W�`�2�-�qt�:���Rٸ��k�w��������O�4%P�8�'֊�Gg@Yj��`��{�t�Zc��F�!����72��x_
��nIxv�8�a���G�ɖ?"6��#�e��U������}~�F�5&lt;}���sg��`���y�B5� l'�����p��M~�}��Y����7-
X@�2�~�owz5j�z�����-��%��NJ(���Q�,8�x����ŋTU�(��Q4��ݰ���%�k���͜1�x�L��
�i$&lt;�B2&amp;��Y�iF&gt;��u(����4FĆٔ�(+v�Eڃ8R��e2'��e�-_��03eB��%�����a/&gt;��W|5�lHZVvLrɴ��7�&gt;c:�qL��Fk9C����6�3N52C�8�h72F�&lt;���;���ƍk?�����-���g��(�x��Y�]�Q=硉��N�j��m���;��5/k纇�g�ˊw�IH�sϙ��wv����@��̅W���x��^�4������R��^G����J��&amp;�)�ʛ�&amp;���;������)H�.#,/�0Zx陆�a�i_֕(�x�p��K�������q��&gt;ChfKA/kQ���r�Hr!D���9��p�C�Ď8����KG:i'[:�ê�����k&amp;Ah������]�
��f^A�P��U��UD1�GPb�'	Ǝ�$��%�2fg|��L�	��@-�&amp;D�#���r�C��%w�����m�t�̂���y�1|jɣ�Mµ�JE��kZ|�~U,�1��ǟ�'���A`�@��"��'B ��@ TE�~�hmoI[6�;ؼ���K���A�MB���k�������?�
�?��Iiw�f����̱��ֿ�{���[�*��;塱�]��&lt;�܁�;��y�gÈ��!v4pf���E����=�@ͺX��1'ed���G	�U�����Q	S���la����C��W,ce�nb�.CX��%-������LM�����h�)��ڢYd���gt�)m��N�Aտ"��5$�:5�k��+��Q�C��c�@]i�������p����"��DD�cb�}1:}H�O���7&lt;8~\g�
&amp;�/��Y%d�gh�lj��VP6���/��M�s��c����I����?0��\��7W�U&gt;#���#�9S|E�%��E��e�����J1TV��]��&amp;.B�W��S��lT#��O\�\R���-�Z!�w�p��R�ҡ���0]�&amp;�mx���B��!�UL-�j��v7C��\�ug�L
#o���H�O��\�Sb�p�i�&lt;��x���w������m1����_�bh���#�L�Q&amp;��:�u��-���ߘ���D=ϝ�9��9���r1�M�Y����� D�m1eJ-��i�Z�J-�:�p��Q�"T씠
��P�㓬�O�d��,g�Y��!�@�ZY��e�y�5Hd��U(t�&gt;a͝�O�|χ�����CR1��+�Ϋ������-�o�yB�1f��ʬ�c6	+�]����NPJk�2EZJ
�҆{V-FǉpI�`��J�f�_��X)�pާ�t��"�s�ĶE��w�p��R�&gt;�tB�xIǪ�� �m^�LA���rdK�(�E�9 ��
;��Ra��k/�(�e���c"~Pxv".ť��m�w��z�;��\a{8�e�d�M�J(0-'���%�iS;�|Z��c�N�[��'��������E�hP*�$������b���ǴE~�q�c��t��=Vy��і�*�i���l��2,_=��m&lt;��э_V��]�)��oRD��;���&lt;��1�K�L�vs$��p���lt^ja�O��|���sw[�hs�sb;�#v��K��8IR/�I �on �/��Vp��h��Y` `�B��ё)�� 8	O�=@r�pA��pc�elÖ�;�?�ػ�����	�`+:�򯵻��O�Zo�[�(ԓj��n\�YU*���%%�z����@���iW���_kH��"ؒ�FP�F:|���p���TG���%�샇����+G�ܚ{y�J�x�/n5����~��*g���-���I;^ʮ�M&lt;X�pNѼ���Ԍ1����������6���;�Y�FAZ�D���vo��x���}�q��b��S=�i[}���&gt;w����ϑ�ѽ�A��F�i��g�EW��%�����*��&gt;���醺�{���؞��Q=C׷�=!6!�gKb��zu�ճ�&amp;:֒*��s|&amp;�C;�s����
^CFЪM��d�'�f��&lt;e�����,���E8&lt;kΓϥ䟞����ԗ=�u� 9������OM��qj�s��}�d���Gv���adq⳯ȥ���?=XR*�����jW���������X?Q&amp;��$7lߺ��u�`��H�IS�QS��8"�r%�1�Ƚ�����]�S�~��:Ջ�ޯTJ���h�'P&gt;Q�ῒ�F���
�}�F`r��[Ru�E�+�bT{\ � �0[܂Q�&lt;�&gt;*�C�Ǧ�����;��U�7�ɫ����ި��]Q9�b��4Z�|�j¤K�A:%�޿����Qj
�;�1���t�(�$%��N����&amp;����ry�9Ỽ�c�go�|{�����n�*���Η�e&lt;��oX��W���~��ӏ��O��+�}x�Za����Fa���P܊Q"����M#�$�#n&amp;�P+�pI�]���g���S�����N���R}�w����J�D=�x�5�q�n1�Ǝ&lt;�P�R�cӓ���jL�����~�[D�	�u�|�����h��'-�wOJ�`ά�����/�w�7��!p3�j=�N`��}�7�n2)��Q���6e�#�P���I�gd$���	�IT�&lt;�"*�41��~z����v����ͯ��3�k`6y���3�{Q��Ȯ�d3F4 cȜ!5�}i2�4��K��[�{�R�O�E̕H�K�K3��Ϟљr����թ^Ĭ�~�S�nmr\&lt;�{+� ���v1vD��F��Q�n������ˀ�v�EA�9&gt;��X��:y�&amp;��E薉��r�G��\2�����}��U����ǹ�73��8q#i�.	?R�&gt;=4SH�#�G���3q7Nc����%6�-z�cq`�F/A�U��䌆�	ːN�.�������~`+	��ƛ��j�dk�e��9%5�GV��._׭f�5}��lx������JڅP�	t����d)m�yi$a��I��-���Gz&lt;�f���O�S=aB՜����	�.����&gt;OL��P�q*��Tfq+��JF:1���m7�A$C=n�S|���d�f������:�zj'�g�W�	��殀�O���[Z��Gߵ�hnD��S �;�{J�O���kɲ@87=�]-�f��-�Gm"��i�SNJ31�Lw)�	��F��!�C�&gt;1�)��(c2�,�8�o�:��љ��J��Ԕt�rL��u£x�����&lt;����}w3���ɥ�؄�O��M�J\�� b9LP0`]��L#]�\Z��V1�h�?KV1���.�ۡ���n�}����bJ{Ж�u���Q�^�&gt;�Q)|��%'/���&gt;|�
endstream
endobj
3 0 obj
&lt;&lt;/Type /Font /Subtype /Type1 /BaseFont /Helvetica /Name /F1 /Encoding /WinAnsiEncoding &gt;&gt;
endobj
4 0 obj
&lt;&lt; /Type /Font /Subtype /Type0 /BaseFont /AAAAAC+OpenSans,BoldItalic /Name /F2 /Encoding /Identity-H /ToUnicode 15 0 R /DescendantFonts [16 0 R] &gt;&gt;
endobj
15 0 obj
&lt;&lt;/Filter /FlateDecode /Length 1679&gt;&gt; stream
x�e�O����?E7�ŖT*�����8!g�]��0�=��gf�d��4t7�ZE��4Bo�����wO��y�2&gt;��۾����뗟Ǻ������o�n&lt;�{z}��Û�ϋ?}���&gt;��_n��������ק�o��~?������??��xw��������y�����?��u�t{w���6�~�я��O��}]����|������k����}{X�h�Ǐ_�z���|��\�&gt;����O���wϏ��|~|x���o��w����{�������� F1�QLb�x��x�Y�bO�O��E,�%^�%V��Ulb���.vq�C��8�%.q�[��~��g�x��g�x��g�x��g�x��g�x��g�x��g�x��g�x��g�x��g�x��g�x��g�x��g�yF��g�yF��g�yF��g�yF��g�yF��g�yF��g�yF��g�yF��g�yF��g�yF��g�yF��g�yF��g�x&amp;��g�x&amp;��g�x&amp;��g�x&amp;��g�x&amp;��g�x&amp;��g�x&amp;��g�x&amp;��g�x&amp;��g�x&amp;��g�x&amp;��g�x&amp;�σ����y�&lt;x&lt;�σ����y�&lt;x&lt;�σ����y�&lt;x&lt;�σ����y�&lt;x&lt;�σ����y�&lt;x&lt;�σ����y�&lt;x&lt;��g�yf��g�yf��g�yf��g�yf��g�yf��g�yf��g�yf��g�yf��g�yf��g�yf��g�yf��g�yf�'ϓ����y�&lt;y�&lt;O�'ϓ���uz�V�g���������d}�&gt;Y��O�'����d}�&gt;Y��O�'����d}�&gt;Y��O�'����d}�&gt;Y��O�'����d}�.��º�.��º�.��º����g�Yx��g�Yx��g�Yx��g�Yx��g�Yx��g�Yx��g�Yx��g�Yx��g�Yx^&lt;/�ϋ����y�x^&lt;/�ϋ����y�x^&lt;/�ϋ����y�x^&lt;/�ϋ����y�x^&lt;/�ϋ����y�x^&lt;/�ϋ����y�xV��g�YyV��g�YyV��g�YyV��g�YyV��g�YyV��g�YyV��g�YyV��g�YyV��g�YyV��g�YyV��g�YyV��g�Yy6��g��x6��g��x6��g��x6��g��x6��g��x6��g��x6��g��x6��g��x6��g��x6��g��x6��g��x6��g��xv��g��yv��g��yv��g��yv��g��yv��g��yv��g��yv��g��yv��g��yv��g��yv��g��yv��g��yv��g��y����9x����9x����9x����9x����9x�����:�z?���l'�z���z���z���z���z���z��'�z���'�z���'�z���'�z���'�z���'�z��~����9yN����9yN����9yN����9yN����9yN����9yN����x.����x.����x.����x.����x.����x.����x.����x.����x.����x.����x.����x.����yn����yn����yn����yn����yn����yn����yn����yn����yn����yn����yn����y�N���z9d}9��8w�����^O�_�p_�k���/�_^V�&lt;��Jm�
endstream
endobj
16 0 obj
&lt;&lt; /Type /Font /Subtype /CIDFontType2 /BaseFont /AAAAAC+OpenSans,BoldItalic /CIDSystemInfo &lt;&lt; /Registry (Adobe) /Ordering (Identity) /Supplement 0 &gt;&gt; /FontDescriptor 17 0 R /DW 600
/W [ 32 [ 260 267 401 646 572 823 730 221 296 296 552 572 245 322 266 367 ] 48 57 572 58 59 266 60 62 572 63 [ 429 899 633 648 631 729 556 516 728 738 279 267 614 519 903 754 779 602 779 618 549 553 728 595 926 577 560 571 329 367 329 542 448 577 556 613 476 613 561 339 548 614 253 253 525 253 930 614 604 613 613 408 477 353 614 501 778 524 504 468 379 551 379 572 ] 160 [ 260 267 ] 162 165 572 166 [ 551 516 577 832 354 497 572 322 832 500 428 572 347 347 577 619 655 266 227 347 375 497 ] 188 190 780 191 191 429 192 197 633 198 [ 873 631 ] 200 203 556 204 207 279 208 [ 722 754 ] 210 214 779 215 [ 572 779 ] 217 220 728 221 [ 560 611 622 ] 224 229 556 230 [ 858 476 ] 232 235 561 236 239 253 240 [ 596 614 ] 242 246 604 247 [ 572 604 ] 249 252 614 253 [ 504 613 ] ]
/CIDToGIDMap 18 0 R &gt;&gt;
endobj
17 0 obj
&lt;&lt; /Type /FontDescriptor /FontName /AAAAAC+OpenSans,BoldItalic /Flags 96 /FontBBox [-550 -271 1204 1048] /ItalicAngle -11 /Ascent 1069 /Descent -293 /Leading 0 /CapHeight 714 /XHeight 535 /StemV 60.000000 /StemH 15 /AvgWidth 589 /MaxWidth 1209 /MissingWidth 600 /FontFile2 14 0 R &gt;&gt;
endobj
18 0 obj
&lt;&lt; /Length 1865 /Filter /FlateDecode &gt;&gt; stream
x���u�VU�����I)A:T,@�R�TD)�.�;�������������̌F"����u�~�&gt;��}�G��R�TXE��������JjM��Z*�2*�r*�
Z[UI�UEU������U�T-�V�U=�W5T#5�)j��Z_�����6�F�X-��6�f�\[��Z����Vj���Nۨ��UuT'uVm���U��]=�S��[}�W��_;hG���Y��v��_`�k��j�v�p���Q�1�q�	��I�C{j/��}�����:@� �Ct���:BG�(�ct����SsZN�:E��4��)��i����Y��34Gsu���&lt;��-�"-���st�����@�"]�Kt�.��BW�*]�kt�����A7�&amp;ݬ[t�n���Cw�.ݭ{t����z@�!=�G����zBO�)=�g�����zA/�%��W��^��zCoꭜ�wr����� ��G9G��\}������W�Z��[}����e;�.��.�5\��\�%\�k���ri�qY�syW�ڮ�J��*��u\�ս�k��k�v��'��뻁��{=7qS�������z#o��ěz3o�-�ʭ��[z�������b`����Ơ��=�b�}���v;o����~�z��N��+YM˕���'z,�sgw)h���y��]�����=�n;�j��R��Efؿ�+��n+^�_�{��������Yp_�Ƽ�xg�.�Ճ&lt;�C&lt;���,������#�y�'x�'y���������|��&gt;̇��|���&gt;��{�O��&gt;�'����|��x��y�gx揕E���s��{�?w�,����9?x��{�zQ���^�}���y&gt;��B_�}�/�e��W�J_�}���u��7�F��}�o�m��w�N��}���}���A?����c~�O�I?�����s~�/�E����_�k~�o�M�#����~������?��,F�s�bt���1.�Ǆ��b��3���c��7����80���84���82����86���cr�'�Iqr�R�&gt;N�����ScZL���_�̘�㌘s��8+���XcQ,�%qv���yq~\�Eqq\��eqy\W�Uqu\��uq}�7�Mqs���mq{�w�¸;�{㾸?��x8�G�x&lt;��E�T&lt;�ĳ�\&lt;/ċ�R��ī�Z�oě�V��Ļ�^�ć�Q|�ħ�Y|_ė�U|�ķ�]|?���Y(g�\#�f�,�%�d���r�,�e�l���Y!�ΊY)+g�����/+"�E�նw�軺��'�o������ae�g����f�����v�ɺY/�g�l���q��M�i��d�l�-r��(7Ζ�In����E����&amp;�̭�mn��rq��%�!;f��]r��&gt;�f��=�g����'�f��;䎹Sȝs`��Crh��rx�#rd���9&amp;α9.�焜��V�;�s������h[G��&amp;�Ƕ�!:F��]b�3��Q� �"�F�bQ&lt;JDɂ̚Q*�Z:��X�L�U6��"S&gt;*�k/3��}����ҸE����&amp;��_���J�h��Q�X����#��N�E����S���=yBA���Q5��Uk��|=��Nԍz��/Qil�\OÂ�Q4^&amp;�����WWl�ҵ��;�o�46��+�'�buW�_[N�c�;��J�Gl��+��]�ۏ�J��U
endstream
endobj
5 0 obj
&lt;&lt; /Type /Font /Subtype /Type0 /BaseFont /AAAAAD+OpenSans /Name /F3 /Encoding /Identity-H /ToUnicode 19 0 R /DescendantFonts [20 0 R] &gt;&gt;
endobj
19 0 obj
&lt;&lt;/Filter /FlateDecode /Length 1679&gt;&gt; stream
x�e�O����?E7�ŖT*�����8!g�]��0�=��gf�d��4t7�ZE��4Bo�����wO��y�2&gt;��۾����뗟Ǻ������o�n&lt;�{z}��Û�ϋ?}���&gt;��_n��������ק�o��~?������??��xw��������y�����?��u�t{w���6�~�я��O��}]����|������k����}{X�h�Ǐ_�z���|��\�&gt;����O���wϏ��|~|x���o��w����{�������� F1�QLb�x��x�Y�bO�O��E,�%^�%V��Ulb���.vq�C��8�%.q�[��~��g�x��g�x��g�x��g�x��g�x��g�x��g�x��g�x��g�x��g�x��g�x��g�x��g�yF��g�yF��g�yF��g�yF��g�yF��g�yF��g�yF��g�yF��g�yF��g�yF��g�yF��g�yF��g�x&amp;��g�x&amp;��g�x&amp;��g�x&amp;��g�x&amp;��g�x&amp;��g�x&amp;��g�x&amp;��g�x&amp;��g�x&amp;��g�x&amp;��g�x&amp;�σ����y�&lt;x&lt;�σ����y�&lt;x&lt;�σ����y�&lt;x&lt;�σ����y�&lt;x&lt;�σ����y�&lt;x&lt;�σ����y�&lt;x&lt;��g�yf��g�yf��g�yf��g�yf��g�yf��g�yf��g�yf��g�yf��g�yf��g�yf��g�yf��g�yf�'ϓ����y�&lt;y�&lt;O�'ϓ���uz�V�g���������d}�&gt;Y��O�'����d}�&gt;Y��O�'����d}�&gt;Y��O�'����d}�&gt;Y��O�'����d}�.��º�.��º�.��º����g�Yx��g�Yx��g�Yx��g�Yx��g�Yx��g�Yx��g�Yx��g�Yx��g�Yx^&lt;/�ϋ����y�x^&lt;/�ϋ����y�x^&lt;/�ϋ����y�x^&lt;/�ϋ����y�x^&lt;/�ϋ����y�x^&lt;/�ϋ����y�xV��g�YyV��g�YyV��g�YyV��g�YyV��g�YyV��g�YyV��g�YyV��g�YyV��g�YyV��g�YyV��g�YyV��g�Yy6��g��x6��g��x6��g��x6��g��x6��g��x6��g��x6��g��x6��g��x6��g��x6��g��x6��g��x6��g��xv��g��yv��g��yv��g��yv��g��yv��g��yv��g��yv��g��yv��g��yv��g��yv��g��yv��g��yv��g��y����9x����9x����9x����9x����9x�����:�z?���l'�z���z���z���z���z���z��'�z���'�z���'�z���'�z���'�z���'�z��~����9yN����9yN����9yN����9yN����9yN����9yN����x.����x.����x.����x.����x.����x.����x.����x.����x.����x.����x.����x.����yn����yn����yn����yn����yn����yn����yn����yn����yn����yn����yn����y�N���z9d}9��8w�����^O�_�p_�k���/�_^V�&lt;��Jm�
endstream
endobj
20 0 obj
&lt;&lt; /Type /Font /Subtype /CIDFontType2 /BaseFont /AAAAAD+OpenSans /CIDSystemInfo &lt;&lt; /Registry (Adobe) /Ordering (Identity) /Supplement 0 &gt;&gt; /FontDescriptor 21 0 R /DW 600
/W [ 32 [ 260 267 401 646 572 823 730 221 296 296 552 572 245 322 266 367 ] 48 57 572 58 59 266 60 62 572 63 [ 429 899 633 648 631 729 556 516 728 738 279 267 614 519 903 754 779 602 779 618 549 553 728 595 926 577 560 571 329 367 329 542 448 577 556 613 476 613 561 339 548 614 253 253 525 253 930 614 604 613 613 408 477 353 614 501 778 524 504 468 379 551 379 572 ] 160 [ 260 267 ] 162 165 572 166 [ 551 516 577 832 354 497 572 322 832 500 428 572 347 347 577 619 655 266 227 347 375 497 ] 188 190 780 191 191 429 192 197 633 198 [ 873 631 ] 200 203 556 204 207 279 208 [ 722 754 ] 210 214 779 215 [ 572 779 ] 217 220 728 221 [ 560 611 622 ] 224 229 556 230 [ 858 476 ] 232 235 561 236 239 253 240 [ 596 614 ] 242 246 604 247 [ 572 604 ] 249 252 614 253 [ 504 613 ] ]
/CIDToGIDMap 22 0 R &gt;&gt;
endobj
21 0 obj
&lt;&lt; /Type /FontDescriptor /FontName /AAAAAD+OpenSans /Flags 32 /FontBBox [-550 -271 1204 1048] /ItalicAngle 0 /Ascent 1069 /Descent -293 /Leading 0 /CapHeight 714 /XHeight 535 /StemV 34 /StemH 15 /AvgWidth 589 /MaxWidth 1209 /MissingWidth 600 /FontFile2 14 0 R &gt;&gt;
endobj
22 0 obj
&lt;&lt; /Length 1865 /Filter /FlateDecode &gt;&gt; stream
x���u�VU�����I)A:T,@�R�TD)�.�;�������������̌F"����u�~�&gt;��}�G��R�TXE��������JjM��Z*�2*�r*�
Z[UI�UEU������U�T-�V�U=�W5T#5�)j��Z_�����6�F�X-��6�f�\[��Z����Vj���Nۨ��UuT'uVm���U��]=�S��[}�W��_;hG���Y��v��_`�k��j�v�p���Q�1�q�	��I�C{j/��}�����:@� �Ct���:BG�(�ct����SsZN�:E��4��)��i����Y��34Gsu���&lt;��-�"-���st�����@�"]�Kt�.��BW�*]�kt�����A7�&amp;ݬ[t�n���Cw�.ݭ{t����z@�!=�G����zBO�)=�g�����zA/�%��W��^��zCoꭜ�wr����� ��G9G��\}������W�Z��[}����e;�.��.�5\��\�%\�k���ri�qY�syW�ڮ�J��*��u\�ս�k��k�v��'��뻁��{=7qS�������z#o��ěz3o�-�ʭ��[z�������b`����Ơ��=�b�}���v;o����~�z��N��+YM˕���'z,�sgw)h���y��]�����=�n;�j��R��Efؿ�+��n+^�_�{��������Yp_�Ƽ�xg�.�Ճ&lt;�C&lt;���,������#�y�'x�'y���������|��&gt;̇��|���&gt;��{�O��&gt;�'����|��x��y�gx揕E���s��{�?w�,����9?x��{�zQ���^�}���y&gt;��B_�}�/�e��W�J_�}���u��7�F��}�o�m��w�N��}���}���A?����c~�O�I?�����s~�/�E����_�k~�o�M�#����~������?��,F�s�bt���1.�Ǆ��b��3���c��7����80���84���82����86���cr�'�Iqr�R�&gt;N�����ScZL���_�̘�㌘s��8+���XcQ,�%qv���yq~\�Eqq\��eqy\W�Uqu\��uq}�7�Mqs���mq{�w�¸;�{㾸?��x8�G�x&lt;��E�T&lt;�ĳ�\&lt;/ċ�R��ī�Z�oě�V��Ļ�^�ć�Q|�ħ�Y|_ė�U|�ķ�]|?���Y(g�\#�f�,�%�d���r�,�e�l���Y!�ΊY)+g�����/+"�E�նw�軺��'�o������ae�g����f�����v�ɺY/�g�l���q��M�i��d�l�-r��(7Ζ�In����E����&amp;�̭�mn��rq��%�!;f��]r��&gt;�f��=�g����'�f��;䎹Sȝs`��Crh��rx�#rd���9&amp;α9.�焜��V�;�s������h[G��&amp;�Ƕ�!:F��]b�3��Q� �"�F�bQ&lt;JDɂ̚Q*�Z:��X�L�U6��"S&gt;*�k/3��}����ҸE����&amp;��_���J�h��Q�X����#��N�E����S���=yBA���Q5��Uk��|=��Nԍz��/Qil�\OÂ�Q4^&amp;�����WWl�ҵ��;�o�46��+�'�buW�_[N�c�;��J�Gl��+��]�ۏ�J��U
endstream
endobj
23 0 obj
&lt;&lt;/Type /XObject /Subtype /Image /Width 212 /Height 44 /ColorSpace /DeviceGray /BitsPerComponent 8 /Filter /FlateDecode /DecodeParms &lt;&lt; /Predictor 15 /Colors 1 /BitsPerComponent 8 /Columns 212 &gt;&gt; /Length 2843 &gt;&gt; stream
h��ZitTE����-[gO�A���$&amp;G�p����F �"Q	��,� zPQq0�a	[v����I���Ώ~��u�,$(���խ���W��ֽ�Z?x�
�E����K9a��)[,����[�ظ\y�����LD���X�f#�mA��6�+�����&lt;�X%��5��	_��z�^ˮ�͎B��������&gt;��X�p�v�~X��Q��VAIy;��,��.c�����r(�Q���}\08n�	�s&amp;�:��A)lW�{�`V����d�)��������;��,����_D�ڷ��e��Nպsp�xFe�&gt;!���|&lt;aIv��Aes��n��&gt;hb:�3�@�tO�r�����nX��s���1�O����w�k��M���I�&gt;����j_�l�+���,��5����ܛ
���0��&lt;��Y^��T�=�	ul[P�kͰ@�֬Y�$i�G����q�Y���5IPSM�������J��\�8���	���HD�]�%����Q��[@D��o��m#&amp;�
Yg������e�^0�^	����V_k������L��&amp;i5r�V`2�R!59�R����Z'�x�R��������F�g��T�:D衦׷ף#P��p�P��1i�:�hc܃&lt;`9V.j�B��v�\�p՜��S=`|\FF��5�&lt;X.쩔LP|��"R��T��'����ŐáF����:@�?C��Y%~�du�|�m]K�Fh���j���Sa��D�l&gt;y�IYz ����BK��e����c��{֏�^��zM�w!G��[m�=+�DDd��C^oE-���.*!d-Q�t��MbWө��Y���O���9r�p=�\��m�ӂ���z�E䜯���%����H���)r���)@ܲ&amp;j�T���N�(�
���~�C�ʹ\)*-qQ0R�i%n餎�4P=V #�X^$�x0�Ʋ@B^m�v)�k@�m(&amp;�v�u�`w��4-l�O�H�H�_T%�/��X�����{��\5���x#ӅL�TK�bbs�HJ�=k촍8�ʗF
?���yMtv����;#ANc���*I�!69L��hp���8y��}���u�;�Gc�_ 9�5���'�v�G�����&lt;�&lt;_EL����VW~��v[/�Z�PL���!
`�!���S�_�x�[C�=�z���]8KX6(#���BDtz,�G�]���q�0���DD�� ���!�穻��k�5����o@�i���j��#N	B���A����#%_�DDT2#\�n�O&lt;Dd��P7(W���5C$�,���w&gt;QQb��#�Dd�;��!ބ��sE�+��ծ��¾q�!s��W;%�m�j�D��{��ۄ˾���!Ѯ�9��q.}	!�ښV��L���N�E O���sWv.c+}�p�05����?������X�m�糥�֋8�LV��3$�
,z�q�ڷVZ���)��&lt;�˥B�GT���@��v��&lt;�O����Yn\��@��9�~W\es�H�L{^��\��
o1����$h��,�Z/��]$(�rH�ڕ����3'W����'�,r��x�����j�g,���ة)Z����J�P�͂[&amp;ˬC��5p�&lt;B :���yߪc���I�&amp;�[6Հe,no^tCXq�Q�Y��k��&lt;�~��0P����p��z�'�nYU�&gt;SM����N#Y��0)+�&lt;�WMFW���ٙ�G���Yj�x&gt;fbN��{������_���n��ˤ�� ��R����B�����q㶤��i=�{�����Y�EN���ꀾ���Q5�^첯�'���(ia�.!�e]^3�&lt;��;����TP���ū��%u`}V������#�"h�A�
�.xRՙ[������G�tn�^�^��YaK_&gt;�w����̪�; ��!��1@�7��3���7���OT�Ŭ/�j��Q�oѽ��&gt;;7��SZ����-���p�{�b��WJE{#�	'�B�=t��tN�0//��8yT�Z&lt;�������e��[�4nY�.��o�ܾf�gG������?7�;T e���N[��o�ӹ��&lt;������%H�T�����?�C�����G��(⁋����++�Rs��8B�:i��m�o$@�5�lQE��W��CG�`���J���i�ї&gt;�h{�j3�^Ų���y����c�V�#Tl_�.=��WU`��(p�F�PkE̤e];�͓����u:���여Yo=���E5]�vH������TU-�&gt;\Rڜ�����U@����K��h��ZԱ��VQ��+�Ҷ�o�Q����ѫNl��GiP1�L9-+Oq@np�;F
�z
��z5�(�h��}�.����E��g���9�Ĥ�N�i�v'98�WY$�^��V2|1�_V�G7_Ar�͝n�;ʅB��ɽG���^H�����(��L�3р�A��
�o�@�(��a5�:q�
8���0�hl*=����p���!��l���S�]syg	ܥJ]���6&lt;3)*���\W���S��&lt;����{6�����0[�tG��Z�����,�Z�E�4[�Kȩ#��J��`jv�����c#��dh0;�����Y4�G����ՕMV@u�#b�"xx,��f{�vL�� ":���S3�BDT1��&amp;տ1�;�sv�/�(W;��g��6~��J��y�R3�ݣ��\�=O|��y=�w��k��a
endstream
endobj
24 0 obj
&lt;&lt;/Type /XObject /Subtype /Image /Width 212 /Height 44 /SMask 23 0 R /ColorSpace [/Indexed /DeviceRGB 2 25 0 R] /BitsPerComponent 2 /Filter /FlateDecode /DecodeParms &lt;&lt; /Predictor 15 /Colors 1 /BitsPerComponent 2 /Columns 212 &gt;&gt; /Length 456 &gt;&gt; stream
Hǝ�[�� ����&gt;�w�I���c���L�u�i�|B �Q;�A2�wG���b�ӥ}ס5"�'��Q�U�O��ℶ���]�g%]EL�7*L�@[zTqPW+k�v���`��AE�;�iŮg��]Z0Q�Gt� ��&gt;V�E�#�c����]�?Ɣ���&lt;0vD���P/�֨bUb�$S*a�妒}j/��T��P��0��bW6��o�h-��E!���P*Ӊ�Ŷ��|P�c��Қ�`��Dtyl�La��ج�m���]�F��2(j�=�d��ZoF����f�Q]�H��ݺ����W���OSF}�+��\����;h�)]����Zv%O�|W�'sh�3jU��i�6]Y�R�*���*ۨ�ҠaWUw�vj3�g���ک�bOj�����EŦ�N/ԋj�m�x�כTˁ6��*[��ֵbWj#�(�V@3m�Ϳ8"�Ky�~{K��л7�;1jh
endstream
endobj
25 0 obj
&lt;&lt;/Filter /FlateDecode /Length 17&gt;&gt; stream
x�c```
����?	��
endstream
endobj
2 0 obj
&lt;&lt; /ProcSet [/PDF /Text /ImageB /ImageC /ImageI] /Font &lt;&lt; /F1 3 0 R /F2 4 0 R /F3 5 0 R &gt;&gt; /XObject &lt;&lt; /I0 23 0 R /I1 24 0 R &gt;&gt; &gt;&gt;
endobj
6 0 obj
&lt;&lt;/Type /Annot /Subtype /Link /Rect [492.516315 814.656772 552.756315 828.276772] /P 12 0 R /NM (0001-0000) /M (D:20240901235708+00'00') /F 4 /Border [0 0 0] /A &lt;&lt;/S /URI /URI (http://www.tricentis.com/)&gt;&gt; /H /I&gt;&gt;
endobj
7 0 obj
&lt;&lt;/Type /Annot /Subtype /Link /Rect [453.036315 802.156773 552.756315 815.776773] /P 12 0 R /NM (0001-0001) /M (D:20240901235708+00'00') /F 4 /Border [0 0 0] /A &lt;&lt;/S /URI /URI (https://support.tricentis.com/community/)&gt;&gt; /H /I&gt;&gt;
endobj
8 0 obj
&lt;&lt;/Type /Annot /Subtype /Link /Rect [438.136315 789.656773 552.756315 803.276773] /P 12 0 R /NM (0001-0002) /M (D:20240901235708+00'00') /F 4 /Border [0 0 0] /A &lt;&lt;/S /URI /URI (http://sampleapp.tricentis.com/)&gt;&gt; /H /I&gt;&gt;
endobj
26 0 obj
&lt;&lt; /Type /XObject /Subtype /Form /FormType 1 /Filter /FlateDecode /BBox [0 0 87.360000 15.000001] /Matrix [1 0 0 1 0 0] /Resources 2 0 R /Length 114 &gt;&gt; stream
x���Pp�uV(T�w3R04�3��4�Q�d�����

^@���R��r�H�*$`�SPYHB�\�5$j�g0ҳ01�3E!Z�AA3V!��(�+P�����,9
endstream
endobj
9 0 obj
&lt;&lt;/Type /Annot /Subtype /Widget /Rect [234.610674 76.212834 321.970674 91.212835] /FT /Tx /Contents (��Date) /P 12 0 R /NM (0001-0003) /M (D:20240901235708+00'00') /F 4 /AP &lt;&lt; /N 26 0 R &gt;&gt; /Border [0 0 1] /MK &lt;&lt; /BC [0.501961 0.501961 0.501961] /BG [1.000000 1.000000 1.000000]&gt;&gt; /T (Date) /Ff 0 /MaxLen 30 /DA (/F2 12.000000 Tf 0.000000 0.000000 0.000000 rg)&gt;&gt;
endobj
27 0 obj
&lt;&lt; /Type /XObject /Subtype /Form /FormType 1 /Filter /FlateDecode /BBox [0 0 174.720000 15.000001] /Matrix [1 0 0 1 0 0] /Resources 2 0 R /Length 114 &gt;&gt; stream
x���Pp�uV(T�w3R04�3��4�Q�d�����

^@���R��r�H�*$`�SPYHB�\�5$j�g0ҳ01�3E!Z�AA3V!��(�+P�����,9
endstream
endobj
10 0 obj
&lt;&lt;/Type /Annot /Subtype /Widget /Rect [372.813831 76.212834 547.533831 91.212835] /FT /Tx /Contents (��Signee) /P 12 0 R /NM (0001-0004) /M (D:20240901235708+00'00') /F 4 /AP &lt;&lt; /N 27 0 R &gt;&gt; /Border [0 0 1] /MK &lt;&lt; /BC [0.501961 0.501961 0.501961] /BG [1.000000 1.000000 1.000000]&gt;&gt; /T (Signee) /Ff 0 /MaxLen 50 /DA (/F2 12.000000 Tf 0.000000 0.000000 0.000000 rg)&gt;&gt;
endobj
11 0 obj
&lt;&lt;/Type /Annot /Subtype /Link /Rect [2.835000 1.000000 19.005000 2.156000] /P 12 0 R /NM (0001-0005) /M (D:20240901235708+00'00') /F 4 /Border [0 0 0] /A &lt;&lt;/S /URI /URI (http://www.tcpdf.org)&gt;&gt; /H /I&gt;&gt;
endobj
28 0 obj
&lt;&lt; /Title (��Quote) /Author (��Tricentis gmbH) /Subject (��Tosca Testsuite Sample Application) /Keywords (��Tosca Testsuite, Tricentis, Insurance Calculator, Quote, Test Automation) /Creator (�� ) /Producer (��TCPDF 6.5.0 \(http://www.tcpdf.org\)) /CreationDate (D:20240901235708+00'00') /ModDate (D:20240901235708+00'00') /Trapped /False &gt;&gt;
endobj
29 0 obj
&lt;&lt; /Type /Metadata /Subtype /XML /Length 4838 &gt;&gt; stream
&lt;?xpacket begin="﻿" id="W5M0MpCehiHzreSzNTczkc9d"?&gt;
&lt;x:xmpmeta xmlns:x="adobe:ns:meta/" x:xmptk="Adobe XMP Core 4.2.1-c043 52.372728, 2009/01/18-15:08:04"&gt;
	&lt;rdf:RDF xmlns:rdf="http://www.w3.org/1999/02/22-rdf-syntax-ns#"&gt;
		&lt;rdf:Description rdf:about="" xmlns:dc="http://purl.org/dc/elements/1.1/"&gt;
			&lt;dc:format&gt;application/pdf&lt;/dc:format&gt;
			&lt;dc:title&gt;
				&lt;rdf:Alt&gt;
					&lt;rdf:li xml:lang="x-default"&gt;Quote&lt;/rdf:li&gt;
				&lt;/rdf:Alt&gt;
			&lt;/dc:title&gt;
			&lt;dc:creator&gt;
				&lt;rdf:Seq&gt;
					&lt;rdf:li&gt;Tricentis gmbH&lt;/rdf:li&gt;
				&lt;/rdf:Seq&gt;
			&lt;/dc:creator&gt;
			&lt;dc:description&gt;
				&lt;rdf:Alt&gt;
					&lt;rdf:li xml:lang="x-default"&gt;Tosca Testsuite Sample Application&lt;/rdf:li&gt;
				&lt;/rdf:Alt&gt;
			&lt;/dc:description&gt;
			&lt;dc:subject&gt;
				&lt;rdf:Bag&gt;
					&lt;rdf:li&gt;Tosca Testsuite, Tricentis, Insurance Calculator, Quote, Test Automation&lt;/rdf:li&gt;
				&lt;/rdf:Bag&gt;
			&lt;/dc:subject&gt;
		&lt;/rdf:Description&gt;
		&lt;rdf:Description rdf:about="" xmlns:xmp="http://ns.adobe.com/xap/1.0/"&gt;
			&lt;xmp:CreateDate&gt;2024-09-01T23:57:08+00:00&lt;/xmp:CreateDate&gt;
			&lt;xmp:CreatorTool&gt; &lt;/xmp:CreatorTool&gt;
			&lt;xmp:ModifyDate&gt;2024-09-01T23:57:08+00:00&lt;/xmp:ModifyDate&gt;
			&lt;xmp:MetadataDate&gt;2024-09-01T23:57:08+00:00&lt;/xmp:MetadataDate&gt;
		&lt;/rdf:Description&gt;
		&lt;rdf:Description rdf:about="" xmlns:pdf="http://ns.adobe.com/pdf/1.3/"&gt;
			&lt;pdf:Keywords&gt;Tosca Testsuite, Tricentis, Insurance Calculator, Quote, Test Automation&lt;/pdf:Keywords&gt;
			&lt;pdf:Producer&gt;TCPDF 6.5.0 (http://www.tcpdf.org)&lt;/pdf:Producer&gt;
		&lt;/rdf:Description&gt;
		&lt;rdf:Description rdf:about="" xmlns:xmpMM="http://ns.adobe.com/xap/1.0/mm/"&gt;
			&lt;xmpMM:DocumentID&gt;uuid:a4643c7e-d759-b83c-aff2-b30944531fbd&lt;/xmpMM:DocumentID&gt;
			&lt;xmpMM:InstanceID&gt;uuid:a4643c7e-d759-b83c-aff2-b30944531fbd&lt;/xmpMM:InstanceID&gt;
		&lt;/rdf:Description&gt;
		&lt;rdf:Description rdf:about="" xmlns:pdfaExtension="http://www.aiim.org/pdfa/ns/extension/" xmlns:pdfaSchema="http://www.aiim.org/pdfa/ns/schema#" xmlns:pdfaProperty="http://www.aiim.org/pdfa/ns/property#"&gt;
			&lt;pdfaExtension:schemas&gt;
				&lt;rdf:Bag&gt;
					&lt;rdf:li rdf:parseType="Resource"&gt;
						&lt;pdfaSchema:namespaceURI&gt;http://ns.adobe.com/pdf/1.3/&lt;/pdfaSchema:namespaceURI&gt;
						&lt;pdfaSchema:prefix&gt;pdf&lt;/pdfaSchema:prefix&gt;
						&lt;pdfaSchema:schema&gt;Adobe PDF Schema&lt;/pdfaSchema:schema&gt;
						&lt;pdfaSchema:property&gt;
							&lt;rdf:Seq&gt;
								&lt;rdf:li rdf:parseType="Resource"&gt;
									&lt;pdfaProperty:category&gt;internal&lt;/pdfaProperty:category&gt;
									&lt;pdfaProperty:description&gt;Adobe PDF Schema&lt;/pdfaProperty:description&gt;
									&lt;pdfaProperty:name&gt;InstanceID&lt;/pdfaProperty:name&gt;
									&lt;pdfaProperty:valueType&gt;URI&lt;/pdfaProperty:valueType&gt;
								&lt;/rdf:li&gt;
							&lt;/rdf:Seq&gt;
						&lt;/pdfaSchema:property&gt;
					&lt;/rdf:li&gt;
					&lt;rdf:li rdf:parseType="Resource"&gt;
						&lt;pdfaSchema:namespaceURI&gt;http://ns.adobe.com/xap/1.0/mm/&lt;/pdfaSchema:namespaceURI&gt;
						&lt;pdfaSchema:prefix&gt;xmpMM&lt;/pdfaSchema:prefix&gt;
						&lt;pdfaSchema:schema&gt;XMP Media Management Schema&lt;/pdfaSchema:schema&gt;
						&lt;pdfaSchema:property&gt;
							&lt;rdf:Seq&gt;
								&lt;rdf:li rdf:parseType="Resource"&gt;
									&lt;pdfaProperty:category&gt;internal&lt;/pdfaProperty:category&gt;
									&lt;pdfaProperty:description&gt;UUID based identifier for specific incarnation of a document&lt;/pdfaProperty:description&gt;
									&lt;pdfaProperty:name&gt;InstanceID&lt;/pdfaProperty:name&gt;
									&lt;pdfaProperty:valueType&gt;URI&lt;/pdfaProperty:valueType&gt;
								&lt;/rdf:li&gt;
							&lt;/rdf:Seq&gt;
						&lt;/pdfaSchema:property&gt;
					&lt;/rdf:li&gt;
					&lt;rdf:li rdf:parseType="Resource"&gt;
						&lt;pdfaSchema:namespaceURI&gt;http://www.aiim.org/pdfa/ns/id/&lt;/pdfaSchema:namespaceURI&gt;
						&lt;pdfaSchema:prefix&gt;pdfaid&lt;/pdfaSchema:prefix&gt;
						&lt;pdfaSchema:schema&gt;PDF/A ID Schema&lt;/pdfaSchema:schema&gt;
						&lt;pdfaSchema:property&gt;
							&lt;rdf:Seq&gt;
								&lt;rdf:li rdf:parseType="Resource"&gt;
									&lt;pdfaProperty:category&gt;internal&lt;/pdfaProperty:category&gt;
									&lt;pdfaProperty:description&gt;Part of PDF/A standard&lt;/pdfaProperty:description&gt;
									&lt;pdfaProperty:name&gt;part&lt;/pdfaProperty:name&gt;
									&lt;pdfaProperty:valueType&gt;Integer&lt;/pdfaProperty:valueType&gt;
								&lt;/rdf:li&gt;
								&lt;rdf:li rdf:parseType="Resource"&gt;
									&lt;pdfaProperty:category&gt;internal&lt;/pdfaProperty:category&gt;
									&lt;pdfaProperty:description&gt;Amendment of PDF/A standard&lt;/pdfaProperty:description&gt;
									&lt;pdfaProperty:name&gt;amd&lt;/pdfaProperty:name&gt;
									&lt;pdfaProperty:valueType&gt;Text&lt;/pdfaProperty:valueType&gt;
								&lt;/rdf:li&gt;
								&lt;rdf:li rdf:parseType="Resource"&gt;
									&lt;pdfaProperty:category&gt;internal&lt;/pdfaProperty:category&gt;
									&lt;pdfaProperty:description&gt;Conformance level of PDF/A standard&lt;/pdfaProperty:description&gt;
									&lt;pdfaProperty:name&gt;conformance&lt;/pdfaProperty:name&gt;
									&lt;pdfaProperty:valueType&gt;Text&lt;/pdfaProperty:valueType&gt;
								&lt;/rdf:li&gt;
							&lt;/rdf:Seq&gt;
						&lt;/pdfaSchema:property&gt;
					&lt;/rdf:li&gt;
				&lt;/rdf:Bag&gt;
			&lt;/pdfaExtension:schemas&gt;
		&lt;/rdf:Description&gt;
	&lt;/rdf:RDF&gt;
&lt;/x:xmpmeta&gt;
&lt;?xpacket end="w"?&gt;
endstream
endobj
30 0 obj
&lt;&lt; /Type /Catalog /Version /1.7 /Pages 1 0 R /Names &lt;&lt; &gt;&gt; /ViewerPreferences &lt;&lt; /Direction /L2R &gt;&gt; /PageLayout /SinglePage /PageMode /UseNone /OpenAction [12 0 R /FitH null] /Metadata 29 0 R /AcroForm &lt;&lt; /Fields [ 9 0 R 10 0 R] /NeedAppearances false /DR &lt;&lt; /Font &lt;&lt; /F2 4 0 R /F1 3 0 R &gt;&gt; &gt;&gt; /DA (/F1 0 Tf 0 g) /Q 0 &gt;&gt; &gt;&gt;
endobj
xref
0 31
0000000000 65535 f 
0000003692 00000 n 
0000035161 00000 n 
0000020901 00000 n 
0000021007 00000 n 
0000026150 00000 n 
0000035307 00000 n 
0000035536 00000 n 
0000035780 00000 n 
0000036315 00000 n 
0000036997 00000 n 
0000037385 00000 n 
0000000015 00000 n 
0000000517 00000 n 
0000003752 00000 n 
0000021170 00000 n 
0000022921 00000 n 
0000023912 00000 n 
0000024211 00000 n 
0000026302 00000 n 
0000028053 00000 n 
0000029033 00000 n 
0000029312 00000 n 
0000031251 00000 n 
0000034340 00000 n 
0000035074 00000 n 
0000036015 00000 n 
0000036696 00000 n 
0000037603 00000 n 
0000038121 00000 n 
0000043042 00000 n 
trailer
&lt;&lt; /Size 31 /Root 30 0 R /Info 28 0 R /ID [ &lt;a4643c7ed759b83caff2b30944531fbd&gt; &lt;a4643c7ed759b83caff2b30944531fbd&gt; ] &gt;&gt;
startxref
43381
%%EOF
 
 </msg>
<msg timestamp="20240901 17:57:08.520" level="TRACE">Return: &lt;Response [200]&gt;</msg>
<msg timestamp="20240901 17:57:08.520" level="INFO">${response} = &lt;Response [200]&gt;</msg>
<status status="PASS" starttime="20240901 17:57:07.220" endtime="20240901 17:57:08.520"/>
</kw>
<kw name="Should Be Equal As Numbers" library="BuiltIn">
<arg>${response.status_code}</arg>
<arg>200</arg>
<doc>Fails if objects are unequal after converting them to real numbers.</doc>
<msg timestamp="20240901 17:57:08.520" level="TRACE">Arguments: [ 200 | '200' ]</msg>
<msg timestamp="20240901 17:57:08.520" level="INFO">Argument types are:
&lt;class 'int'&gt;
&lt;class 'str'&gt;</msg>
<msg timestamp="20240901 17:57:08.520" level="TRACE">Return: None</msg>
<status status="PASS" starttime="20240901 17:57:08.520" endtime="20240901 17:57:08.520"/>
</kw>
<kw name="Create Binary File" library="OperatingSystem">
<arg>${file_name}</arg>
<arg>${response.content}</arg>
<doc>Creates a binary file with the given content.</doc>
<msg timestamp="20240901 17:57:08.520" level="TRACE">Arguments: [ 'Data/Quote-file.pdf' | b'%PDF-1.7\n%\xe2\xe3\xcf\xd3\n12 0 obj\n&lt;&lt; /Type /Page /Parent 1 0 R /LastModified (D:20240901235708+00\'00\') /Resources 2 0 R /MediaBox [0.000000 0.000000 595.276000 841.890000] /CropBox [0.000000 0.000000 595.276000 841.890000] /BleedBox [0.000000 0.000000 595.276000 841.890000] /TrimBox [0.000000 0.000000 595.276000 841.890000] /ArtBox [0.000000 0.000000 595.276000 841.890000] /Contents 13 0 R /Rotate 0 /Group &lt;&lt; /Type /Group /S /Transparency /CS /DeviceRGB &gt;&gt; /Annots [ 6 0 R 7 0 R 8 0 R 9 0 R 10 0 R 11 0 R ] /PZ 1 &gt;&gt;\nendobj\n13 0 obj\n&lt;&lt;/Filter /FlateDecode /Length 3103&gt;&gt; stream\nx\x9c\xed]\xdbr\xdc6\x12\xc5\xf3|\x05\xab6[\x95&lt;\x18F\xe3\x8e}s,\xc5\xebTl+\x96\x9cT\xad\xe3\x07Y\x92ee=\x1eK\x96\xad\xd2\xdf\xa7\x01r\x86\x18\xceE\xe4\x90s#)\x95$\x8aC\x10\xec&gt;\x07\x8d\xee\xc6\x85\x8c*\xc3\xf0+\xb9KX\xf2+\xfe\xfc\x9d\xbc}\x87\x7f\xce\xf1\xe7\x19\xfe\\\x0e~&gt;I\x1e\xff\xc2\x13\xe0\x94\x85\xaf\xe4\xe4Crx2`\xe5\n\xc2L\xc1\xeb\xf4\x03\x91\x00\x9b\xfe\x00?\x01,\xc8\x12H\xb8\x10\xd4*+\rO&amp;\x17\x9d\r\x07\x93\xe3\xd9\x83\xd7\xcf\x1e\xf8t\xf0\xfb\xa2z\x97\x97[\xa9P$\npC\x95r\xe0\xaa\x88\x92UZ\xad\xce\xdfKT[\xff\xc6\x8cJc\xad1\xf3n\xdb\x88fW\xba\xd7u\x02\xdaQ\x9d}\x80\xdfBQ\x9e\xfe\'9U\xe0\xb4U\x89\xb1\x8eJ\xad\r\xb2\xeal\x98&lt;~\x0e\xc9\xc1(\xa9G\x8b\xf5S\xa9\xce\xa7\xabqw\nn\xd4\xa3f\xe5\xf1^h\x13\x96U\x19\xac\xc55\x9e\xd1N\x02X&lt;0\x0c\x11\x83\xfc\xe0\xe62\xc1*\xb1\x9a\x9b\xbc\xdc\x1d\xd6\xe8\xcf\xc6\xf8r*4(\xc4\xf7\xe4&lt;y\xfb#\xb9\'#\xf2\x8d\xdc\x90\x84|\'\x17\xe4#\xb9"g\xe4\x13\x1e%x\xf4\x99|\r\x9f\x9d\xe2\xd1Y8w\x8d\xff\x8f\xc8-\xb9\xf8\xe9]r\xf2\xab\xbf\xfb\x8a\xdc@\r\xd6\xd1D]\x8b\xa3\r\xe5BM]P\xd6\xe0p\xb9:S\xe6W\xbb\xe0\xc6\xd3E\xa5\xa3V\x80\x14\xb6L\xd1\xba$[x\xcd2\x92q\xec\xc5\x94\xb3J\xf3\xc48K%\x93f\xc2\xb2\x7f\x11 \x9a8\xc2\xf7\x9c7\x06M;\xe8j\xbc\xa9\xd4%1\x0fsY[\xb2&amp;\x13\x03 \x0cWx\x80\x0f\x82t\xf5F\xc7jn\xd4R\xf4\x05\x1a\x16\xec6&lt;A-`\xbfju\x8e\xfe-\xda\x90\xab`A&gt;\xe3\xf1\x15Z\x15\x8a\xff\x8d\xc8p\x1f\xd9\xb0\x1d\x0fi&gt;/\x9a#\x1e\x12[\xa8}\xe7\x1dS\x94y\xde\x89\x8cw\xbe\xf7\xfa\x82\xdf#\xe4\xdf-r\xae\xe7a\x03\xf6o\x0eM\x9a\xa3\xa1RT\xee;\r\x8d\xe3\xa9\xf9\xcbixJ\x86HC\xefV\x9d\x06B\xf6T\\R\xa8T\xcc\xbc&lt;46\xd4pW\xf4\x95\x9ac\xe9\xfc\xfb/z\xae\x18\x90\xe5\xd5$\x83\xa2\xa3\xce\xa5\x84d8P\x8aS\xa3\xb4\x80\xa9\xf3\x9f\x06\xc7\xd3\xb7^QsK\x19\xb3&lt;\xc3!\xf3v\xc0\xa3\x82\xe3\xb3e\x18W\xf3\x16\x91\xca\x9c\xa3\xe8\x83Zl\xb2\nE\xe4Bk\xc1\x92G\x02\xd2\xab1B\xbaH\x8e\x93\x9a\xf5\rPWv\xa6|V\x05+\xdc\xc7*\xe6,\x9b:\x10\x8e\x83\x1e\x8b\xde\xd0\xadbzh\x9b\xea@&amp;\xc3DpAA:\x0c\x1b\xa2\xd3\x9f\xbc\x0e\x9a\xa9x\'u1W\xe8a\x02Nap\xc2\xb4\x91\x9b\xd4E\xa1\xbc\xef\xda\xb8\xf4\x07\x86\xe1\xa1?\xf0=\x8cX\xa6\x83\n\xb7\x18\x80\x94Ti\xc3`Z\xf6\xbc\x85\x94\x10\xbd|}\x83\xddj\xfd\\c\xf3w\xa0\xcct\xf3\x07&amp;\xa8q\xf8\xa5\x1bj\xff0N\xa1-.\xbf0G\x93\t]\xf3\x16q{\xe7B\xe2\xb5(\xb5\xf6\r^Z\xaa5\xa0\xe0\xf1\xf9\x00u\xbd*w\x82\xddRQ\x91A\x8d\xc2\xc9\x14jl\xd9\x12\xa8II\x1f\x9do\x84\xdf\xf3\xca\x8b\xf9\xa6\xe1!\x9e7t+\xcfw\xc8\x94`\x1dUB2\xe7\x9b\xb8Rh\xf52F\xe4\xe7\x17*\xa1z\xcd;\xd6\xd8\x85E\xa4\xd1\xc3\xb6\xd3\x8d]C*\xac\\c__\xb1\xad\xd7\xbc\xc5@\x18I\xc1\x08\x89p\n)(\xf7B\xa3\x1ff,\xc6\x18\xdcr\x14\x9a\xb3\xb4m\x8f\x1d\x9cz5\xee\x84\xd0QG\x16\t\xcd\xb9\x1f\xbe\xd0\xd2\x8aV\n-%\xba\xe1Lr\xa5\x13\xa1\x05\xb5^ht\xd6\xd1\xe5\xe6\x8a3\xe5Z)4\xf7\xc1\xb2@\xcb%\xa7\x84\x96\x86:\x1fu\xb7\x13\xe9\x98\xde\x9d\x11Z*E-\x80PS\xd6\xdbi\xea\xa4t\xba\x9dv\x8c\x1b\xec\xae9zd.\x96\x19\xac\xa0\xd8\x89\x815\xad\x14:fw$t6\xd8\xae\xb6#\xf4\xe6\x9cS\xa1\xd1\xebHe\x9erN\xa3\xf3\xed\x0b\xbe\xb4\xd2\xa1\x97vn\xca\x1f\xe3h\xd2\xfc\x14\x03tK[\xe3\x90qm(\xe3\xc22\x8e\x81\xb5\xf3I_\x11\xbcqE\x8d\xe0\n\xdai\xbc\xa36\x1d\t\r\x9c#G\xb5q\xd0J\xa1c\xa4\x15K\xbdP\xdd%\xa4s\xa1;\x84\xb4a\xa9Cf\xba\x84t.t\x87\x90v\x90:\'\xaeKH\xe7Bw\x07i\xe5\x87\xad\xbcw\xc2:\x84t$t\x87\x90\x16a\x18^\xa0\xa4\x1dB:\x17\xbaCH\xab4/\xe8x\x97\x90\xce\x85\xee\x10\xd2&amp;M\x919\xd9%\xa4s\xa1;\x84\xb4K\xd3E\xaeK\xf1t$tw\x90\xd6\xa0R\xe7\xa4K\xf1t$t\x87\x90\xf6\xabc\xbc\xd0]\x8a\xa7#\xa1\xd7\x8b4\xdb\xb6\xd01\xd2y\x0ex\x8dHG2/\xa0\xd90\x99\xffPY\xd6\xbd\x8e\xcavB\xe51\xcfr\xe9\xd6\xc8\xb3E*\xcf+\x9fVy\x0eEC*\xdf\xa1\xd1\x1d/\x9c\x1d\x0b\x1d\x8d\xeeD\xe7\xdb7\xbacd:\xb9=\xa4R\xda=\xdb\xc69?4+\xb8N\xf0l\xea\x97a\xdb\xc2\xb0\x8b\x19\xe6l;\xe7`D\x06%\x12\x9a+E\xb1\x8c\x9fR\xd6F\xa1%6X\xc9\xc0:\x96\x18\x1e2e\x12\x8b\x01\x18*\x94\x94\xbc\x9dB\x0be\xa9\xc5\xc6\x8b\x1eh$\xb4\xd1~\n\x8e\x9fa\xd6F\x99\xb9\x00*\x98\xe1~eN\x04\xf4v\xa7#l\xb2I\xe7B[M\xbd\x11\xe7\xed\x94\x19\x1b-\x05g&lt;\xa4Q\x87\xd5r\xa0\xa3\x19F\xb1\xd0\xdd\xe9\xb0v\x06\xe9\xcd\xf9\xa0\xbeE\xf3T\xe6)\x1f4:\xdf\x88\x0f\x1a\xafx\x93\xd4:YmE]\xb6d\xcc\x8e\x9f\xa2\xe4\xea\xc5U\x8a\xcd/\xb3pW\x9e\xa5O\x90\x0b\xfd\x08,P\xd0\x8a\x83\xac vq+\x18\xd0\xc6/\xc8\x88oP}\xbb\xa0\x07\x9d\xfd\xebd\xc5\x85\xabH+3\xa6\x95\xa3\x1cee\xe3e\xfb\xcf\xc9KrL\xde\x90\xd7\xe4\t\x1e\x9d\x90\x84\x1c\xe0\xd1\tyR\\\xa3ZY\xc75TT\x82\x06\xc5BM,\x89\x9d\xbd\xeb*&lt;\xad\xf3\xe9\xa2\xfa\xeaqf\xa1\x01X\xc6\x19?Sybs,u\x18\r\xa2\xa5MI\xf3\x0b\xb9"7\xe4+\xb9E\xba\xbc\x0c\x0b\x9f/\xc8\x7fH\x12Q\xe6!%\xd4F\xaa\x8b\x90`3\xa7"\xf3\x03\x8a\x90\xfc\x860\xf4\x80l\x18\x10\x89(\x88\xcc\x1b-\x02\xf2sh#\xb7\xe4#9G@nw\x1c\x90M\x95i\t\xf0\xb1qd\xc8\x01\x0f&lt;\xcb\x80\x7f\x16\xf6{8\xc7\xdf7;\ryK\xa0\xf0\xebAU\x16\xfa\x17\xa1x\x1a\xf6=\xfb\x1c6\xe2\xb8\xef\xc1X?\x18B\xa3\x03\x95\xe5\x9e\x8a`\xfc\x0f}\xcd\xa3\x1e\x84\r\xf4J\xc2b`\x9cf=g[\xc4\x15\xb6\x86\xddn\x0b}_\xb4j_\xa4\xad?\xe4\xce\xd9\x0c\xee\xe3`\xfa.\xf0\xdb{\x86O\xb0W:\x0f\xff\x7f\xc5\xef]\xa6@K\xa0\xc10\x9b\xdat\xa4i\x06\x9aW\xe4\x0c\xbf\xfd\xdee\xa7as\xa8\x11\xf6S\xbb\x0cI\x83\xe9\x97z;)\xcf\x89\xfd\xa3\x1d45\xe5\xceZW%\x99\xd3\x82\x1c\x96rH.fT\x95-\xdb\n\xbb\x96R\x10\xb0\x1f9,-\xb1Uq\xf0\xe3\x97iS\xfa\x83\x1c\x92\xff\xa2w\xf1\x14\xa3\xe0\xc3ue\xb0\xaa)\xa8\x04\t\xfa\x0c\xd6\x06;F?\xcf!\xb6\xbe\x7f\x14\xf6A&gt;A\x9f\xe8\xcb\x8e\xc7\xe8\xbb\xf54\xbd\x97\xb62\x199P\xe7\xc9h22\xbe@\x17\xe0\xff=\xf9z\xf2=\xa0\xa9F\xc8\xc7\xc0o-\xe9\xb7J\x1b\x93o\x14\x92U\x9fz\xfa\x95~\x9a\x9e~\xab\xd2OY\x96\x86A2\xa3\xdf!\x86=\x97\xe15\x04\xbe\x1b&gt;\nY\xd3\x0fa3\xe7a\xf4J\x82\xb7h\x1f\xff$\xefz\x8a\x96~\x9a\x9e\xa2+ST\xfb\xc1j\xa4\xa8\x98\xe4\xcc\xee\xd1:^M\x92\xfa\t\x9e9\rq\xfbY\x96M\xf3\x04\xf5\xd1\xfc\xb0\xa7hO\xd1\x074\xd5\x08E\x85K\xc3\x99\xf1,\x8e\x83l\x881A\xcb\xf9\x01\x7f\xbf\x08\xb6\xf3\x1b\x1e{\x92\xde\x86\x17\xbc\xf4\xfee\xf9\xa7\xe9\xa9\xb925\xc1\xa6\xc1\xcdx\x1c\xfc%\x92oH\xdeg\x963\xa5\xe7q\xd8$\xffv\xcf\x93\xd0=%\xcb\xd6\xb7]JJgC\xc8c\xddd\xfa\xd2\xb7\x10\xf0\xf4i\x9f\x9e\x86\x1b\xa4\xa1IG\x80\xec8\x07y\x846\xd0{\x96#\xfc{\x9e\x059\x97\xbd\x07\xd9\x93\xf1\x01M5BFeB\x90c\xc79\xc8\x93\xf0\xca\xbf\xd3`\x15\xffD\x8bx\x85T\xfc\x18F\x8d{Z\xf6\xb4\xdc\x18-\x85\x0e\x81\x8d\xd5\x93i\xadW\xd9\xb4\xd6\xa3\xc9\xcb\x94&lt;%\x7f\xe8\t\xd9\x13\xf2\x01M5BHP!\x9c\xb1\xe3|\xe5\x13\x8c\xab}d\x9dZ\xca\x17H\xc9\xf4\x8d_\x97\x191\x87x\xa6\xa7f\xf9\xa7\xd9\x8fi%\xa0\xd0.\x81\xe0\xaa\xf2\xcb\xab\xf7z^\x89tTI-\xe3+*N+\x81\xb0\xf1\xff^L+\x11\x06(\xe3\xe0\xf7&lt;\x1e\xfb\xe7\xaf\xc9+r@\xde\x90\xa7\xeb[\x18UMA%8\xd0O+\xd9\\\xef L:\x9a5\xe9\x1d\x8e\x83\x0f}\x13\x1c\x96\x83=X\xf6\xd1\x12H\xa2\x85Q3\x90&lt;\x9f\xf3\x86\xf3\xe3\x90\x93l\x83\x1f\xb9\'\x00I\xe5(\xcb\xde\x0bR\x04\xe8i\xf6r\xfa\xdb0/\xf9&gt;\x1b^\xdb\xed\xb53\xbdC\xbd\xb2\xc9T\xe9\xe8\xaa\x15\x93\xf9\'\x17!\xb2\xf3&amp;\xf3u6\x17\xdaO\t\xd8e\xf8[\x02\x0bw~\x07\xb7\xf4\xbdLEX~CX.\xb3(\xe7\x00\x8f?\x84Um_\x83\xf9\x9c5\xa9=X\xeb7\xa1RP\x93\xbd9\xac\x08\xd6a\x00c\x94eIF\xc1\x94\x9e\xed\xf1\xaa\x82\xde\x90\x960\xa4&lt;\x9d\x03`!\x9a\x030\x9cd"\xfa6\xba\x8d\xe5\x8f\xc6P\x91\xbd\xc7\xb1\x08O\x9c\xbf|E\xbe\xecq\xeb\xdc\xb5\xe4\x8c\x1f\xca\xe0FC\x95,EvWV17\xf3`\xad\xf3\xef[x\xb3\xbc\xe2\x14\x8c\x7fqo\x89\xa2\xf5x&lt;~\xc7\xf5\x9c\x83\xe5\xfb\x1aL^\xb8l-FVBO\xe6k\xd2\x06\xd2\x1fM\x80\xbe@\x89\xa5P\xe7\xac\xe2\x03\xafTnA\xa1\xbaI9\xa9)\x80\xe1\x85\x8cQ\x15\xe6r\xeew1\xdd\x8f\xa4\x1c\x97@%\x86\x8d&amp;N\xca\xf9\x95^~\xdf\xa2g\xcd\xa6\xe2*\xea\xa5\x04\xf6\x1b\xcd\xc5Udu\x94\x82\xc4\xe6.\x84\xf3\xabT+Q\xaa\x01QV~\xe6G\x82\xcd\x03\xab\n\xdc\x06\xa8\x03S\x94z\xe1\x83\xd5k\x06*\xb0\xde\xb3_8\x0e\xa1J#\x15,7\xc3B\x01\xb5\xd9\xab\xde\xa5\xa4\\@\xde\x0e~@7\xe2\x0b\xa1\xe8\xdd\xc5\x16y\x1b\xa8l\xae\xd0\x14\xfe\x80\xa1\xeb\xf4\x15[\xe2\xec\xc4IZM\x12\x83\xa6q\x96\x86\x95\x88L\x05\x13\x0bx&lt;\xf3T\xdb\xf0\x8a#\x1asA\x955\xca\xe8I\xc2\xfc\x1byO\xfe\xce\xe2\xd5\x04\x7f|\x14\x0b\x84\x91\x7f\xe3\xdf\xef)\xc1\xf1,\xc5\xffN\xc3\xf6\x05\x17a\xaeTz\x9d\xdf]\xc9\xfb\xd3~\x01\xc9\xf7\x90\xa0HB\x104\xde\xf5\x85\x96\xf6\xac\x0b\x832\x18e)\xb5\'*\x05F\x8dW\xe9\xd82\xc8Lyo\xd0&gt;\x8c\x82J\x9e\xa0\x82\xd2] \x86AI^\xd1\x8f\xf0G\xcf\\y\x10\xe6E\xa6\xca\xbc!\xf7U\xd4\xd7Hl2\xafa\xed\x835\xb2\x8aZ\xc7\xa7\xae\xd8\xc9\x1e\xb4I\x9ft\x9d\xc3\xed\x16c+V\xcd&amp;\xae\xea\x006+\xfb\xd2\xca\xa6v\x1d5\xd4\xad\xe0s\xc5J\x12\xd4\xee\xcb\xd8\xbaq\x94\xa1\x0b$\xf2q\xd2\xe7\xe4\x19z\xf0~@\xdd\xef=z\xd8\xb8\x0f\xb324\x82j\x13F\x127\xdd\x92\xab=q\x9dO\xd7\xc4\x91\xd52\x9a\xceR\xe3\x986r\x86$\x9b\x1e@\xbf^v\xcd\xf2-\xe80H\x9d/\xc3Fs{M\x02\xdaiR\xa2Y\xa6B:+`\x8e\xe5\xf23\xa3?\x07oj\xe7\x89)\xb4\xa3\xda\x89yrt\x8b\x98\xcb3\'\xdb\xf5{\xae\xd3\x0f O\xcdV\xb8\xa1\x98o\x90\xbcg\xe0O\x00\xe5&lt;\x1c\x04\xd0\x8fFw\x177\x17\xe7\xc9\xfb\xfb\xe4\xe4\xe9\xd1\xc1/\xc9_?\xde\xdd\xdd\xd1\xdb\xb3/\xe7\x1f\xe8\xe8\xe6\xf2\xaf\x9f\xc6\xa4\xa8\x95\xa4\x1d\x94-\x0b\x8bt!\x8a\xa1@\xd4?[G\x9d\x01.\xab\xcc\xc4\xac\xe2V\xcd\xbf\xff\x82\xc7*\xe4\x0f\x81*`b^^\x7f\xa6\xe8V\xecA\x9e\xd7\x17\x92JPz2\xd7\x110\xf8{\xec#\xef\x86B\xbe\x18\xe6\x19\xd9k\x90\xeb\x1f=\xfd\x06l\nendstream\nendobj\n1 0 obj\n&lt;&lt; /Type /Pages /Kids [ 12 0 R ] /Count 1 &gt;&gt;\nendobj\n14 0 obj\n&lt;&lt; /Length 17059 /Filter /FlateDecode /Length1 27612 &gt;&gt; stream\nx\x9c\xed\xbcy|\x14E\xfa8\\\xd5\xd5\xddsd\xee3\x93\xc91\x93a\x12B\x08!\x99\x1c\x84+\x03$!\x07G\x08\x81\xcd `\x02\x01C\x149B@d\x91k\xc3\x11.9\x0c\x10\x01\x111bdq\xc0p\x88\x88 """\xb2\xa0\x88\xac\xcb**\xb2\xb2\xac\xba\x9e\x90t\xde\xa7\xbagr\xa0|\xfd~\xde?\xde\xcf\xfb\xfb|~\xe9T\xaa\xbb\xaa\xba\x8e\xe7~\xaa\x9e\x0e\xc2\x08!\x05Z\x88\x08\xd2M\x9c=\xcb\xa1\x1d\x1a\xba\x0bJ\xb6B\xda5y\xfaCS\x9f(;\xa8G\x08{\x11\x925UL*+\xffy\xf6\xe7\r\x08\xc9\x7f\x80\xfa^\x15P\xa0~OQ\x05\x1dt\x87\xe7.\x15Sg=\xf6uj\xdfO\xe1\xb9\x10!\xcd\xd6\xa9e\x8fM\xe7\x061J\x84\xac\xb7\xa0\xde1}\xe6\xa4\xe9\x83\x0e\xd5A\xff\xa1*\xe8S\xf5\xc8\xb4\x89e\x8d+6_G\xc8\x16\n\xfd\x97&lt;\xf4\xc8\xdc\xc9]\x98\x9dGhS\x84\n\x1e\xe1M\xc8\x8a\x86q\x07\xe1o5w\x90;\x87:\xfd\xb0\xb9\xc8\x84\xd6!\xd4J\xfb\xee\xf0W0\xd1\xbf\xf0\x96\xb1yc\xeb\xbf\x85\x9a\xd6\x7f\t/BI\xa8p\x14\xfd\xbf\xfa\x91K\xd9J\xb4\x08}\x8a6\xa3\xb5h\r\xda\x82\x96\xa3EX\x8bj\x11\xf2\x0e~`\x8c\xafdT\xf1\xc8\xa2\x11\x85\xc3\x87\r\x1dR\x90\x9f\x97;8\';k\xd0\xc0\x01\xde\xcc\xfe\xfd\xfa\xf6\xe9\x9d\xd1+=-5\xa9gb\x8f\x84\xee]cc\xdc]\\\xd1\xce\xa8P\x93^\xa7\xd5\xa8C\x94\n\xb9\x8c\xe7X\xc2`\xd4\xdd\xe1\xc7\xa5\xd9~\xe2v\xe8s\xca\\\xd9\xae\xb2\xdc\x84\xee\x8e\xec\xd0\x8a\xac\x84\xee\xd9\xae\x9cR\xbf\xa3\xcc\xe1\x87\x8c\x8dq\xe5\xe6\x8aE\xae2\xbf\xa3\xd4\xe1\x8f\x81\xac\xacCq\xa9\xdf\x0b-\'\xdf\xd3\xd2+\xb5\xf4\xb6\xb5\xc4:G_\xd4\x97\x0e\xe1r\xf8\xcfe\xb9\x1c\x87\xf1\x98\x11%p\xbf:\xcb\xe5s\xf8\xff-\xde\x0f\x15\xef\xd9\x18\xf1A\r\x0fN\'\xbc!\xce\x8a\xce\xd6\x91\xed\xcf\x99]Q\x9b]\ns\xc4\xfbB\x94\x83\\\x83&amp;)\x13\xba\xa3}\xca\x10\xb8\r\x81;\x7fW\xd7\xf4}\xb8k\x7f,\xde0]\xb3{\xefc\x90\\M\x87\x85\x95f\x97\x95\xfb\x0bG\x94dg\xd9\x9dN_B\xf7&lt;\xbf\xc6\x95%V\xa1Ab\x97~~\x90_&amp;v\xe9\x98B\xa7\x8eV:\xf6u?^\xbb\xea\xb0\x0eM(\x8dW\x95\xbb\xca\xcb\xc6\x96\xf8I\x19\xbc[K\xb2kk\x97\xf9\xf5\xf1\xfe8W\x96?\xee\xf1/Ba\xe5\x93\xfc\xdd]Y\xd9\xfex\xdakAQ\xdb8\x05\xedCb?\xe7\xd6\xb9\x1c\xb5?"X\x8e\xeb\xdf\xb7:\x97\x94\x05Jx\xb7\xeeGDo\xfd\xcc ?.*q\xd2\x1f{\x0e\xc0\xba\xb66\xc7\xe5\xc8\xa9-\xad-;\xdc\xbap\x82\xcb\xa1s\xd5\xeeS\xa9j\xa7g\x03\xb8Qa\ttq\xb8\xf5\xc8J\xbb?g\x95\xcf\xaf+\xad\xc0\xbd}\x81\xa5\xe7\x14\x15\xf8\x8d#\x1e(\xf13\xee\x1cGE\x19\x94\xc0o\xa6\xcb\xd9\xcb\xee\xd4\xb7\xb5)\xbc_5\x02\xb0\x00p\x00\xc2N\'\x05\xc3\xca\xc3^4\x01\x1e\xfc\x0bG\x94H\xcf\x0e4\xc1\xbe\x1fy\x13\xe3}~\xa6\x94\xd6\x1c\x0f\xd6\x98G\xd1\x9a\x85\xc1\x9a\xb6\xd7K]\x80\xdb\x82\x91%\xb5~\xd6\x9dW\xee\xca\x06\x88\xaf,\xf3/\x9c\x00\xd4UI\x11\xe3\xd2\xf95?\xd9\x9d\xaeZ\x83\xde\x91\x91\xe8\x13\xdb:`Vy\xe5S\x1c~.\x06\x80\x04ou|\x01\xe8\x86\xbeR\xab\x13\x1f4?I\xd9\xbf\xed0@\x8c\xde\xe0\xc8pA7\xb4\x9flWvi\xe0wvE(t\xe0\x00@\xe7\xc6K\x84P\\\xe2\xf7f\xc1\x8d\xb7,\x80\xb1\xec}=\x13\xe1\x8d\xb2R@\xd8\x94,\x11\x99\xfeD\xd7t\xbf\xc95\xb0\r\xbbtZ\xd9SF\x96\x88\xaf\x04^\xf3\x9b\x06\xf9Q\xe9\xc4\xc0[\xfe\xc4l\x91\xaf\x1c\xd9\xb5\xa5Y\xd2\x14h_\xae\x11%\xaf"O\xeb?\xf7\xa58\xec\xafxP\n\xf2e\xd1\xc6\x96A@e1\xd9\xb5%\xe5\x93\xfdQ\xa5\xf6r\xe0\xbb\xc9\x8e\x12\xbb\xd3\xef\xf5\x01\x86}\xae\x92I&gt;Jv\x00\xa1\xb8\x7f\xdaE\xe2\xf0\x89\xb4R\\R0\xd2U0bLI\xaf\xc0D\xa4\n\xda\x1d\xeb\xce\xbe\xa7\x1bW\x89]\xea\x06\x08\xd0/w\xcb\x1d%\x8c\x9d\xf8\xa0\xa1\x0e\n\x1c9p\xe3\x1a\xd8\x17\xfe\xfaen9$\x1d\x00\\,\xa5\x84;\xb0\xaf\xa3\x04\xdbQ\xb05L\xc3\x1f\xe7\xc8\x9e\x94\x15hG\x9f;u\xcaQr\x1a\x94\x1b\xec\x8d\xa7\x8f\xd0\xcf\xa0\\\xbb\xd3\xe7\x94~\x12\xba3P\xed\x08\x0c\x0co\xc8)Ps\x83U \xa6\xa0B\x0e\xf49(W,\xa2\xb0\x0c\xa5D\xef(qMr\xf9\\\x15\x0e\xbf\xb7\xb0\x84\xae\x8d\x82G\x84r\x00\x18"\xcc\x03\xb8*\xee\xf4\xd4\x01X\x00&amp;\xe4\x84\xea\xe0\x03\x05\xa6?\'\xde\xde\x11\xb8\xfe\xc1\xe2s\xdbc\xee=\xd5y\xc1jG\xad\xdcU0\xb2\x96v\xee\nt\x88`\xe6y~DI\xd8\xdbKo\x17e\x01eh\x17\xc8^\x87\x0eXZd\xe8\xda}^/e\xe6\x8a\xde\xb4\x13W^y\xadkdI_\xb15\xc8\x93\xf9\xf6\xc7\xe9X\x06T\x80\x0b\x8a\x07&amp;t\x07\xd16p\x9f\x0b/\x1f\xb1\xcf\x8b\x97\x8f\x1cS\xf2\xaa\x0e\x14\xd9\xf2\xe2\x92\xfd\x0cf\x06\x95\x0e\xf4\xed\xeb\x02u%\xaf:@i\x88\xa5\x0c-\xa5\x85\xf4\xc1A\x1fhOE\xf0 \x17\xdb\xdb_\x05\xad\xbbP\xace\xc5\x02\xf1y\xe2a\x8c\xc42y\xb0\x0c\xa3\x89\x87\x19\xa9L\'\r\x14#\x0e\xe4E\x0c\xd4\xb0R\x8d7\xd8\x9a\x852\xb9T\xb6P,\x13\x7f\xf6!\n2\xaf\x92\xf3\xca\xbd\n\xaf\x8aQ3\xf6}\x98\x16\xed\x87\x92#`#(0zE\x85\xd5\xd8\xbe\x0f\xde*\x12\x8b\x0f\xe3\x85\xfb\x14^\xbb\xd4b!\xb4\xf0J3\\&gt;\xaa}\xe8QcJ^Q!x\x8d\xfe\xbd\\=\xf2\xc4@\xfa\x03\xe4\x12Z\x01\xc8\x06\xb5\x92\xed(\xa7\x84\xf2g_Em\xa9\x8f2\x1b\xb2\x00j\xe0\x17\xfb\xb1\xab?\xa0\xc9\xd5\x1f&amp;\xc2\xab\xfcJ\xd7\xa4\x81\xfe\x10\xd7@Z\x9eI\xcb3\xa5r\x9e\x96\xcb\x80D\xb1\x05\xc3\xeb\x0b\x01\xf7\x85~L)\xe0\x81\x12\'\xb0\xa4#\xec\x8c\xbdV\xf7o\x8a)\x1f\x08\x95Z\xdd\x97\t\x88\xda&lt;\xd8VO\xd5\xfa\x83\xda\xbe?"\x85\xa4\xe3\xcf\xa4&amp;\xad\x14\xf3\xaf\x87\x0c\xb9[\xdf\xf2\xa1b\xa7|\x82h\x1d1\x01S\x00\xde\x93\xafn\xd9\rE{\xee\xd6\x0b\xf3\x14;\xc5\x9e:\xfc\x90\xe7\xd8s\xe8\x84h\x9d\x98\x10bhr\xa1\xcd$\x15\xd5p\xf1\xc8\xc3n@K\xf8:T\xc1]F3\xf0)T\xc3\x8cGE\x90\xfa\xb1\x95h4\xd4U\xe0\x9fP&amp;\xb3\x01\x153N\xb4\x99\xf9\x16\x99\xa0l2\xa4\xa3\x90\xca!\x8d\x87\x14\x0f\xa9\x06Ru\xe0\xb9\x02R\xa5\xd8\xde\x892\x03\xcfshN\xa6!\xbb,\t\xcd\xe5\x80\x08\xb9Dt\x86S\xa1\xf9\xdc\x87\xe8\x0c[\x05\xc9\t\xcf\x17\xe1\xf9\x06:\xc34\xc2x\xae\xd6R\xf6&amp;\x94\xc7\xa23\xb2\x0ct\x86\x97C\xea\x83\xe6\xb3\x17\x02\xf9\xf7PW\x8e*\xd9\xa9\xc8\x00\xef\x1daO\x82\xb
[...]
<doc>Takes a screenshot of the current window or element and saves it to disk.</doc>
<msg timestamp="20240901 17:57:14.743" level="TRACE">Arguments: [ 'product-data' ]</msg>
<msg timestamp="20240901 17:57:14.806" level="DEBUG">Screenshot successfully captured to: C:\Users\Jacqueline\Documents\projects\RobotFramework\example-vehicle-insurance\Output\browser\screenshot\product-data.png</msg>
<msg timestamp="20240901 17:57:14.806" level="INFO" html="true">&lt;/td&gt;&lt;/tr&gt;&lt;tr&gt;&lt;td colspan="3"&gt;&lt;a href="browser/screenshot/product-data.png" target="_blank"&gt;&lt;img src="browser/screenshot/product-data.png" width="800px"/&gt;&lt;/a&gt;</msg>
<msg timestamp="20240901 17:57:14.807" level="TRACE">Return: 'C:\\Users\\Jacqueline\\Documents\\projects\\RobotFramework\\example-vehicle-insurance\\Output\\browser\\screenshot\\product-data.png'</msg>
<status status="PASS" starttime="20240901 17:57:14.742" endtime="20240901 17:57:14.807"/>
</kw>
<kw name="Click" library="Browser">
<arg>section[style="display: block;"] &gt;&gt; text=Next »</arg>
<tag>PageContent</tag>
<tag>Setter</tag>
<doc>Simulates mouse click on the element found by ``selector``.</doc>
<msg timestamp="20240901 17:57:14.807" level="TRACE">Arguments: [ 'section[style="display: block;"] &gt;&gt; text=Next »' ]</msg>
<msg timestamp="20240901 17:57:14.807" level="INFO">Clicks the element 'section[style="display: block;"] &gt;&gt; text=Next »'.</msg>
<msg timestamp="20240901 17:57:14.807" level="DEBUG">Click options are: {"button": "left", "clickCount": 1, "force": false, "noWaitAfter": false, "trial": false}</msg>
<msg timestamp="20240901 17:57:14.851" level="DEBUG">Clicked element: 'section[style="display: block;"] &gt;&gt; text=Next »' with options: '{"button": "left", "clickCount": 1, "force": false, "noWaitAfter": false, "trial": false}' successfully.</msg>
<msg timestamp="20240901 17:57:14.851" level="TRACE">Return: None</msg>
<status status="PASS" starttime="20240901 17:57:14.807" endtime="20240901 17:57:14.851"/>
</kw>
<msg timestamp="20240901 17:57:14.851" level="TRACE">Return: None</msg>
<status status="PASS" starttime="20240901 17:57:14.619" endtime="20240901 17:57:14.851"/>
</kw>
<kw name="Enter Price Option">
<msg timestamp="20240901 17:57:14.852" level="TRACE">Arguments: [ ${price_option}='Silver' ]</msg>
<kw name="Wait For Load State" library="Browser">
<tag>PageContent</tag>
<tag>Wait</tag>
<doc>Waits that the page reaches the required load state.</doc>
<msg timestamp="20240901 17:57:14.852" level="TRACE">Arguments: [  ]</msg>
<msg timestamp="20240901 17:57:14.852" level="INFO">Waiting page load to state to receive load in 10000.0</msg>
<msg timestamp="20240901 17:57:14.854" level="INFO">Load state load got in 10000</msg>
<msg timestamp="20240901 17:57:14.854" level="TRACE">Return: None</msg>
<status status="PASS" starttime="20240901 17:57:14.852" endtime="20240901 17:57:14.854"/>
</kw>
<kw name="Click" library="Browser">
<arg>*css=label &gt;&gt; css=[value=${price_option}]</arg>
<tag>PageContent</tag>
<tag>Setter</tag>
<doc>Simulates mouse click on the element found by ``selector``.</doc>
<msg timestamp="20240901 17:57:14.855" level="TRACE">Arguments: [ '*css=label &gt;&gt; css=[value=Silver]' ]</msg>
<msg timestamp="20240901 17:57:14.855" level="INFO">Clicks the element '*css=label &gt;&gt; css=[value=Silver]'.</msg>
<msg timestamp="20240901 17:57:14.855" level="DEBUG">Click options are: {"button": "left", "clickCount": 1, "force": false, "noWaitAfter": false, "trial": false}</msg>
<msg timestamp="20240901 17:57:14.888" level="DEBUG">Clicked element: '*css=label &gt;&gt; css=[value=Silver]' with options: '{"button": "left", "clickCount": 1, "force": false, "noWaitAfter": false, "trial": false}' successfully.</msg>
<msg timestamp="20240901 17:57:14.888" level="TRACE">Return: None</msg>
<status status="PASS" starttime="20240901 17:57:14.855" endtime="20240901 17:57:14.888"/>
</kw>
<kw name="Take Screenshot" library="Browser">
<arg>price-data</arg>
<tag>PageContent</tag>
<doc>Takes a screenshot of the current window or element and saves it to disk.</doc>
<msg timestamp="20240901 17:57:14.888" level="TRACE">Arguments: [ 'price-data' ]</msg>
<msg timestamp="20240901 17:57:14.976" level="DEBUG">Screenshot successfully captured to: C:\Users\Jacqueline\Documents\projects\RobotFramework\example-vehicle-insurance\Output\browser\screenshot\price-data.png</msg>
<msg timestamp="20240901 17:57:14.976" level="INFO" html="true">&lt;/td&gt;&lt;/tr&gt;&lt;tr&gt;&lt;td colspan="3"&gt;&lt;a href="browser/screenshot/price-data.png" target="_blank"&gt;&lt;img src="browser/screenshot/price-data.png" width="800px"/&gt;&lt;/a&gt;</msg>
<msg timestamp="20240901 17:57:14.977" level="TRACE">Return: 'C:\\Users\\Jacqueline\\Documents\\projects\\RobotFramework\\example-vehicle-insurance\\Output\\browser\\screenshot\\price-data.png'</msg>
<status status="PASS" starttime="20240901 17:57:14.888" endtime="20240901 17:57:14.977"/>
</kw>
<kw name="Click" library="Browser">
<arg>section[style="display: block;"] &gt;&gt; text=Next »</arg>
<tag>PageContent</tag>
<tag>Setter</tag>
<doc>Simulates mouse click on the element found by ``selector``.</doc>
<msg timestamp="20240901 17:57:14.977" level="TRACE">Arguments: [ 'section[style="display: block;"] &gt;&gt; text=Next »' ]</msg>
<msg timestamp="20240901 17:57:14.977" level="INFO">Clicks the element 'section[style="display: block;"] &gt;&gt; text=Next »'.</msg>
<msg timestamp="20240901 17:57:14.977" level="DEBUG">Click options are: {"button": "left", "clickCount": 1, "force": false, "noWaitAfter": false, "trial": false}</msg>
<msg timestamp="20240901 17:57:15.060" level="DEBUG">Clicked element: 'section[style="display: block;"] &gt;&gt; text=Next »' with options: '{"button": "left", "clickCount": 1, "force": false, "noWaitAfter": false, "trial": false}' successfully.</msg>
<msg timestamp="20240901 17:57:15.060" level="TRACE">Return: None</msg>
<status status="PASS" starttime="20240901 17:57:14.977" endtime="20240901 17:57:15.060"/>
</kw>
<msg timestamp="20240901 17:57:15.060" level="TRACE">Return: None</msg>
<status status="PASS" starttime="20240901 17:57:14.851" endtime="20240901 17:57:15.060"/>
</kw>
<kw name="Send Quote">
<msg timestamp="20240901 17:57:15.061" level="TRACE">Arguments: [ ${file_name}='Quote-file.pdf' ]</msg>
<kw name="Wait For Load State" library="Browser">
<tag>PageContent</tag>
<tag>Wait</tag>
<doc>Waits that the page reaches the required load state.</doc>
<msg timestamp="20240901 17:57:15.061" level="TRACE">Arguments: [  ]</msg>
<msg timestamp="20240901 17:57:15.061" level="INFO">Waiting page load to state to receive load in 10000.0</msg>
<msg timestamp="20240901 17:57:15.063" level="INFO">Load state load got in 10000</msg>
<msg timestamp="20240901 17:57:15.063" level="TRACE">Return: None</msg>
<status status="PASS" starttime="20240901 17:57:15.061" endtime="20240901 17:57:15.063"/>
</kw>
<kw name="Fill Text" library="Browser">
<arg>"E-Mail" &gt;&gt; .. &gt;&gt; input</arg>
<arg>max.mustermann@example.com</arg>
<tag>PageContent</tag>
<tag>Setter</tag>
<doc>Clears and fills the given ``txt`` into the text field found by ``selector``.</doc>
<msg timestamp="20240901 17:57:15.064" level="TRACE">Arguments: [ '"E-Mail" &gt;&gt; .. &gt;&gt; input' | 'max.mustermann@example.com' ]</msg>
<msg timestamp="20240901 17:57:15.064" level="INFO">Fills the text 'max.mustermann@example.com' in the given field.</msg>
<msg timestamp="20240901 17:57:15.077" level="DEBUG">Fill text max.mustermann@example.com on "E-Mail" &gt;&gt; .. &gt;&gt; input with force: false</msg>
<msg timestamp="20240901 17:57:15.077" level="TRACE">Return: None</msg>
<status status="PASS" starttime="20240901 17:57:15.063" endtime="20240901 17:57:15.077"/>
</kw>
<kw name="Fill Text" library="Browser">
<arg>"Phone" &gt;&gt; .. &gt;&gt; input</arg>
<arg>0049201123456</arg>
<tag>PageContent</tag>
<tag>Setter</tag>
<doc>Clears and fills the given ``txt`` into the text field found by ``selector``.</doc>
<msg timestamp="20240901 17:57:15.077" level="TRACE">Arguments: [ '"Phone" &gt;&gt; .. &gt;&gt; input' | '0049201123456' ]</msg>
<msg timestamp="20240901 17:57:15.077" level="INFO">Fills the text '0049201123456' in the given field.</msg>
<msg timestamp="20240901 17:57:15.097" level="DEBUG">Fill text 0049201123456 on "Phone" &gt;&gt; .. &gt;&gt; input with force: false</msg>
<msg timestamp="20240901 17:57:15.097" level="TRACE">Return: None</msg>
<status status="PASS" starttime="20240901 17:57:15.077" endtime="20240901 17:57:15.097"/>
</kw>
<kw name="Fill Text" library="Browser">
<arg>"Username" &gt;&gt; .. &gt;&gt; input</arg>
<arg>max.mustermann</arg>
<tag>PageContent</tag>
<tag>Setter</tag>
<doc>Clears and fills the given ``txt`` into the text field found by ``selector``.</doc>
<msg timestamp="20240901 17:57:15.097" level="TRACE">Arguments: [ '"Username" &gt;&gt; .. &gt;&gt; input' | 'max.mustermann' ]</msg>
<msg timestamp="20240901 17:57:15.097" level="INFO">Fills the text 'max.mustermann' in the given field.</msg>
<msg timestamp="20240901 17:57:15.114" level="DEBUG">Fill text max.mustermann on "Username" &gt;&gt; .. &gt;&gt; input with force: false</msg>
<msg timestamp="20240901 17:57:15.114" level="TRACE">Return: None</msg>
<status status="PASS" starttime="20240901 17:57:15.097" endtime="20240901 17:57:15.114"/>
</kw>
<kw name="Fill Text" library="Browser">
<arg>"Password" &gt;&gt; .. &gt;&gt; input</arg>
<arg>SecretPassword123!</arg>
<tag>PageContent</tag>
<tag>Setter</tag>
<doc>Clears and fills the given ``txt`` into the text field found by ``selector``.</doc>
<msg timestamp="20240901 17:57:15.114" level="TRACE">Arguments: [ '"Password" &gt;&gt; .. &gt;&gt; input' | 'SecretPassword123!' ]</msg>
<msg timestamp="20240901 17:57:15.114" level="INFO">Fills the text 'SecretPassword123!' in the given field.</msg>
<msg timestamp="20240901 17:57:15.131" level="DEBUG">Fill text SecretPassword123! on "Password" &gt;&gt; .. &gt;&gt; input with force: false</msg>
<msg timestamp="20240901 17:57:15.131" level="TRACE">Return: None</msg>
<status status="PASS" starttime="20240901 17:57:15.114" endtime="20240901 17:57:15.131"/>
</kw>
<kw name="Fill Text" library="Browser">
<arg>"Confirm Password" &gt;&gt; .. &gt;&gt; input</arg>
<arg>SecretPassword123!</arg>
<tag>PageContent</tag>
<tag>Setter</tag>
<doc>Clears and fills the given ``txt`` into the text field found by ``selector``.</doc>
<msg timestamp="20240901 17:57:15.131" level="TRACE">Arguments: [ '"Confirm Password" &gt;&gt; .. &gt;&gt; input' | 'SecretPassword123!' ]</msg>
<msg timestamp="20240901 17:57:15.131" level="INFO">Fills the text 'SecretPassword123!' in the given field.</msg>
<msg timestamp="20240901 17:57:15.151" level="DEBUG">Fill text SecretPassword123! on "Confirm Password" &gt;&gt; .. &gt;&gt; input with force: false</msg>
<msg timestamp="20240901 17:57:15.151" level="TRACE">Return: None</msg>
<status status="PASS" starttime="20240901 17:57:15.131" endtime="20240901 17:57:15.151"/>
</kw>
<kw name="Fill Text" library="Browser">
<arg>"Comments" &gt;&gt; .. &gt;&gt; textarea</arg>
<arg>Some comments</arg>
<tag>PageContent</tag>
<tag>Setter</tag>
<doc>Clears and fills the given ``txt`` into the text field found by ``selector``.</doc>
<msg timestamp="20240901 17:57:15.151" level="TRACE">Arguments: [ '"Comments" &gt;&gt; .. &gt;&gt; textarea' | 'Some comments' ]</msg>
<msg timestamp="20240901 17:57:15.151" level="INFO">Fills the text 'Some comments' in the given field.</msg>
<msg timestamp="20240901 17:57:15.181" level="DEBUG">Fill text Some comments on "Comments" &gt;&gt; .. &gt;&gt; textarea with force: false</msg>
<msg timestamp="20240901 17:57:15.181" level="TRACE">Return: None</msg>
<status status="PASS" starttime="20240901 17:57:15.151" endtime="20240901 17:57:15.181"/>
</kw>
<kw name="Click" library="Browser">
<arg>"« Send »"</arg>
<tag>PageContent</tag>
<tag>Setter</tag>
<doc>Simulates mouse click on the element found by ``selector``.</doc>
<msg timestamp="20240901 17:57:15.181" level="TRACE">Arguments: [ '"« Send »"' ]</msg>
<msg timestamp="20240901 17:57:15.181" level="INFO">Clicks the element '"« Send »"'.</msg>
<msg timestamp="20240901 17:57:15.181" level="DEBUG">Click options are: {"button": "left", "clickCount": 1, "force": false, "noWaitAfter": false, "trial": false}</msg>
<msg timestamp="20240901 17:57:15.221" level="DEBUG">Clicked element: '"« Send »"' with options: '{"button": "left", "clickCount": 1, "force": false, "noWaitAfter": false, "trial": false}' successfully.</msg>
<msg timestamp="20240901 17:57:15.221" level="TRACE">Return: None</msg>
<status status="PASS" starttime="20240901 17:57:15.181" endtime="20240901 17:57:15.221"/>
</kw>
<kw name="Take Screenshot" library="Browser">
<arg>send-quote</arg>
<tag>PageContent</tag>
<doc>Takes a screenshot of the current window or element and saves it to disk.</doc>
<msg timestamp="20240901 17:57:15.221" level="TRACE">Arguments: [ 'send-quote' ]</msg>
<msg timestamp="20240901 17:57:15.293" level="DEBUG">Screenshot successfully captured to: C:\Users\Jacqueline\Documents\projects\RobotFramework\example-vehicle-insurance\Output\browser\screenshot\send-quote.png</msg>
<msg timestamp="20240901 17:57:15.294" level="INFO" html="true">&lt;/td&gt;&lt;/tr&gt;&lt;tr&gt;&lt;td colspan="3"&gt;&lt;a href="browser/screenshot/send-quote.png" target="_blank"&gt;&lt;img src="browser/screenshot/send-quote.png" width="800px"/&gt;&lt;/a&gt;</msg>
<msg timestamp="20240901 17:57:15.294" level="TRACE">Return: 'C:\\Users\\Jacqueline\\Documents\\projects\\RobotFramework\\example-vehicle-insurance\\Output\\browser\\screenshot\\send-quote.png'</msg>
<status status="PASS" starttime="20240901 17:57:15.221" endtime="20240901 17:57:15.294"/>
</kw>
<kw name="Wait For Elements State" library="Browser">
<arg>"Sending e-mail success!"</arg>
<arg>timeout=50s</arg>
<tag>PageContent</tag>
<tag>Wait</tag>
<doc>Waits for the element found by ``selector`` to satisfy state option.</doc>
<msg timestamp="20240901 17:57:15.294" level="TRACE">Arguments: [ '"Sending e-mail success!"' | timeout=datetime.timedelta(seconds=50) ]</msg>
<msg timestamp="20240901 17:57:23.890" level="INFO">Waited for Element with selector "Sending e-mail success!" at state visible</msg>
<msg timestamp="20240901 17:57:23.890" level="TRACE">Return: None</msg>
<status status="PASS" starttime="20240901 17:57:15.294" endtime="20240901 17:57:23.890"/>
</kw>
<kw name="Click" library="Browser">
<arg>"OK"</arg>
<tag>PageContent</tag>
<tag>Setter</tag>
<doc>Simulates mouse click on the element found by ``selector``.</doc>
<msg timestamp="20240901 17:57:23.891" level="TRACE">Arguments: [ '"OK"' ]</msg>
<msg timestamp="20240901 17:57:23.891" level="INFO">Clicks the element '"OK"'.</msg>
<msg timestamp="20240901 17:57:23.891" level="DEBUG">Click options are: {"button": "left", "clickCount": 1, "force": false, "noWaitAfter": false, "trial": false}</msg>
<msg timestamp="20240901 17:57:24.218" level="DEBUG">Clicked element: '"OK"' with options: '{"button": "left", "clickCount": 1, "force": false, "noWaitAfter": false, "trial": false}' successfully.</msg>
<msg timestamp="20240901 17:57:24.218" level="TRACE">Return: None</msg>
<status status="PASS" starttime="20240901 17:57:23.890" endtime="20240901 17:57:24.218"/>
</kw>
<msg timestamp="20240901 17:57:24.218" level="TRACE">Return: None</msg>
<status status="PASS" starttime="20240901 17:57:15.061" endtime="20240901 17:57:24.218"/>
</kw>
<kw name="End Test">
<msg timestamp="20240901 17:57:24.219" level="TRACE">Arguments: [  ]</msg>
<kw name="Close Context" library="Browser">
<tag>BrowserControl</tag>
<tag>Setter</tag>
<doc>Closes a Context.</doc>
<msg timestamp="20240901 17:57:24.219" level="TRACE">Arguments: [  ]</msg>
<msg timestamp="20240901 17:57:24.223" level="DEBUG">[
  {
    "type": "chromium",
    "id": "browser=ec1d8abf-9d6a-4890-a901-dd2a83524105",
    "contexts": [
      {
        "type": "context",
        "id": "context=972fa855-c176-41e2-a30a-a271d88a8d27",
        "activePage": "page=de4a1d26-6b94-4c42-bc9e-1c33a8630f28",
        "pages": [
          {
            "type": "page",
            "title": "Send Quote",
            "url": "https://sampleapp.tricentis.com/101/app.php",
            "id": "page=de4a1d26-6b94-4c42-bc9e-1c33a8630f28",
            "timestamp": 1725235029.587
          }
        ]
      }
    ],
    "activeContext": "context=972fa855-c176-41e2-a30a-a271d88a8d27",
    "activeBrowser": true
  }
]</msg>
<msg timestamp="20240901 17:57:24.223" level="INFO">Switching browser to CURRENT</msg>
<msg timestamp="20240901 17:57:24.226" level="INFO">Returned active browser id. CURRENT</msg>
<msg timestamp="20240901 17:57:24.226" level="INFO">Switching browser to browser=ec1d8abf-9d6a-4890-a901-dd2a83524105</msg>
<msg timestamp="20240901 17:57:24.228" level="INFO">Successfully changed active browser: browser=ec1d8abf-9d6a-4890-a901-dd2a83524105</msg>
<msg timestamp="20240901 17:57:24.228" level="INFO">Switching context to CURRENT in CURRENT</msg>
<msg timestamp="20240901 17:57:24.231" level="INFO">Returned active context id: CURRENT</msg>
<msg timestamp="20240901 17:57:24.232" level="INFO">Switching context to context=972fa855-c176-41e2-a30a-a271d88a8d27 in CURRENT</msg>
<msg timestamp="20240901 17:57:24.238" level="DEBUG">[
  {
    "type": "chromium",
    "id": "browser=ec1d8abf-9d6a-4890-a901-dd2a83524105",
    "contexts": [
      {
        "type": "context",
        "id": "context=972fa855-c176-41e2-a30a-a271d88a8d27",
        "activePage": "page=de4a1d26-6b94-4c42-bc9e-1c33a8630f28",
        "pages": [
          {
            "type": "page",
            "title": "Send Quote",
            "url": "https://sampleapp.tricentis.com/101/app.php",
            "id": "page=de4a1d26-6b94-4c42-bc9e-1c33a8630f28",
            "timestamp": 1725235029.587
          }
        ]
      }
    ],
    "activeContext": "context=972fa855-c176-41e2-a30a-a271d88a8d27",
    "activeBrowser": true
  }
]</msg>
<msg timestamp="20240901 17:57:24.240" level="INFO">Successfully changed active context: context=972fa855-c176-41e2-a30a-a271d88a8d27</msg>
<msg timestamp="20240901 17:57:24.263" level="INFO">Successfully closed Context</msg>
<msg timestamp="20240901 17:57:24.263" level="TRACE">Return: None</msg>
<status status="PASS" starttime="20240901 17:57:24.219" endtime="20240901 17:57:24.263"/>
</kw>
<kw name="Close Browser" library="Browser">
<tag>BrowserControl</tag>
<tag>Setter</tag>
<doc>Closes the current browser.</doc>
<msg timestamp="20240901 17:57:24.263" level="TRACE">Arguments: [  ]</msg>
<msg timestamp="20240901 17:57:24.387" level="INFO">Closed browser</msg>
<msg timestamp="20240901 17:57:24.387" level="TRACE">Return: None</msg>
<status status="PASS" starttime="20240901 17:57:24.263" endtime="20240901 17:57:24.387"/>
</kw>
<msg timestamp="20240901 17:57:24.387" level="TRACE">Return: None</msg>
<status status="PASS" starttime="20240901 17:57:24.219" endtime="20240901 17:57:24.387"/>
</kw>
<status status="PASS" starttime="20240901 17:57:09.289" endtime="20240901 17:57:24.387"/>
</test>
<status status="PASS" starttime="20240901 17:57:08.520" endtime="20240901 17:57:24.403"/>
</suite>
<status status="PASS" starttime="20240901 17:57:06.875" endtime="20240901 17:57:24.434"/>
</suite>
<statistics>
<total>
<stat pass="2" fail="0" skip="0">All Tests</stat>
</total>
<tag>
</tag>
<suite>
<stat pass="2" fail="0" skip="0" id="s1" name="Tests">Tests</stat>
<stat pass="1" fail="0" skip="0" id="s1-s1" name="Downloadfile">Tests.Downloadfile</stat>
<stat pass="1" fail="0" skip="0" id="s1-s2" name="Insurance">Tests.Insurance</stat>
</suite>
</statistics>
<errors>
</errors>
</robot>
